

================================================================
== Vitis HLS Report for 'attention_kernel'
================================================================
* Date:           Sat Aug 16 10:36:27 2025

* Version:        2022.1 (Build 3526262 on Mon Apr 18 15:47:01 MDT 2022)
* Project:        attention_kernel_new
* Solution:       solution1 (Vivado IP Flow Target)
* Product family: virtexuplus
* Target device:  xcu50-fsvh2104-2-e


================================================================
== Performance Estimates
================================================================
+ Timing: 
    * Summary: 
    +--------+----------+----------+------------+
    |  Clock |  Target  | Estimated| Uncertainty|
    +--------+----------+----------+------------+
    |ap_clk  |  10.00 ns|  7.300 ns|     2.70 ns|
    +--------+----------+----------+------------+

+ Latency: 
    * Summary: 
    +---------+---------+----------+----------+--------+--------+---------+
    |  Latency (cycles) |  Latency (absolute) |     Interval    | Pipeline|
    |   min   |   max   |    min   |    max   |   min  |   max  |   Type  |
    +---------+---------+----------+----------+--------+--------+---------+
    |   260563|   260563|  2.606 ms|  2.606 ms|  260564|  260564|       no|
    +---------+---------+----------+----------+--------+--------+---------+

    + Detail: 
        * Instance: 
        +------------------------------------------------------------------+-------------------------------------------------------+---------+---------+----------+----------+-------+-------+---------+
        |                                                                  |                                                       |  Latency (cycles) |  Latency (absolute) |    Interval   | Pipeline|
        |                             Instance                             |                         Module                        |   min   |   max   |    min   |    max   |  min  |  max  |   Type  |
        +------------------------------------------------------------------+-------------------------------------------------------+---------+---------+----------+----------+-------+-------+---------+
        |grp_attention_kernel_Pipeline_readQ_fu_350                        |attention_kernel_Pipeline_readQ                        |    12617|    12617|  0.126 ms|  0.126 ms|  12617|  12617|       no|
        |grp_attention_kernel_Pipeline_readK_fu_486                        |attention_kernel_Pipeline_readK                        |    12618|    12618|  0.126 ms|  0.126 ms|  12618|  12618|       no|
        |grp_attention_kernel_Pipeline_init_scores_VITIS_LOOP_69_1_fu_526  |attention_kernel_Pipeline_init_scores_VITIS_LOOP_69_1  |    38813|    38813|  0.388 ms|  0.388 ms|  38813|  38813|       no|
        |grp_mmult_fu_562                                                  |mmult                                                  |    50532|    50532|  0.505 ms|  0.505 ms|  50532|  50532|       no|
        |grp_attention_kernel_Pipeline_scailing_VITIS_LOOP_80_2_fu_758     |attention_kernel_Pipeline_scailing_VITIS_LOOP_80_2     |    38815|    38815|  0.388 ms|  0.388 ms|  38815|  38815|       no|
        |grp_attention_kernel_Pipeline_5_fu_794                            |attention_kernel_Pipeline_5                            |       10|       10|  0.100 us|  0.100 us|     10|     10|       no|
        |grp_attention_kernel_Pipeline_VITIS_LOOP_90_3_fu_799              |attention_kernel_Pipeline_VITIS_LOOP_90_3              |      214|      214|  2.140 us|  2.140 us|    214|    214|       no|
        |grp_attention_kernel_Pipeline_VITIS_LOOP_94_4_fu_837              |attention_kernel_Pipeline_VITIS_LOOP_94_4              |       37|       37|  0.370 us|  0.370 us|     37|     37|       no|
        |grp_attention_kernel_Pipeline_VITIS_LOOP_98_5_fu_843              |attention_kernel_Pipeline_VITIS_LOOP_98_5              |      206|      206|  2.060 us|  2.060 us|    206|    206|       no|
        |grp_attention_kernel_Pipeline_writeAttention_fu_884               |attention_kernel_Pipeline_writeAttention               |    38819|    38819|  0.388 ms|  0.388 ms|  38819|  38819|       no|
        +------------------------------------------------------------------+-------------------------------------------------------+---------+---------+----------+----------+-------+-------+---------+

        * Loop: 
        +-----------+---------+---------+----------+-----------+-----------+------+----------+
        |           |  Latency (cycles) | Iteration|  Initiation Interval  | Trip |          |
        | Loop Name |   min   |   max   |  Latency |  achieved |   target  | Count| Pipelined|
        +-----------+---------+---------+----------+-----------+-----------+------+----------+
        |- softmax  |    93575|    93575|       475|          -|          -|   197|        no|
        +-----------+---------+---------+----------+-----------+-----------+------+----------+



================================================================
== Utilization Estimates
================================================================
* Summary: 
+---------------------+---------+------+---------+--------+-----+
|         Name        | BRAM_18K|  DSP |    FF   |   LUT  | URAM|
+---------------------+---------+------+---------+--------+-----+
|DSP                  |        -|     -|        -|       -|    -|
|Expression           |        -|     -|        0|      70|    -|
|FIFO                 |        -|     -|        -|       -|    -|
|Instance             |        0|   645|   256146|  109299|    0|
|Memory               |      112|     -|       32|      33|   16|
|Multiplexer          |        -|     -|        -|    4914|    -|
|Register             |        -|     -|      469|       -|    -|
+---------------------+---------+------+---------+--------+-----+
|Total                |      112|   645|   256647|  114316|   16|
+---------------------+---------+------+---------+--------+-----+
|Available SLR        |     1344|  2976|   871680|  435840|  320|
+---------------------+---------+------+---------+--------+-----+
|Utilization SLR (%)  |        8|    21|       29|      26|    5|
+---------------------+---------+------+---------+--------+-----+
|Available            |     2688|  5952|  1743360|  871680|  640|
+---------------------+---------+------+---------+--------+-----+
|Utilization (%)      |        4|    10|       14|      13|    2|
+---------------------+---------+------+---------+--------+-----+

+ Detail: 
    * Instance: 
    +------------------------------------------------------------------+-------------------------------------------------------+---------+-----+--------+--------+-----+
    |                             Instance                             |                         Module                        | BRAM_18K| DSP |   FF   |   LUT  | URAM|
    +------------------------------------------------------------------+-------------------------------------------------------+---------+-----+--------+--------+-----+
    |grp_attention_kernel_Pipeline_5_fu_794                            |attention_kernel_Pipeline_5                            |        0|    0|       6|      48|    0|
    |grp_attention_kernel_Pipeline_VITIS_LOOP_90_3_fu_799              |attention_kernel_Pipeline_VITIS_LOOP_90_3              |        0|    0|     723|     340|    0|
    |grp_attention_kernel_Pipeline_VITIS_LOOP_94_4_fu_837              |attention_kernel_Pipeline_VITIS_LOOP_94_4              |        0|    0|     171|     172|    0|
    |grp_attention_kernel_Pipeline_VITIS_LOOP_98_5_fu_843              |attention_kernel_Pipeline_VITIS_LOOP_98_5              |        0|    0|     161|     203|    0|
    |grp_attention_kernel_Pipeline_init_scores_VITIS_LOOP_69_1_fu_526  |attention_kernel_Pipeline_init_scores_VITIS_LOOP_69_1  |        0|    1|     115|     199|    0|
    |grp_attention_kernel_Pipeline_readK_fu_486                        |attention_kernel_Pipeline_readK                        |        0|    1|     211|     350|    0|
    |grp_attention_kernel_Pipeline_readQ_fu_350                        |attention_kernel_Pipeline_readQ                        |        0|    0|     122|     318|    0|
    |grp_attention_kernel_Pipeline_scailing_VITIS_LOOP_80_2_fu_758     |attention_kernel_Pipeline_scailing_VITIS_LOOP_80_2     |        0|    1|     503|     264|    0|
    |grp_attention_kernel_Pipeline_writeAttention_fu_884               |attention_kernel_Pipeline_writeAttention               |        0|    1|     157|     319|    0|
    |control_s_axi_U                                                   |control_s_axi                                          |        0|    0|     246|     424|    0|
    |fadd_32ns_32ns_32_3_full_dsp_1_U8123                              |fadd_32ns_32ns_32_3_full_dsp_1                         |        0|    2|     177|     226|    0|
    |fadd_32ns_32ns_32_3_full_dsp_1_U8124                              |fadd_32ns_32ns_32_3_full_dsp_1                         |        0|    2|     177|     226|    0|
    |fadd_32ns_32ns_32_3_full_dsp_1_U8125                              |fadd_32ns_32ns_32_3_full_dsp_1                         |        0|    2|     177|     226|    0|
    |fadd_32ns_32ns_32_3_full_dsp_1_U8126                              |fadd_32ns_32ns_32_3_full_dsp_1                         |        0|    2|     177|     226|    0|
    |fdiv_32ns_32ns_32_6_no_dsp_1_U8130                                |fdiv_32ns_32ns_32_6_no_dsp_1                           |        0|    0|       0|       0|    0|
    |fmul_32ns_32ns_32_2_max_dsp_1_U8127                               |fmul_32ns_32ns_32_2_max_dsp_1                          |        0|    3|     128|      77|    0|
    |fmul_32ns_32ns_32_2_max_dsp_1_U8128                               |fmul_32ns_32ns_32_2_max_dsp_1                          |        0|    3|     128|      77|    0|
    |fmul_32ns_32ns_32_2_max_dsp_1_U8129                               |fmul_32ns_32ns_32_2_max_dsp_1                          |        0|    3|     128|      77|    0|
    |gmem0_m_axi_U                                                     |gmem0_m_axi                                            |        0|    0|     764|    1118|    0|
    |gmem1_m_axi_U                                                     |gmem1_m_axi                                            |        0|    0|     764|    1118|    0|
    |gmem2_m_axi_U                                                     |gmem2_m_axi                                            |        0|    0|     764|    1118|    0|
    |grp_mmult_fu_562                                                  |mmult                                                  |        0|  624|  250347|  102173|    0|
    +------------------------------------------------------------------+-------------------------------------------------------+---------+-----+--------+--------+-----+
    |Total                                                             |                                                       |        0|  645|  256146|  109299|    0|
    +------------------------------------------------------------------+-------------------------------------------------------+---------+-----+--------+--------+-----+

    * DSP: 
    N/A

    * Memory: 
    +-------------------------------------+------------------------------+---------+----+----+-----+-------+-----+------+-------------+
    |                Memory               |            Module            | BRAM_18K| FF | LUT| URAM| Words | Bits| Banks| W*Bits*Banks|
    +-------------------------------------+------------------------------+---------+----+----+-----+-------+-----+------+-------------+
    |localK_U                             |localK_RAM_2P_BRAM_2R1W       |        2|   0|   0|    0|    832|   32|     1|        26624|
    |localK_10_U                          |localK_RAM_2P_BRAM_2R1W       |        2|   0|   0|    0|    832|   32|     1|        26624|
    |localK_11_U                          |localK_RAM_2P_BRAM_2R1W       |        2|   0|   0|    0|    832|   32|     1|        26624|
    |localK_12_U                          |localK_RAM_2P_BRAM_2R1W       |        2|   0|   0|    0|    832|   32|     1|        26624|
    |localK_13_U                          |localK_RAM_2P_BRAM_2R1W       |        2|   0|   0|    0|    832|   32|     1|        26624|
    |localK_14_U                          |localK_RAM_2P_BRAM_2R1W       |        2|   0|   0|    0|    832|   32|     1|        26624|
    |localK_15_U                          |localK_RAM_2P_BRAM_2R1W       |        2|   0|   0|    0|    832|   32|     1|        26624|
    |localK_16_U                          |localK_RAM_2P_BRAM_2R1W       |        2|   0|   0|    0|    832|   32|     1|        26624|
    |localK_17_U                          |localK_RAM_2P_BRAM_2R1W       |        2|   0|   0|    0|    832|   32|     1|        26624|
    |localK_18_U                          |localK_RAM_2P_BRAM_2R1W       |        2|   0|   0|    0|    832|   32|     1|        26624|
    |p_ZZ16attention_kernelE6localK_10_U  |localK_RAM_2P_BRAM_2R1W       |        2|   0|   0|    0|    832|   32|     1|        26624|
    |p_ZZ16attention_kernelE6localK_11_U  |localK_RAM_2P_BRAM_2R1W       |        2|   0|   0|    0|    832|   32|     1|        26624|
    |p_ZZ16attention_kernelE6localK_12_U  |localK_RAM_2P_BRAM_2R1W       |        2|   0|   0|    0|    832|   32|     1|        26624|
    |p_ZZ16attention_kernelE6localK_13_U  |localK_RAM_2P_BRAM_2R1W       |        2|   0|   0|    0|    832|   32|     1|        26624|
    |p_ZZ16attention_kernelE6localK_14_U  |localK_RAM_2P_BRAM_2R1W       |        2|   0|   0|    0|    832|   32|     1|        26624|
    |p_ZZ16attention_kernelE6localK_15_U  |localK_RAM_2P_BRAM_2R1W       |        2|   0|   0|    0|    832|   32|     1|        26624|
    |localQ_U                             |localQ_RAM_2P_BRAM_2R1W       |        1|   0|   0|    0|    197|   32|     1|         6304|
    |localQ_1_U                           |localQ_RAM_2P_BRAM_2R1W       |        1|   0|   0|    0|    197|   32|     1|         6304|
    |localQ_2_U                           |localQ_RAM_2P_BRAM_2R1W       |        1|   0|   0|    0|    197|   32|     1|         6304|
    |localQ_3_U                           |localQ_RAM_2P_BRAM_2R1W       |        1|   0|   0|    0|    197|   32|     1|         6304|
    |localQ_4_U                           |localQ_RAM_2P_BRAM_2R1W       |        1|   0|   0|    0|    197|   32|     1|         6304|
    |localQ_5_U                           |localQ_RAM_2P_BRAM_2R1W       |        1|   0|   0|    0|    197|   32|     1|         6304|
    |localQ_6_U                           |localQ_RAM_2P_BRAM_2R1W       |        1|   0|   0|    0|    197|   32|     1|         6304|
    |localQ_7_U                           |localQ_RAM_2P_BRAM_2R1W       |        1|   0|   0|    0|    197|   32|     1|         6304|
    |localQ_8_U                           |localQ_RAM_2P_BRAM_2R1W       |        1|   0|   0|    0|    197|   32|     1|         6304|
    |localQ_9_U                           |localQ_RAM_2P_BRAM_2R1W       |        1|   0|   0|    0|    197|   32|     1|         6304|
    |p_ZZ16attention_kernelE6localQ_10_U  |localQ_RAM_2P_BRAM_2R1W       |        1|   0|   0|    0|    197|   32|     1|         6304|
    |p_ZZ16attention_kernelE6localQ_11_U  |localQ_RAM_2P_BRAM_2R1W       |        1|   0|   0|    0|    197|   32|     1|         6304|
    |p_ZZ16attention_kernelE6localQ_12_U  |localQ_RAM_2P_BRAM_2R1W       |        1|   0|   0|    0|    197|   32|     1|         6304|
    |p_ZZ16attention_kernelE6localQ_13_U  |localQ_RAM_2P_BRAM_2R1W       |        1|   0|   0|    0|    197|   32|     1|         6304|
    |p_ZZ16attention_kernelE6localQ_14_U  |localQ_RAM_2P_BRAM_2R1W       |        1|   0|   0|    0|    197|   32|     1|         6304|
    |p_ZZ16attention_kernelE6localQ_15_U  |localQ_RAM_2P_BRAM_2R1W       |        1|   0|   0|    0|    197|   32|     1|         6304|
    |p_ZZ16attention_kernelE6localQ_16_U  |localQ_RAM_2P_BRAM_2R1W       |        1|   0|   0|    0|    197|   32|     1|         6304|
    |p_ZZ16attention_kernelE6localQ_17_U  |localQ_RAM_2P_BRAM_2R1W       |        1|   0|   0|    0|    197|   32|     1|         6304|
    |p_ZZ16attention_kernelE6localQ_18_U  |localQ_RAM_2P_BRAM_2R1W       |        1|   0|   0|    0|    197|   32|     1|         6304|
    |p_ZZ16attention_kernelE6localQ_19_U  |localQ_RAM_2P_BRAM_2R1W       |        1|   0|   0|    0|    197|   32|     1|         6304|
    |p_ZZ16attention_kernelE6localQ_20_U  |localQ_RAM_2P_BRAM_2R1W       |        1|   0|   0|    0|    197|   32|     1|         6304|
    |p_ZZ16attention_kernelE6localQ_21_U  |localQ_RAM_2P_BRAM_2R1W       |        1|   0|   0|    0|    197|   32|     1|         6304|
    |p_ZZ16attention_kernelE6localQ_22_U  |localQ_RAM_2P_BRAM_2R1W       |        1|   0|   0|    0|    197|   32|     1|         6304|
    |p_ZZ16attention_kernelE6localQ_23_U  |localQ_RAM_2P_BRAM_2R1W       |        1|   0|   0|    0|    197|   32|     1|         6304|
    |p_ZZ16attention_kernelE6localQ_24_U  |localQ_RAM_2P_BRAM_2R1W       |        1|   0|   0|    0|    197|   32|     1|         6304|
    |p_ZZ16attention_kernelE6localQ_25_U  |localQ_RAM_2P_BRAM_2R1W       |        1|   0|   0|    0|    197|   32|     1|         6304|
    |p_ZZ16attention_kernelE6localQ_26_U  |localQ_RAM_2P_BRAM_2R1W       |        1|   0|   0|    0|    197|   32|     1|         6304|
    |p_ZZ16attention_kernelE6localQ_27_U  |localQ_RAM_2P_BRAM_2R1W       |        1|   0|   0|    0|    197|   32|     1|         6304|
    |p_ZZ16attention_kernelE6localQ_28_U  |localQ_RAM_2P_BRAM_2R1W       |        1|   0|   0|    0|    197|   32|     1|         6304|
    |p_ZZ16attention_kernelE6localQ_29_U  |localQ_RAM_2P_BRAM_2R1W       |        1|   0|   0|    0|    197|   32|     1|         6304|
    |p_ZZ16attention_kernelE6localQ_30_U  |localQ_RAM_2P_BRAM_2R1W       |        1|   0|   0|    0|    197|   32|     1|         6304|
    |p_ZZ16attention_kernelE6localQ_31_U  |localQ_RAM_2P_BRAM_2R1W       |        1|   0|   0|    0|    197|   32|     1|         6304|
    |p_ZZ16attention_kernelE6localQ_32_U  |localQ_RAM_2P_BRAM_2R1W       |        1|   0|   0|    0|    197|   32|     1|         6304|
    |p_ZZ16attention_kernelE6localQ_33_U  |localQ_RAM_2P_BRAM_2R1W       |        1|   0|   0|    0|    197|   32|     1|         6304|
    |p_ZZ16attention_kernelE6localQ_34_U  |localQ_RAM_2P_BRAM_2R1W       |        1|   0|   0|    0|    197|   32|     1|         6304|
    |p_ZZ16attention_kernelE6localQ_35_U  |localQ_RAM_2P_BRAM_2R1W       |        1|   0|   0|    0|    197|   32|     1|         6304|
    |p_ZZ16attention_kernelE6localQ_36_U  |localQ_RAM_2P_BRAM_2R1W       |        1|   0|   0|    0|    197|   32|     1|         6304|
    |p_ZZ16attention_kernelE6localQ_37_U  |localQ_RAM_2P_BRAM_2R1W       |        1|   0|   0|    0|    197|   32|     1|         6304|
    |p_ZZ16attention_kernelE6localQ_38_U  |localQ_RAM_2P_BRAM_2R1W       |        1|   0|   0|    0|    197|   32|     1|         6304|
    |p_ZZ16attention_kernelE6localQ_39_U  |localQ_RAM_2P_BRAM_2R1W       |        1|   0|   0|    0|    197|   32|     1|         6304|
    |p_ZZ16attention_kernelE6localQ_40_U  |localQ_RAM_2P_BRAM_2R1W       |        1|   0|   0|    0|    197|   32|     1|         6304|
    |p_ZZ16attention_kernelE6localQ_41_U  |localQ_RAM_2P_BRAM_2R1W       |        1|   0|   0|    0|    197|   32|     1|         6304|
    |p_ZZ16attention_kernelE6localQ_42_U  |localQ_RAM_2P_BRAM_2R1W       |        1|   0|   0|    0|    197|   32|     1|         6304|
    |p_ZZ16attention_kernelE6localQ_43_U  |localQ_RAM_2P_BRAM_2R1W       |        1|   0|   0|    0|    197|   32|     1|         6304|
    |p_ZZ16attention_kernelE6localQ_44_U  |localQ_RAM_2P_BRAM_2R1W       |        1|   0|   0|    0|    197|   32|     1|         6304|
    |p_ZZ16attention_kernelE6localQ_45_U  |localQ_RAM_2P_BRAM_2R1W       |        1|   0|   0|    0|    197|   32|     1|         6304|
    |p_ZZ16attention_kernelE6localQ_46_U  |localQ_RAM_2P_BRAM_2R1W       |        1|   0|   0|    0|    197|   32|     1|         6304|
    |p_ZZ16attention_kernelE6localQ_47_U  |localQ_RAM_2P_BRAM_2R1W       |        1|   0|   0|    0|    197|   32|     1|         6304|
    |p_ZZ16attention_kernelE6localQ_48_U  |localQ_RAM_2P_BRAM_2R1W       |        1|   0|   0|    0|    197|   32|     1|         6304|
    |p_ZZ16attention_kernelE6localQ_49_U  |localQ_RAM_2P_BRAM_2R1W       |        1|   0|   0|    0|    197|   32|     1|         6304|
    |p_ZZ16attention_kernelE6localQ_50_U  |localQ_RAM_2P_BRAM_2R1W       |        1|   0|   0|    0|    197|   32|     1|         6304|
    |p_ZZ16attention_kernelE6localQ_51_U  |localQ_RAM_2P_BRAM_2R1W       |        1|   0|   0|    0|    197|   32|     1|         6304|
    |p_ZZ16attention_kernelE6localQ_52_U  |localQ_RAM_2P_BRAM_2R1W       |        1|   0|   0|    0|    197|   32|     1|         6304|
    |p_ZZ16attention_kernelE6localQ_53_U  |localQ_RAM_2P_BRAM_2R1W       |        1|   0|   0|    0|    197|   32|     1|         6304|
    |p_ZZ16attention_kernelE6localQ_54_U  |localQ_RAM_2P_BRAM_2R1W       |        1|   0|   0|    0|    197|   32|     1|         6304|
    |p_ZZ16attention_kernelE6localQ_55_U  |localQ_RAM_2P_BRAM_2R1W       |        1|   0|   0|    0|    197|   32|     1|         6304|
    |p_ZZ16attention_kernelE6localQ_56_U  |localQ_RAM_2P_BRAM_2R1W       |        1|   0|   0|    0|    197|   32|     1|         6304|
    |p_ZZ16attention_kernelE6localQ_57_U  |localQ_RAM_2P_BRAM_2R1W       |        1|   0|   0|    0|    197|   32|     1|         6304|
    |p_ZZ16attention_kernelE6localQ_58_U  |localQ_RAM_2P_BRAM_2R1W       |        1|   0|   0|    0|    197|   32|     1|         6304|
    |p_ZZ16attention_kernelE6localQ_59_U  |localQ_RAM_2P_BRAM_2R1W       |        1|   0|   0|    0|    197|   32|     1|         6304|
    |p_ZZ16attention_kernelE6localQ_60_U  |localQ_RAM_2P_BRAM_2R1W       |        1|   0|   0|    0|    197|   32|     1|         6304|
    |p_ZZ16attention_kernelE6localQ_61_U  |localQ_RAM_2P_BRAM_2R1W       |        1|   0|   0|    0|    197|   32|     1|         6304|
    |p_ZZ16attention_kernelE6localQ_62_U  |localQ_RAM_2P_BRAM_2R1W       |        1|   0|   0|    0|    197|   32|     1|         6304|
    |p_ZZ16attention_kernelE6localQ_63_U  |localQ_RAM_2P_BRAM_2R1W       |        1|   0|   0|    0|    197|   32|     1|         6304|
    |scores_U                             |scores_RAM_AUTO_1R1W          |        0|   0|   0|    1|   2561|   32|     1|        81952|
    |scores_19_U                          |scores_RAM_AUTO_1R1W          |        0|   0|   0|    1|   2561|   32|     1|        81952|
    |scores_20_U                          |scores_RAM_AUTO_1R1W          |        0|   0|   0|    1|   2561|   32|     1|        81952|
    |scores_21_U                          |scores_RAM_AUTO_1R1W          |        0|   0|   0|    1|   2561|   32|     1|        81952|
    |scores_22_U                          |scores_RAM_AUTO_1R1W          |        0|   0|   0|    1|   2561|   32|     1|        81952|
    |scores_23_U                          |scores_RAM_AUTO_1R1W          |        0|   0|   0|    1|   2561|   32|     1|        81952|
    |scores_24_U                          |scores_RAM_AUTO_1R1W          |        0|   0|   0|    1|   2561|   32|     1|        81952|
    |scores_25_U                          |scores_RAM_AUTO_1R1W          |        0|   0|   0|    1|   2561|   32|     1|        81952|
    |scores_26_U                          |scores_RAM_AUTO_1R1W          |        0|   0|   0|    1|   2561|   32|     1|        81952|
    |scores_27_U                          |scores_RAM_AUTO_1R1W          |        0|   0|   0|    1|   2561|   32|     1|        81952|
    |p_ZZ16attention_kernelE6scores_10_U  |scores_RAM_AUTO_1R1W          |        0|   0|   0|    1|   2561|   32|     1|        81952|
    |p_ZZ16attention_kernelE6scores_11_U  |scores_RAM_AUTO_1R1W          |        0|   0|   0|    1|   2561|   32|     1|        81952|
    |p_ZZ16attention_kernelE6scores_12_U  |scores_RAM_AUTO_1R1W          |        0|   0|   0|    1|   2561|   32|     1|        81952|
    |p_ZZ16attention_kernelE6scores_13_U  |scores_RAM_AUTO_1R1W          |        0|   0|   0|    1|   2561|   32|     1|        81952|
    |p_ZZ16attention_kernelE6scores_14_U  |scores_RAM_AUTO_1R1W          |        0|   0|   0|    1|   2561|   32|     1|        81952|
    |p_ZZ16attention_kernelE6scores_15_U  |scores_RAM_AUTO_1R1W          |        0|   0|   0|    1|   2561|   32|     1|        81952|
    |softmax_scores_U                     |softmax_scores_RAM_AUTO_1R1W  |       16|   0|   0|    0|  38809|   32|     1|      1241888|
    |sum_U                                |sum_RAM_1WNR_AUTO_1R1W        |        0|  32|  33|    0|      8|   32|     1|          256|
    +-------------------------------------+------------------------------+---------+----+----+-----+-------+-----+------+-------------+
    |Total                                |                              |      112|  32|  33|   16| 105713| 3136|    98|      3382816|
    +-------------------------------------+------------------------------+---------+----+----+-----+-------+-----+------+-------------+

    * FIFO: 
    N/A

    * Expression: 
    +---------------------------------+----------+----+---+----+------------+------------+
    |          Variable Name          | Operation| DSP| FF| LUT| Bitwidth P0| Bitwidth P1|
    +---------------------------------+----------+----+---+----+------------+------------+
    |add_ln88_1_fu_938_p2             |         +|   0|  0|  23|          16|           8|
    |add_ln88_2_fu_944_p2             |         +|   0|  0|  19|          12|           4|
    |add_ln88_fu_956_p2               |         +|   0|  0|  15|           8|           1|
    |icmp_ln88_fu_950_p2              |      icmp|   0|  0|  11|           8|           7|
    |ap_block_state3_on_subcall_done  |        or|   0|  0|   2|           1|           1|
    +---------------------------------+----------+----+---+----+------------+------------+
    |Total                            |          |   0|  0|  70|          45|          21|
    +---------------------------------+----------+----+---+----+------------+------------+

    * Multiplexer: 
    +--------------------------------------------+----+-----------+-----+-----------+
    |                    Name                    | LUT| Input Size| Bits| Total Bits|
    +--------------------------------------------+----+-----------+-----+-----------+
    |ap_NS_fsm                                   |  86|         18|    1|         18|
    |gmem0_ARVALID                               |   9|          2|    1|          2|
    |gmem0_RREADY                                |   9|          2|    1|          2|
    |gmem1_ARVALID                               |   9|          2|    1|          2|
    |gmem1_RREADY                                |   9|          2|    1|          2|
    |gmem2_AWVALID                               |   9|          2|    1|          2|
    |gmem2_BREADY                                |   9|          2|    1|          2|
    |gmem2_WVALID                                |   9|          2|    1|          2|
    |grp_fu_1066_ce                              |  20|          4|    1|          4|
    |grp_fu_1066_p0                              |  20|          4|   32|        128|
    |grp_fu_1066_p1                              |  20|          4|   32|        128|
    |grp_fu_1070_ce                              |  14|          3|    1|          3|
    |grp_fu_1070_p0                              |  14|          3|   32|         96|
    |grp_fu_1070_p1                              |  14|          3|   32|         96|
    |grp_fu_1074_ce                              |  14|          3|    1|          3|
    |grp_fu_1074_p0                              |  14|          3|   32|         96|
    |grp_fu_1074_p1                              |  14|          3|   32|         96|
    |grp_fu_1078_ce                              |  14|          3|    1|          3|
    |grp_fu_1078_p0                              |  14|          3|   32|         96|
    |grp_fu_1078_p1                              |  14|          3|   32|         96|
    |grp_fu_1082_ce                              |  20|          4|    1|          4|
    |grp_fu_1082_p0                              |  20|          4|   32|        128|
    |grp_fu_1082_p1                              |  20|          4|   32|        128|
    |grp_fu_1086_ce                              |  14|          3|    1|          3|
    |grp_fu_1086_p0                              |  14|          3|   32|         96|
    |grp_fu_1086_p1                              |  14|          3|   32|         96|
    |grp_fu_1090_ce                              |  14|          3|    1|          3|
    |grp_fu_1090_p0                              |  14|          3|   32|         96|
    |grp_fu_1090_p1                              |  14|          3|   32|         96|
    |grp_fu_1094_ce                              |  14|          3|    1|          3|
    |grp_fu_1094_p0                              |  14|          3|   32|         96|
    |grp_fu_1094_p1                              |  14|          3|   32|         96|
    |i_fu_320                                    |   9|          2|    8|         16|
    |localK_10_ce0                               |   9|          2|    1|          2|
    |localK_10_ce1                               |   9|          2|    1|          2|
    |localK_10_we1                               |   9|          2|    1|          2|
    |localK_11_ce0                               |   9|          2|    1|          2|
    |localK_11_ce1                               |   9|          2|    1|          2|
    |localK_11_we1                               |   9|          2|    1|          2|
    |localK_12_ce0                               |   9|          2|    1|          2|
    |localK_12_ce1                               |   9|          2|    1|          2|
    |localK_12_we1                               |   9|          2|    1|          2|
    |localK_13_ce0                               |   9|          2|    1|          2|
    |localK_13_ce1                               |   9|          2|    1|          2|
    |localK_13_we1                               |   9|          2|    1|          2|
    |localK_14_ce0                               |   9|          2|    1|          2|
    |localK_14_ce1                               |   9|          2|    1|          2|
    |localK_14_we1                               |   9|          2|    1|          2|
    |localK_15_ce0                               |   9|          2|    1|          2|
    |localK_15_ce1                               |   9|          2|    1|          2|
    |localK_15_we1                               |   9|          2|    1|          2|
    |localK_16_ce0                               |   9|          2|    1|          2|
    |localK_16_ce1                               |   9|          2|    1|          2|
    |localK_16_we1                               |   9|          2|    1|          2|
    |localK_17_ce0                               |   9|          2|    1|          2|
    |localK_17_ce1                               |   9|          2|    1|          2|
    |localK_17_we1                               |   9|          2|    1|          2|
    |localK_18_ce0                               |   9|          2|    1|          2|
    |localK_18_ce1                               |   9|          2|    1|          2|
    |localK_18_we1                               |   9|          2|    1|          2|
    |localK_ce0                                  |   9|          2|    1|          2|
    |localK_ce1                                  |   9|          2|    1|          2|
    |localK_we1                                  |   9|          2|    1|          2|
    |localQ_1_ce0                                |   9|          2|    1|          2|
    |localQ_1_ce1                                |   9|          2|    1|          2|
    |localQ_1_we1                                |   9|          2|    1|          2|
    |localQ_2_ce0                                |   9|          2|    1|          2|
    |localQ_2_ce1                                |   9|          2|    1|          2|
    |localQ_2_we1                                |   9|          2|    1|          2|
    |localQ_3_ce0                                |   9|          2|    1|          2|
    |localQ_3_ce1                                |   9|          2|    1|          2|
    |localQ_3_we1                                |   9|          2|    1|          2|
    |localQ_4_ce0                                |   9|          2|    1|          2|
    |localQ_4_ce1                                |   9|          2|    1|          2|
    |localQ_4_we1                                |   9|          2|    1|          2|
    |localQ_5_ce0                                |   9|          2|    1|          2|
    |localQ_5_ce1                                |   9|          2|    1|          2|
    |localQ_5_we1                                |   9|          2|    1|          2|
    |localQ_6_ce0                                |   9|          2|    1|          2|
    |localQ_6_ce1                                |   9|          2|    1|          2|
    |localQ_6_we1                                |   9|          2|    1|          2|
    |localQ_7_ce0                                |   9|          2|    1|          2|
    |localQ_7_ce1                                |   9|          2|    1|          2|
    |localQ_7_we1                                |   9|          2|    1|          2|
    |localQ_8_ce0                                |   9|          2|    1|          2|
    |localQ_8_ce1                                |   9|          2|    1|          2|
    |localQ_8_we1                                |   9|          2|    1|          2|
    |localQ_9_ce0                                |   9|          2|    1|          2|
    |localQ_9_ce1                                |   9|          2|    1|          2|
    |localQ_9_we1                                |   9|          2|    1|          2|
    |localQ_ce0                                  |   9|          2|    1|          2|
    |localQ_ce1                                  |   9|          2|    1|          2|
    |localQ_we1                                  |   9|          2|    1|          2|
    |p_ZZ16attention_kernelE6localK_10_ce0       |   9|          2|    1|          2|
    |p_ZZ16attention_kernelE6localK_10_ce1       |   9|          2|    1|          2|
    |p_ZZ16attention_kernelE6localK_10_we1       |   9|          2|    1|          2|
    |p_ZZ16attention_kernelE6localK_11_ce0       |   9|          2|    1|          2|
    |p_ZZ16attention_kernelE6localK_11_ce1       |   9|          2|    1|          2|
    |p_ZZ16attention_kernelE6localK_11_we1       |   9|          2|    1|          2|
    |p_ZZ16attention_kernelE6localK_12_ce0       |   9|          2|    1|          2|
    |p_ZZ16attention_kernelE6localK_12_ce1       |   9|          2|    1|          2|
    |p_ZZ16attention_kernelE6localK_12_we1       |   9|          2|    1|          2|
    |p_ZZ16attention_kernelE6localK_13_ce0       |   9|          2|    1|          2|
    |p_ZZ16attention_kernelE6localK_13_ce1       |   9|          2|    1|          2|
    |p_ZZ16attention_kernelE6localK_13_we1       |   9|          2|    1|          2|
    |p_ZZ16attention_kernelE6localK_14_ce0       |   9|          2|    1|          2|
    |p_ZZ16attention_kernelE6localK_14_ce1       |   9|          2|    1|          2|
    |p_ZZ16attention_kernelE6localK_14_we1       |   9|          2|    1|          2|
    |p_ZZ16attention_kernelE6localK_15_ce0       |   9|          2|    1|          2|
    |p_ZZ16attention_kernelE6localK_15_ce1       |   9|          2|    1|          2|
    |p_ZZ16attention_kernelE6localK_15_we1       |   9|          2|    1|          2|
    |p_ZZ16attention_kernelE6localQ_10_ce0       |   9|          2|    1|          2|
    |p_ZZ16attention_kernelE6localQ_10_ce1       |   9|          2|    1|          2|
    |p_ZZ16attention_kernelE6localQ_10_we1       |   9|          2|    1|          2|
    |p_ZZ16attention_kernelE6localQ_11_ce0       |   9|          2|    1|          2|
    |p_ZZ16attention_kernelE6localQ_11_ce1       |   9|          2|    1|          2|
    |p_ZZ16attention_kernelE6localQ_11_we1       |   9|          2|    1|          2|
    |p_ZZ16attention_kernelE6localQ_12_ce0       |   9|          2|    1|          2|
    |p_ZZ16attention_kernelE6localQ_12_ce1       |   9|          2|    1|          2|
    |p_ZZ16attention_kernelE6localQ_12_we1       |   9|          2|    1|          2|
    |p_ZZ16attention_kernelE6localQ_13_ce0       |   9|          2|    1|          2|
    |p_ZZ16attention_kernelE6localQ_13_ce1       |   9|          2|    1|          2|
    |p_ZZ16attention_kernelE6localQ_13_we1       |   9|          2|    1|          2|
    |p_ZZ16attention_kernelE6localQ_14_ce0       |   9|          2|    1|          2|
    |p_ZZ16attention_kernelE6localQ_14_ce1       |   9|          2|    1|          2|
    |p_ZZ16attention_kernelE6localQ_14_we1       |   9|          2|    1|          2|
    |p_ZZ16attention_kernelE6localQ_15_ce0       |   9|          2|    1|          2|
    |p_ZZ16attention_kernelE6localQ_15_ce1       |   9|          2|    1|          2|
    |p_ZZ16attention_kernelE6localQ_15_we1       |   9|          2|    1|          2|
    |p_ZZ16attention_kernelE6localQ_16_ce0       |   9|          2|    1|          2|
    |p_ZZ16attention_kernelE6localQ_16_ce1       |   9|          2|    1|          2|
    |p_ZZ16attention_kernelE6localQ_16_we1       |   9|          2|    1|          2|
    |p_ZZ16attention_kernelE6localQ_17_ce0       |   9|          2|    1|          2|
    |p_ZZ16attention_kernelE6localQ_17_ce1       |   9|          2|    1|          2|
    |p_ZZ16attention_kernelE6localQ_17_we1       |   9|          2|    1|          2|
    |p_ZZ16attention_kernelE6localQ_18_ce0       |   9|          2|    1|          2|
    |p_ZZ16attention_kernelE6localQ_18_ce1       |   9|          2|    1|          2|
    |p_ZZ16attention_kernelE6localQ_18_we1       |   9|          2|    1|          2|
    |p_ZZ16attention_kernelE6localQ_19_ce0       |   9|          2|    1|          2|
    |p_ZZ16attention_kernelE6localQ_19_ce1       |   9|          2|    1|          2|
    |p_ZZ16attention_kernelE6localQ_19_we1       |   9|          2|    1|          2|
    |p_ZZ16attention_kernelE6localQ_20_ce0       |   9|          2|    1|          2|
    |p_ZZ16attention_kernelE6localQ_20_ce1       |   9|          2|    1|          2|
    |p_ZZ16attention_kernelE6localQ_20_we1       |   9|          2|    1|          2|
    |p_ZZ16attention_kernelE6localQ_21_ce0       |   9|          2|    1|          2|
    |p_ZZ16attention_kernelE6localQ_21_ce1       |   9|          2|    1|          2|
    |p_ZZ16attention_kernelE6localQ_21_we1       |   9|          2|    1|          2|
    |p_ZZ16attention_kernelE6localQ_22_ce0       |   9|          2|    1|          2|
    |p_ZZ16attention_kernelE6localQ_22_ce1       |   9|          2|    1|          2|
    |p_ZZ16attention_kernelE6localQ_22_we1       |   9|          2|    1|          2|
    |p_ZZ16attention_kernelE6localQ_23_ce0       |   9|          2|    1|          2|
    |p_ZZ16attention_kernelE6localQ_23_ce1       |   9|          2|    1|          2|
    |p_ZZ16attention_kernelE6localQ_23_we1       |   9|          2|    1|          2|
    |p_ZZ16attention_kernelE6localQ_24_ce0       |   9|          2|    1|          2|
    |p_ZZ16attention_kernelE6localQ_24_ce1       |   9|          2|    1|          2|
    |p_ZZ16attention_kernelE6localQ_24_we1       |   9|          2|    1|          2|
    |p_ZZ16attention_kernelE6localQ_25_ce0       |   9|          2|    1|          2|
    |p_ZZ16attention_kernelE6localQ_25_ce1       |   9|          2|    1|          2|
    |p_ZZ16attention_kernelE6localQ_25_we1       |   9|          2|    1|          2|
    |p_ZZ16attention_kernelE6localQ_26_ce0       |   9|          2|    1|          2|
    |p_ZZ16attention_kernelE6localQ_26_ce1       |   9|          2|    1|          2|
    |p_ZZ16attention_kernelE6localQ_26_we1       |   9|          2|    1|          2|
    |p_ZZ16attention_kernelE6localQ_27_ce0       |   9|          2|    1|          2|
    |p_ZZ16attention_kernelE6localQ_27_ce1       |   9|          2|    1|          2|
    |p_ZZ16attention_kernelE6localQ_27_we1       |   9|          2|    1|          2|
    |p_ZZ16attention_kernelE6localQ_28_ce0       |   9|          2|    1|          2|
    |p_ZZ16attention_kernelE6localQ_28_ce1       |   9|          2|    1|          2|
    |p_ZZ16attention_kernelE6localQ_28_we1       |   9|          2|    1|          2|
    |p_ZZ16attention_kernelE6localQ_29_ce0       |   9|          2|    1|          2|
    |p_ZZ16attention_kernelE6localQ_29_ce1       |   9|          2|    1|          2|
    |p_ZZ16attention_kernelE6localQ_29_we1       |   9|          2|    1|          2|
    |p_ZZ16attention_kernelE6localQ_30_ce0       |   9|          2|    1|          2|
    |p_ZZ16attention_kernelE6localQ_30_ce1       |   9|          2|    1|          2|
    |p_ZZ16attention_kernelE6localQ_30_we1       |   9|          2|    1|          2|
    |p_ZZ16attention_kernelE6localQ_31_ce0       |   9|          2|    1|          2|
    |p_ZZ16attention_kernelE6localQ_31_ce1       |   9|          2|    1|          2|
    |p_ZZ16attention_kernelE6localQ_31_we1       |   9|          2|    1|          2|
    |p_ZZ16attention_kernelE6localQ_32_ce0       |   9|          2|    1|          2|
    |p_ZZ16attention_kernelE6localQ_32_ce1       |   9|          2|    1|          2|
    |p_ZZ16attention_kernelE6localQ_32_we1       |   9|          2|    1|          2|
    |p_ZZ16attention_kernelE6localQ_33_ce0       |   9|          2|    1|          2|
    |p_ZZ16attention_kernelE6localQ_33_ce1       |   9|          2|    1|          2|
    |p_ZZ16attention_kernelE6localQ_33_we1       |   9|          2|    1|          2|
    |p_ZZ16attention_kernelE6localQ_34_ce0       |   9|          2|    1|          2|
    |p_ZZ16attention_kernelE6localQ_34_ce1       |   9|          2|    1|          2|
    |p_ZZ16attention_kernelE6localQ_34_we1       |   9|          2|    1|          2|
    |p_ZZ16attention_kernelE6localQ_35_ce0       |   9|          2|    1|          2|
    |p_ZZ16attention_kernelE6localQ_35_ce1       |   9|          2|    1|          2|
    |p_ZZ16attention_kernelE6localQ_35_we1       |   9|          2|    1|          2|
    |p_ZZ16attention_kernelE6localQ_36_ce0       |   9|          2|    1|          2|
    |p_ZZ16attention_kernelE6localQ_36_ce1       |   9|          2|    1|          2|
    |p_ZZ16attention_kernelE6localQ_36_we1       |   9|          2|    1|          2|
    |p_ZZ16attention_kernelE6localQ_37_ce0       |   9|          2|    1|          2|
    |p_ZZ16attention_kernelE6localQ_37_ce1       |   9|          2|    1|          2|
    |p_ZZ16attention_kernelE6localQ_37_we1       |   9|          2|    1|          2|
    |p_ZZ16attention_kernelE6localQ_38_ce0       |   9|          2|    1|          2|
    |p_ZZ16attention_kernelE6localQ_38_ce1       |   9|          2|    1|          2|
    |p_ZZ16attention_kernelE6localQ_38_we1       |   9|          2|    1|          2|
    |p_ZZ16attention_kernelE6localQ_39_ce0       |   9|          2|    1|          2|
    |p_ZZ16attention_kernelE6localQ_39_ce1       |   9|          2|    1|          2|
    |p_ZZ16attention_kernelE6localQ_39_we1       |   9|          2|    1|          2|
    |p_ZZ16attention_kernelE6localQ_40_ce0       |   9|          2|    1|          2|
    |p_ZZ16attention_kernelE6localQ_40_ce1       |   9|          2|    1|          2|
    |p_ZZ16attention_kernelE6localQ_40_we1       |   9|          2|    1|          2|
    |p_ZZ16attention_kernelE6localQ_41_ce0       |   9|          2|    1|          2|
    |p_ZZ16attention_kernelE6localQ_41_ce1       |   9|          2|    1|          2|
    |p_ZZ16attention_kernelE6localQ_41_we1       |   9|          2|    1|          2|
    |p_ZZ16attention_kernelE6localQ_42_ce0       |   9|          2|    1|          2|
    |p_ZZ16attention_kernelE6localQ_42_ce1       |   9|          2|    1|          2|
    |p_ZZ16attention_kernelE6localQ_42_we1       |   9|          2|    1|          2|
    |p_ZZ16attention_kernelE6localQ_43_ce0       |   9|          2|    1|          2|
    |p_ZZ16attention_kernelE6localQ_43_ce1       |   9|          2|    1|          2|
    |p_ZZ16attention_kernelE6localQ_43_we1       |   9|          2|    1|          2|
    |p_ZZ16attention_kernelE6localQ_44_ce0       |   9|          2|    1|          2|
    |p_ZZ16attention_kernelE6localQ_44_ce1       |   9|          2|    1|          2|
    |p_ZZ16attention_kernelE6localQ_44_we1       |   9|          2|    1|          2|
    |p_ZZ16attention_kernelE6localQ_45_ce0       |   9|          2|    1|          2|
    |p_ZZ16attention_kernelE6localQ_45_ce1       |   9|          2|    1|          2|
    |p_ZZ16attention_kernelE6localQ_45_we1       |   9|          2|    1|          2|
    |p_ZZ16attention_kernelE6localQ_46_ce0       |   9|          2|    1|          2|
    |p_ZZ16attention_kernelE6localQ_46_ce1       |   9|          2|    1|          2|
    |p_ZZ16attention_kernelE6localQ_46_we1       |   9|          2|    1|          2|
    |p_ZZ16attention_kernelE6localQ_47_ce0       |   9|          2|    1|          2|
    |p_ZZ16attention_kernelE6localQ_47_ce1       |   9|          2|    1|          2|
    |p_ZZ16attention_kernelE6localQ_47_we1       |   9|          2|    1|          2|
    |p_ZZ16attention_kernelE6localQ_48_ce0       |   9|          2|    1|          2|
    |p_ZZ16attention_kernelE6localQ_48_ce1       |   9|          2|    1|          2|
    |p_ZZ16attention_kernelE6localQ_48_we1       |   9|          2|    1|          2|
    |p_ZZ16attention_kernelE6localQ_49_ce0       |   9|          2|    1|          2|
    |p_ZZ16attention_kernelE6localQ_49_ce1       |   9|          2|    1|          2|
    |p_ZZ16attention_kernelE6localQ_49_we1       |   9|          2|    1|          2|
    |p_ZZ16attention_kernelE6localQ_50_ce0       |   9|          2|    1|          2|
    |p_ZZ16attention_kernelE6localQ_50_ce1       |   9|          2|    1|          2|
    |p_ZZ16attention_kernelE6localQ_50_we1       |   9|          2|    1|          2|
    |p_ZZ16attention_kernelE6localQ_51_ce0       |   9|          2|    1|          2|
    |p_ZZ16attention_kernelE6localQ_51_ce1       |   9|          2|    1|          2|
    |p_ZZ16attention_kernelE6localQ_51_we1       |   9|          2|    1|          2|
    |p_ZZ16attention_kernelE6localQ_52_ce0       |   9|          2|    1|          2|
    |p_ZZ16attention_kernelE6localQ_52_ce1       |   9|          2|    1|          2|
    |p_ZZ16attention_kernelE6localQ_52_we1       |   9|          2|    1|          2|
    |p_ZZ16attention_kernelE6localQ_53_ce0       |   9|          2|    1|          2|
    |p_ZZ16attention_kernelE6localQ_53_ce1       |   9|          2|    1|          2|
    |p_ZZ16attention_kernelE6localQ_53_we1       |   9|          2|    1|          2|
    |p_ZZ16attention_kernelE6localQ_54_ce0       |   9|          2|    1|          2|
    |p_ZZ16attention_kernelE6localQ_54_ce1       |   9|          2|    1|          2|
    |p_ZZ16attention_kernelE6localQ_54_we1       |   9|          2|    1|          2|
    |p_ZZ16attention_kernelE6localQ_55_ce0       |   9|          2|    1|          2|
    |p_ZZ16attention_kernelE6localQ_55_ce1       |   9|          2|    1|          2|
    |p_ZZ16attention_kernelE6localQ_55_we1       |   9|          2|    1|          2|
    |p_ZZ16attention_kernelE6localQ_56_ce0       |   9|          2|    1|          2|
    |p_ZZ16attention_kernelE6localQ_56_ce1       |   9|          2|    1|          2|
    |p_ZZ16attention_kernelE6localQ_56_we1       |   9|          2|    1|          2|
    |p_ZZ16attention_kernelE6localQ_57_ce0       |   9|          2|    1|          2|
    |p_ZZ16attention_kernelE6localQ_57_ce1       |   9|          2|    1|          2|
    |p_ZZ16attention_kernelE6localQ_57_we1       |   9|          2|    1|          2|
    |p_ZZ16attention_kernelE6localQ_58_ce0       |   9|          2|    1|          2|
    |p_ZZ16attention_kernelE6localQ_58_ce1       |   9|          2|    1|          2|
    |p_ZZ16attention_kernelE6localQ_58_we1       |   9|          2|    1|          2|
    |p_ZZ16attention_kernelE6localQ_59_ce0       |   9|          2|    1|          2|
    |p_ZZ16attention_kernelE6localQ_59_ce1       |   9|          2|    1|          2|
    |p_ZZ16attention_kernelE6localQ_59_we1       |   9|          2|    1|          2|
    |p_ZZ16attention_kernelE6localQ_60_ce0       |   9|          2|    1|          2|
    |p_ZZ16attention_kernelE6localQ_60_ce1       |   9|          2|    1|          2|
    |p_ZZ16attention_kernelE6localQ_60_we1       |   9|          2|    1|          2|
    |p_ZZ16attention_kernelE6localQ_61_ce0       |   9|          2|    1|          2|
    |p_ZZ16attention_kernelE6localQ_61_ce1       |   9|          2|    1|          2|
    |p_ZZ16attention_kernelE6localQ_61_we1       |   9|          2|    1|          2|
    |p_ZZ16attention_kernelE6localQ_62_ce0       |   9|          2|    1|          2|
    |p_ZZ16attention_kernelE6localQ_62_ce1       |   9|          2|    1|          2|
    |p_ZZ16attention_kernelE6localQ_62_we1       |   9|          2|    1|          2|
    |p_ZZ16attention_kernelE6localQ_63_ce0       |   9|          2|    1|          2|
    |p_ZZ16attention_kernelE6localQ_63_ce1       |   9|          2|    1|          2|
    |p_ZZ16attention_kernelE6localQ_63_we1       |   9|          2|    1|          2|
    |p_ZZ16attention_kernelE6scores_10_address0  |  31|          6|   12|         72|
    |p_ZZ16attention_kernelE6scores_10_address1  |  14|          3|   12|         36|
    |p_ZZ16attention_kernelE6scores_10_ce0       |  31|          6|    1|          6|
    |p_ZZ16attention_kernelE6scores_10_ce1       |  14|          3|    1|          3|
    |p_ZZ16attention_kernelE6scores_10_d0        |  20|          4|   32|        128|
    |p_ZZ16attention_kernelE6scores_10_we0       |  20|          4|    1|          4|
    |p_ZZ16attention_kernelE6scores_11_address0  |  31|          6|   12|         72|
    |p_ZZ16attention_kernelE6scores_11_address1  |  14|          3|   12|         36|
    |p_ZZ16attention_kernelE6scores_11_ce0       |  31|          6|    1|          6|
    |p_ZZ16attention_kernelE6scores_11_ce1       |  14|          3|    1|          3|
    |p_ZZ16attention_kernelE6scores_11_d0        |  20|          4|   32|        128|
    |p_ZZ16attention_kernelE6scores_11_we0       |  20|          4|    1|          4|
    |p_ZZ16attention_kernelE6scores_12_address0  |  31|          6|   12|         72|
    |p_ZZ16attention_kernelE6scores_12_address1  |  14|          3|   12|         36|
    |p_ZZ16attention_kernelE6scores_12_ce0       |  31|          6|    1|          6|
    |p_ZZ16attention_kernelE6scores_12_ce1       |  14|          3|    1|          3|
    |p_ZZ16attention_kernelE6scores_12_d0        |  20|          4|   32|        128|
    |p_ZZ16attention_kernelE6scores_12_we0       |  20|          4|    1|          4|
    |p_ZZ16attention_kernelE6scores_13_address0  |  31|          6|   12|         72|
    |p_ZZ16attention_kernelE6scores_13_address1  |  14|          3|   12|         36|
    |p_ZZ16attention_kernelE6scores_13_ce0       |  31|          6|    1|          6|
    |p_ZZ16attention_kernelE6scores_13_ce1       |  14|          3|    1|          3|
    |p_ZZ16attention_kernelE6scores_13_d0        |  20|          4|   32|        128|
    |p_ZZ16attention_kernelE6scores_13_we0       |  20|          4|    1|          4|
    |p_ZZ16attention_kernelE6scores_14_address0  |  31|          6|   12|         72|
    |p_ZZ16attention_kernelE6scores_14_address1  |  14|          3|   12|         36|
    |p_ZZ16attention_kernelE6scores_14_ce0       |  31|          6|    1|          6|
    |p_ZZ16attention_kernelE6scores_14_ce1       |  14|          3|    1|          3|
    |p_ZZ16attention_kernelE6scores_14_d0        |  20|          4|   32|        128|
    |p_ZZ16attention_kernelE6scores_14_we0       |  20|          4|    1|          4|
    |p_ZZ16attention_kernelE6scores_15_address0  |  31|          6|   12|         72|
    |p_ZZ16attention_kernelE6scores_15_address1  |  14|          3|   12|         36|
    |p_ZZ16attention_kernelE6scores_15_ce0       |  31|          6|    1|          6|
    |p_ZZ16attention_kernelE6scores_15_ce1       |  14|          3|    1|          3|
    |p_ZZ16attention_kernelE6scores_15_d0        |  20|          4|   32|        128|
    |p_ZZ16attention_kernelE6scores_15_we0       |  20|          4|    1|          4|
    |phi_mul13_fu_312                            |   9|          2|   16|         32|
    |phi_mul_fu_316                              |   9|          2|   12|         24|
    |scores_19_address0                          |  31|          6|   12|         72|
    |scores_19_address1                          |  14|          3|   12|         36|
    |scores_19_ce0                               |  31|          6|    1|          6|
    |scores_19_ce1                               |  14|          3|    1|          3|
    |scores_19_d0                                |  20|          4|   32|        128|
    |scores_19_we0                               |  20|          4|    1|          4|
    |scores_20_address0                          |  31|          6|   12|         72|
    |scores_20_address1                          |  14|          3|   12|         36|
    |scores_20_ce0                               |  31|          6|    1|          6|
    |scores_20_ce1                               |  14|          3|    1|          3|
    |scores_20_d0                                |  20|          4|   32|        128|
    |scores_20_we0                               |  20|          4|    1|          4|
    |scores_21_address0                          |  31|          6|   12|         72|
    |scores_21_address1                          |  14|          3|   12|         36|
    |scores_21_ce0                               |  31|          6|    1|          6|
    |scores_21_ce1                               |  14|          3|    1|          3|
    |scores_21_d0                                |  20|          4|   32|        128|
    |scores_21_we0                               |  20|          4|    1|          4|
    |scores_22_address0                          |  31|          6|   12|         72|
    |scores_22_address1                          |  14|          3|   12|         36|
    |scores_22_ce0                               |  31|          6|    1|          6|
    |scores_22_ce1                               |  14|          3|    1|          3|
    |scores_22_d0                                |  20|          4|   32|        128|
    |scores_22_we0                               |  20|          4|    1|          4|
    |scores_23_address0                          |  31|          6|   12|         72|
    |scores_23_address1                          |  14|          3|   12|         36|
    |scores_23_ce0                               |  31|          6|    1|          6|
    |scores_23_ce1                               |  14|          3|    1|          3|
    |scores_23_d0                                |  20|          4|   32|        128|
    |scores_23_we0                               |  20|          4|    1|          4|
    |scores_24_address0                          |  31|          6|   12|         72|
    |scores_24_address1                          |  14|          3|   12|         36|
    |scores_24_ce0                               |  31|          6|    1|          6|
    |scores_24_ce1                               |  14|          3|    1|          3|
    |scores_24_d0                                |  20|          4|   32|        128|
    |scores_24_we0                               |  20|          4|    1|          4|
    |scores_25_address0                          |  31|          6|   12|         72|
    |scores_25_address1                          |  14|          3|   12|         36|
    |scores_25_ce0                               |  31|          6|    1|          6|
    |scores_25_ce1                               |  14|          3|    1|          3|
    |scores_25_d0                                |  20|          4|   32|        128|
    |scores_25_we0                               |  20|          4|    1|          4|
    |scores_26_address0                          |  31|          6|   12|         72|
    |scores_26_address1                          |  14|          3|   12|         36|
    |scores_26_ce0                               |  31|          6|    1|          6|
    |scores_26_ce1                               |  14|          3|    1|          3|
    |scores_26_d0                                |  20|          4|   32|        128|
    |scores_26_we0                               |  20|          4|    1|          4|
    |scores_27_address0                          |  31|          6|   12|         72|
    |scores_27_address1                          |  14|          3|   12|         36|
    |scores_27_ce0                               |  31|          6|    1|          6|
    |scores_27_ce1                               |  14|          3|    1|          3|
    |scores_27_d0                                |  20|          4|   32|        128|
    |scores_27_we0                               |  20|          4|    1|          4|
    |scores_address0                             |  31|          6|   12|         72|
    |scores_address1                             |  14|          3|   12|         36|
    |scores_ce0                                  |  31|          6|    1|          6|
    |scores_ce1                                  |  14|          3|    1|          3|
    |scores_d0                                   |  20|          4|   32|        128|
    |scores_we0                                  |  20|          4|    1|          4|
    |softmax_scores_address0                     |  14|          3|   16|         48|
    |softmax_scores_ce0                          |  14|          3|    1|          3|
    |softmax_scores_we0                          |   9|          2|    1|          2|
    |sum_address0                                |  20|          4|    3|         12|
    |sum_ce0                                     |  20|          4|    1|          4|
    |sum_ce1                                     |   9|          2|    1|          2|
    |sum_d0                                      |  20|          4|   32|        128|
    |sum_we0                                     |  20|          4|    1|          4|
    +--------------------------------------------+----+-----------+-----+-----------+
    |Total                                       |4914|       1038| 1804|       6461|
    +--------------------------------------------+----+-----------+-----+-----------+

    * Register: 
    +-------------------------------------------------------------------------------+----+----+-----+-----------+
    |                                      Name                                     | FF | LUT| Bits| Const Bits|
    +-------------------------------------------------------------------------------+----+----+-----+-----------+
    |ap_CS_fsm                                                                      |  17|   0|   17|          0|
    |attention_score_read_reg_1012                                                  |  64|   0|   64|          0|
    |grp_attention_kernel_Pipeline_5_fu_794_ap_start_reg                            |   1|   0|    1|          0|
    |grp_attention_kernel_Pipeline_VITIS_LOOP_90_3_fu_799_ap_start_reg              |   1|   0|    1|          0|
    |grp_attention_kernel_Pipeline_VITIS_LOOP_94_4_fu_837_ap_start_reg              |   1|   0|    1|          0|
    |grp_attention_kernel_Pipeline_VITIS_LOOP_98_5_fu_843_ap_start_reg              |   1|   0|    1|          0|
    |grp_attention_kernel_Pipeline_init_scores_VITIS_LOOP_69_1_fu_526_ap_start_reg  |   1|   0|    1|          0|
    |grp_attention_kernel_Pipeline_readK_fu_486_ap_start_reg                        |   1|   0|    1|          0|
    |grp_attention_kernel_Pipeline_readQ_fu_350_ap_start_reg                        |   1|   0|    1|          0|
    |grp_attention_kernel_Pipeline_scailing_VITIS_LOOP_80_2_fu_758_ap_start_reg     |   1|   0|    1|          0|
    |grp_attention_kernel_Pipeline_writeAttention_fu_884_ap_start_reg               |   1|   0|    1|          0|
    |grp_mmult_fu_562_ap_start_reg                                                  |   1|   0|    1|          0|
    |i_fu_320                                                                       |   8|   0|    8|          0|
    |k_read_reg_1018                                                                |  64|   0|   64|          0|
    |phi_mul13_fu_312                                                               |  16|   0|   16|          0|
    |phi_mul13_load_reg_1044                                                        |  16|   0|   16|          0|
    |phi_mul_fu_316                                                                 |  12|   0|   12|          0|
    |phi_mul_load_reg_1049                                                          |  12|   0|   12|          0|
    |q_read_reg_1023                                                                |  64|   0|   64|          0|
    |trunc_ln111_1_reg_1061                                                         |  62|   0|   62|          0|
    |trunc_ln53_2_reg_1034                                                          |  62|   0|   62|          0|
    |trunc_ln64_2_reg_1039                                                          |  62|   0|   62|          0|
    +-------------------------------------------------------------------------------+----+----+-----+-----------+
    |Total                                                                          | 469|   0|  469|          0|
    +-------------------------------------------------------------------------------+----+----+-----+-----------+



================================================================
== Interface
================================================================
* Summary: 
+-----------------------+-----+-----+------------+------------------+--------------+
|       RTL Ports       | Dir | Bits|  Protocol  |   Source Object  |    C Type    |
+-----------------------+-----+-----+------------+------------------+--------------+
|s_axi_control_AWVALID  |   in|    1|       s_axi|           control|        scalar|
|s_axi_control_AWREADY  |  out|    1|       s_axi|           control|        scalar|
|s_axi_control_AWADDR   |   in|    6|       s_axi|           control|        scalar|
|s_axi_control_WVALID   |   in|    1|       s_axi|           control|        scalar|
|s_axi_control_WREADY   |  out|    1|       s_axi|           control|        scalar|
|s_axi_control_WDATA    |   in|   32|       s_axi|           control|        scalar|
|s_axi_control_WSTRB    |   in|    4|       s_axi|           control|        scalar|
|s_axi_control_ARVALID  |   in|    1|       s_axi|           control|        scalar|
|s_axi_control_ARREADY  |  out|    1|       s_axi|           control|        scalar|
|s_axi_control_ARADDR   |   in|    6|       s_axi|           control|        scalar|
|s_axi_control_RVALID   |  out|    1|       s_axi|           control|        scalar|
|s_axi_control_RREADY   |   in|    1|       s_axi|           control|        scalar|
|s_axi_control_RDATA    |  out|   32|       s_axi|           control|        scalar|
|s_axi_control_RRESP    |  out|    2|       s_axi|           control|        scalar|
|s_axi_control_BVALID   |  out|    1|       s_axi|           control|        scalar|
|s_axi_control_BREADY   |   in|    1|       s_axi|           control|        scalar|
|s_axi_control_BRESP    |  out|    2|       s_axi|           control|        scalar|
|ap_clk                 |   in|    1|  ap_ctrl_hs|  attention_kernel|  return value|
|ap_rst_n               |   in|    1|  ap_ctrl_hs|  attention_kernel|  return value|
|interrupt              |  out|    1|  ap_ctrl_hs|  attention_kernel|  return value|
|m_axi_gmem0_AWVALID    |  out|    1|       m_axi|             gmem0|       pointer|
|m_axi_gmem0_AWREADY    |   in|    1|       m_axi|             gmem0|       pointer|
|m_axi_gmem0_AWADDR     |  out|   64|       m_axi|             gmem0|       pointer|
|m_axi_gmem0_AWID       |  out|    1|       m_axi|             gmem0|       pointer|
|m_axi_gmem0_AWLEN      |  out|    8|       m_axi|             gmem0|       pointer|
|m_axi_gmem0_AWSIZE     |  out|    3|       m_axi|             gmem0|       pointer|
|m_axi_gmem0_AWBURST    |  out|    2|       m_axi|             gmem0|       pointer|
|m_axi_gmem0_AWLOCK     |  out|    2|       m_axi|             gmem0|       pointer|
|m_axi_gmem0_AWCACHE    |  out|    4|       m_axi|             gmem0|       pointer|
|m_axi_gmem0_AWPROT     |  out|    3|       m_axi|             gmem0|       pointer|
|m_axi_gmem0_AWQOS      |  out|    4|       m_axi|             gmem0|       pointer|
|m_axi_gmem0_AWREGION   |  out|    4|       m_axi|             gmem0|       pointer|
|m_axi_gmem0_AWUSER     |  out|    1|       m_axi|             gmem0|       pointer|
|m_axi_gmem0_WVALID     |  out|    1|       m_axi|             gmem0|       pointer|
|m_axi_gmem0_WREADY     |   in|    1|       m_axi|             gmem0|       pointer|
|m_axi_gmem0_WDATA      |  out|   32|       m_axi|             gmem0|       pointer|
|m_axi_gmem0_WSTRB      |  out|    4|       m_axi|             gmem0|       pointer|
|m_axi_gmem0_WLAST      |  out|    1|       m_axi|             gmem0|       pointer|
|m_axi_gmem0_WID        |  out|    1|       m_axi|             gmem0|       pointer|
|m_axi_gmem0_WUSER      |  out|    1|       m_axi|             gmem0|       pointer|
|m_axi_gmem0_ARVALID    |  out|    1|       m_axi|             gmem0|       pointer|
|m_axi_gmem0_ARREADY    |   in|    1|       m_axi|             gmem0|       pointer|
|m_axi_gmem0_ARADDR     |  out|   64|       m_axi|             gmem0|       pointer|
|m_axi_gmem0_ARID       |  out|    1|       m_axi|             gmem0|       pointer|
|m_axi_gmem0_ARLEN      |  out|    8|       m_axi|             gmem0|       pointer|
|m_axi_gmem0_ARSIZE     |  out|    3|       m_axi|             gmem0|       pointer|
|m_axi_gmem0_ARBURST    |  out|    2|       m_axi|             gmem0|       pointer|
|m_axi_gmem0_ARLOCK     |  out|    2|       m_axi|             gmem0|       pointer|
|m_axi_gmem0_ARCACHE    |  out|    4|       m_axi|             gmem0|       pointer|
|m_axi_gmem0_ARPROT     |  out|    3|       m_axi|             gmem0|       pointer|
|m_axi_gmem0_ARQOS      |  out|    4|       m_axi|             gmem0|       pointer|
|m_axi_gmem0_ARREGION   |  out|    4|       m_axi|             gmem0|       pointer|
|m_axi_gmem0_ARUSER     |  out|    1|       m_axi|             gmem0|       pointer|
|m_axi_gmem0_RVALID     |   in|    1|       m_axi|             gmem0|       pointer|
|m_axi_gmem0_RREADY     |  out|    1|       m_axi|             gmem0|       pointer|
|m_axi_gmem0_RDATA      |   in|   32|       m_axi|             gmem0|       pointer|
|m_axi_gmem0_RLAST      |   in|    1|       m_axi|             gmem0|       pointer|
|m_axi_gmem0_RID        |   in|    1|       m_axi|             gmem0|       pointer|
|m_axi_gmem0_RUSER      |   in|    1|       m_axi|             gmem0|       pointer|
|m_axi_gmem0_RRESP      |   in|    2|       m_axi|             gmem0|       pointer|
|m_axi_gmem0_BVALID     |   in|    1|       m_axi|             gmem0|       pointer|
|m_axi_gmem0_BREADY     |  out|    1|       m_axi|             gmem0|       pointer|
|m_axi_gmem0_BRESP      |   in|    2|       m_axi|             gmem0|       pointer|
|m_axi_gmem0_BID        |   in|    1|       m_axi|             gmem0|       pointer|
|m_axi_gmem0_BUSER      |   in|    1|       m_axi|             gmem0|       pointer|
|m_axi_gmem1_AWVALID    |  out|    1|       m_axi|             gmem1|       pointer|
|m_axi_gmem1_AWREADY    |   in|    1|       m_axi|             gmem1|       pointer|
|m_axi_gmem1_AWADDR     |  out|   64|       m_axi|             gmem1|       pointer|
|m_axi_gmem1_AWID       |  out|    1|       m_axi|             gmem1|       pointer|
|m_axi_gmem1_AWLEN      |  out|    8|       m_axi|             gmem1|       pointer|
|m_axi_gmem1_AWSIZE     |  out|    3|       m_axi|             gmem1|       pointer|
|m_axi_gmem1_AWBURST    |  out|    2|       m_axi|             gmem1|       pointer|
|m_axi_gmem1_AWLOCK     |  out|    2|       m_axi|             gmem1|       pointer|
|m_axi_gmem1_AWCACHE    |  out|    4|       m_axi|             gmem1|       pointer|
|m_axi_gmem1_AWPROT     |  out|    3|       m_axi|             gmem1|       pointer|
|m_axi_gmem1_AWQOS      |  out|    4|       m_axi|             gmem1|       pointer|
|m_axi_gmem1_AWREGION   |  out|    4|       m_axi|             gmem1|       pointer|
|m_axi_gmem1_AWUSER     |  out|    1|       m_axi|             gmem1|       pointer|
|m_axi_gmem1_WVALID     |  out|    1|       m_axi|             gmem1|       pointer|
|m_axi_gmem1_WREADY     |   in|    1|       m_axi|             gmem1|       pointer|
|m_axi_gmem1_WDATA      |  out|   32|       m_axi|             gmem1|       pointer|
|m_axi_gmem1_WSTRB      |  out|    4|       m_axi|             gmem1|       pointer|
|m_axi_gmem1_WLAST      |  out|    1|       m_axi|             gmem1|       pointer|
|m_axi_gmem1_WID        |  out|    1|       m_axi|             gmem1|       pointer|
|m_axi_gmem1_WUSER      |  out|    1|       m_axi|             gmem1|       pointer|
|m_axi_gmem1_ARVALID    |  out|    1|       m_axi|             gmem1|       pointer|
|m_axi_gmem1_ARREADY    |   in|    1|       m_axi|             gmem1|       pointer|
|m_axi_gmem1_ARADDR     |  out|   64|       m_axi|             gmem1|       pointer|
|m_axi_gmem1_ARID       |  out|    1|       m_axi|             gmem1|       pointer|
|m_axi_gmem1_ARLEN      |  out|    8|       m_axi|             gmem1|       pointer|
|m_axi_gmem1_ARSIZE     |  out|    3|       m_axi|             gmem1|       pointer|
|m_axi_gmem1_ARBURST    |  out|    2|       m_axi|             gmem1|       pointer|
|m_axi_gmem1_ARLOCK     |  out|    2|       m_axi|             gmem1|       pointer|
|m_axi_gmem1_ARCACHE    |  out|    4|       m_axi|             gmem1|       pointer|
|m_axi_gmem1_ARPROT     |  out|    3|       m_axi|             gmem1|       pointer|
|m_axi_gmem1_ARQOS      |  out|    4|       m_axi|             gmem1|       pointer|
|m_axi_gmem1_ARREGION   |  out|    4|       m_axi|             gmem1|       pointer|
|m_axi_gmem1_ARUSER     |  out|    1|       m_axi|             gmem1|       pointer|
|m_axi_gmem1_RVALID     |   in|    1|       m_axi|             gmem1|       pointer|
|m_axi_gmem1_RREADY     |  out|    1|       m_axi|             gmem1|       pointer|
|m_axi_gmem1_RDATA      |   in|   32|       m_axi|             gmem1|       pointer|
|m_axi_gmem1_RLAST      |   in|    1|       m_axi|             gmem1|       pointer|
|m_axi_gmem1_RID        |   in|    1|       m_axi|             gmem1|       pointer|
|m_axi_gmem1_RUSER      |   in|    1|       m_axi|             gmem1|       pointer|
|m_axi_gmem1_RRESP      |   in|    2|       m_axi|             gmem1|       pointer|
|m_axi_gmem1_BVALID     |   in|    1|       m_axi|             gmem1|       pointer|
|m_axi_gmem1_BREADY     |  out|    1|       m_axi|             gmem1|       pointer|
|m_axi_gmem1_BRESP      |   in|    2|       m_axi|             gmem1|       pointer|
|m_axi_gmem1_BID        |   in|    1|       m_axi|             gmem1|       pointer|
|m_axi_gmem1_BUSER      |   in|    1|       m_axi|             gmem1|       pointer|
|m_axi_gmem2_AWVALID    |  out|    1|       m_axi|             gmem2|       pointer|
|m_axi_gmem2_AWREADY    |   in|    1|       m_axi|             gmem2|       pointer|
|m_axi_gmem2_AWADDR     |  out|   64|       m_axi|             gmem2|       pointer|
|m_axi_gmem2_AWID       |  out|    1|       m_axi|             gmem2|       pointer|
|m_axi_gmem2_AWLEN      |  out|    8|       m_axi|             gmem2|       pointer|
|m_axi_gmem2_AWSIZE     |  out|    3|       m_axi|             gmem2|       pointer|
|m_axi_gmem2_AWBURST    |  out|    2|       m_axi|             gmem2|       pointer|
|m_axi_gmem2_AWLOCK     |  out|    2|       m_axi|             gmem2|       pointer|
|m_axi_gmem2_AWCACHE    |  out|    4|       m_axi|             gmem2|       pointer|
|m_axi_gmem2_AWPROT     |  out|    3|       m_axi|             gmem2|       pointer|
|m_axi_gmem2_AWQOS      |  out|    4|       m_axi|             gmem2|       pointer|
|m_axi_gmem2_AWREGION   |  out|    4|       m_axi|             gmem2|       pointer|
|m_axi_gmem2_AWUSER     |  out|    1|       m_axi|             gmem2|       pointer|
|m_axi_gmem2_WVALID     |  out|    1|       m_axi|             gmem2|       pointer|
|m_axi_gmem2_WREADY     |   in|    1|       m_axi|             gmem2|       pointer|
|m_axi_gmem2_WDATA      |  out|   32|       m_axi|             gmem2|       pointer|
|m_axi_gmem2_WSTRB      |  out|    4|       m_axi|             gmem2|       pointer|
|m_axi_gmem2_WLAST      |  out|    1|       m_axi|             gmem2|       pointer|
|m_axi_gmem2_WID        |  out|    1|       m_axi|             gmem2|       pointer|
|m_axi_gmem2_WUSER      |  out|    1|       m_axi|             gmem2|       pointer|
|m_axi_gmem2_ARVALID    |  out|    1|       m_axi|             gmem2|       pointer|
|m_axi_gmem2_ARREADY    |   in|    1|       m_axi|             gmem2|       pointer|
|m_axi_gmem2_ARADDR     |  out|   64|       m_axi|             gmem2|       pointer|
|m_axi_gmem2_ARID       |  out|    1|       m_axi|             gmem2|       pointer|
|m_axi_gmem2_ARLEN      |  out|    8|       m_axi|             gmem2|       pointer|
|m_axi_gmem2_ARSIZE     |  out|    3|       m_axi|             gmem2|       pointer|
|m_axi_gmem2_ARBURST    |  out|    2|       m_axi|             gmem2|       pointer|
|m_axi_gmem2_ARLOCK     |  out|    2|       m_axi|             gmem2|       pointer|
|m_axi_gmem2_ARCACHE    |  out|    4|       m_axi|             gmem2|       pointer|
|m_axi_gmem2_ARPROT     |  out|    3|       m_axi|             gmem2|       pointer|
|m_axi_gmem2_ARQOS      |  out|    4|       m_axi|             gmem2|       pointer|
|m_axi_gmem2_ARREGION   |  out|    4|       m_axi|             gmem2|       pointer|
|m_axi_gmem2_ARUSER     |  out|    1|       m_axi|             gmem2|       pointer|
|m_axi_gmem2_RVALID     |   in|    1|       m_axi|             gmem2|       pointer|
|m_axi_gmem2_RREADY     |  out|    1|       m_axi|             gmem2|       pointer|
|m_axi_gmem2_RDATA      |   in|   32|       m_axi|             gmem2|       pointer|
|m_axi_gmem2_RLAST      |   in|    1|       m_axi|             gmem2|       pointer|
|m_axi_gmem2_RID        |   in|    1|       m_axi|             gmem2|       pointer|
|m_axi_gmem2_RUSER      |   in|    1|       m_axi|             gmem2|       pointer|
|m_axi_gmem2_RRESP      |   in|    2|       m_axi|             gmem2|       pointer|
|m_axi_gmem2_BVALID     |   in|    1|       m_axi|             gmem2|       pointer|
|m_axi_gmem2_BREADY     |  out|    1|       m_axi|             gmem2|       pointer|
|m_axi_gmem2_BRESP      |   in|    2|       m_axi|             gmem2|       pointer|
|m_axi_gmem2_BID        |   in|    1|       m_axi|             gmem2|       pointer|
|m_axi_gmem2_BUSER      |   in|    1|       m_axi|             gmem2|       pointer|
+-----------------------+-----+-----+------------+------------------+--------------+

