

================================================================
== Vitis HLS Report for 'mmult_Pipeline_readA'
================================================================
* Date:           Sat Dec 21 09:49:55 2024

* Version:        2022.1 (Build 3526262 on Mon Apr 18 15:47:01 MDT 2022)
* Project:        SA_propagating
* Solution:       solution1 (Vivado IP Flow Target)
* Product family: virtexuplus
* Target device:  xcu50-fsvh2104-2-e


================================================================
== Performance Estimates
================================================================
+ Timing: 
    * Summary: 
    +--------+----------+----------+------------+
    |  Clock |  Target  | Estimated| Uncertainty|
    +--------+----------+----------+------------+
    |ap_clk  |  10.00 ns|  7.300 ns|     2.70 ns|
    +--------+----------+----------+------------+

+ Latency: 
    * Summary: 
    +---------+---------+----------+----------+-----+-----+---------+
    |  Latency (cycles) |  Latency (absolute) |  Interval | Pipeline|
    |   min   |   max   |    min   |    max   | min | max |   Type  |
    +---------+---------+----------+----------+-----+-----+---------+
    |        ?|        ?|         ?|         ?|    ?|    ?|       no|
    +---------+---------+----------+----------+-----+-----+---------+

    + Detail: 
        * Instance: 
        N/A

        * Loop: 
        +----------+---------+---------+----------+-----------+-----------+------+----------+
        |          |  Latency (cycles) | Iteration|  Initiation Interval  | Trip |          |
        | Loop Name|   min   |   max   |  Latency |  achieved |   target  | Count| Pipelined|
        +----------+---------+---------+----------+-----------+-----------+------+----------+
        |- readA   |        ?|        ?|         3|          1|          1|     ?|       yes|
        +----------+---------+---------+----------+-----------+-----------+------+----------+

============================================================
+ Verbose Summary: Synthesis Manager
============================================================
InlineROM: 1
ExposeGlobal: 0
============================================================
+ Verbose Summary: CDFG Model
============================================================
IsTopModel: 0
ResetActiveHigh: 1
IsCombinational: 0
IsDatapathOnly: 0
HasWiredReturn: 1
HasMFsm: 2
HasVarLatency: 1
IsPipeline: 0
IsRtlPipelined: 0
IsInstanceOverlapped: 0
IsDontTouch: 0
HasImplIP: 0
IsGatedGlobalClock: 0

+ Individual pipeline summary: 
  * Pipeline-0: initiation interval (II) = 1, depth = 3


============================================================
+ Verbose Summary: Schedule
============================================================
* Number of FSM states : 11
* Pipeline : 1
  Pipeline-0 : II = 1, D = 3, States = { 8 9 10 }
* Dataflow Pipeline: 0

* FSM state transitions: 
1 --> 2 
2 --> 3 
3 --> 4 
4 --> 5 
5 --> 6 
6 --> 7 
7 --> 8 
8 --> 11 9 
9 --> 10 
10 --> 8 
11 --> 

* FSM state operations: 

State 1 <SV = 0> <Delay = 7.30>
ST_1 : Operation 12 [1/1] (0.00ns)   --->   "%j = alloca i32 1"   --->   Operation 12 'alloca' 'j' <Predicate = true> <Delay = 0.00>
ST_1 : Operation 13 [1/1] (0.00ns)   --->   "%i_1 = alloca i32 1"   --->   Operation 13 'alloca' 'i_1' <Predicate = true> <Delay = 0.00>
ST_1 : Operation 14 [1/1] (0.00ns)   --->   "%loc = alloca i32 1"   --->   Operation 14 'alloca' 'loc' <Predicate = true> <Delay = 0.00>
ST_1 : Operation 15 [1/1] (0.00ns)   --->   "%mul_read = read i32 @_ssdm_op_Read.ap_auto.i32, i32 %mul"   --->   Operation 15 'read' 'mul_read' <Predicate = true> <Delay = 0.00>
ST_1 : Operation 16 [1/1] (0.00ns)   --->   "%sext_ln81_read = read i62 @_ssdm_op_Read.ap_auto.i62, i62 %sext_ln81"   --->   Operation 16 'read' 'sext_ln81_read' <Predicate = true> <Delay = 0.00>
ST_1 : Operation 17 [1/1] (0.00ns)   --->   "%sext_ln81_cast = sext i62 %sext_ln81_read"   --->   Operation 17 'sext' 'sext_ln81_cast' <Predicate = true> <Delay = 0.00>
ST_1 : Operation 18 [1/1] (0.00ns)   --->   "%gmem0_addr = getelementptr i32 %gmem0, i64 %sext_ln81_cast" [SA_propagating/src/mmult_explicit.cpp:81]   --->   Operation 18 'getelementptr' 'gmem0_addr' <Predicate = true> <Delay = 0.00>
ST_1 : Operation 19 [7/7] (7.30ns)   --->   "%p_rd_req = readreq i1 @_ssdm_op_ReadReq.m_axi.i32P1A, i32 %gmem0_addr, i32 %mul_read" [SA_propagating/src/mmult_explicit.cpp:81]   --->   Operation 19 'readreq' 'p_rd_req' <Predicate = true> <Delay = 7.30> <CoreInst = "m_axi">   --->   Core 121 'm_axi' <Latency = 0> <II = 1> <Delay = 1.00> <Adapter> <Opcode : 'read' 'write' 'readreq' 'writereq' 'writeresp'>
ST_1 : Operation 20 [1/1] (0.38ns)   --->   "%store_ln0 = store i32 0, i32 %loc"   --->   Operation 20 'store' 'store_ln0' <Predicate = true> <Delay = 0.38>
ST_1 : Operation 21 [1/1] (0.38ns)   --->   "%store_ln0 = store i32 0, i32 %i_1"   --->   Operation 21 'store' 'store_ln0' <Predicate = true> <Delay = 0.38>
ST_1 : Operation 22 [1/1] (0.38ns)   --->   "%store_ln0 = store i32 0, i32 %j"   --->   Operation 22 'store' 'store_ln0' <Predicate = true> <Delay = 0.38>

State 2 <SV = 1> <Delay = 7.30>
ST_2 : Operation 23 [6/7] (7.30ns)   --->   "%p_rd_req = readreq i1 @_ssdm_op_ReadReq.m_axi.i32P1A, i32 %gmem0_addr, i32 %mul_read" [SA_propagating/src/mmult_explicit.cpp:81]   --->   Operation 23 'readreq' 'p_rd_req' <Predicate = true> <Delay = 7.30> <CoreInst = "m_axi">   --->   Core 121 'm_axi' <Latency = 0> <II = 1> <Delay = 1.00> <Adapter> <Opcode : 'read' 'write' 'readreq' 'writereq' 'writeresp'>

State 3 <SV = 2> <Delay = 7.30>
ST_3 : Operation 24 [5/7] (7.30ns)   --->   "%p_rd_req = readreq i1 @_ssdm_op_ReadReq.m_axi.i32P1A, i32 %gmem0_addr, i32 %mul_read" [SA_propagating/src/mmult_explicit.cpp:81]   --->   Operation 24 'readreq' 'p_rd_req' <Predicate = true> <Delay = 7.30> <CoreInst = "m_axi">   --->   Core 121 'm_axi' <Latency = 0> <II = 1> <Delay = 1.00> <Adapter> <Opcode : 'read' 'write' 'readreq' 'writereq' 'writeresp'>

State 4 <SV = 3> <Delay = 7.30>
ST_4 : Operation 25 [4/7] (7.30ns)   --->   "%p_rd_req = readreq i1 @_ssdm_op_ReadReq.m_axi.i32P1A, i32 %gmem0_addr, i32 %mul_read" [SA_propagating/src/mmult_explicit.cpp:81]   --->   Operation 25 'readreq' 'p_rd_req' <Predicate = true> <Delay = 7.30> <CoreInst = "m_axi">   --->   Core 121 'm_axi' <Latency = 0> <II = 1> <Delay = 1.00> <Adapter> <Opcode : 'read' 'write' 'readreq' 'writereq' 'writeresp'>

State 5 <SV = 4> <Delay = 7.30>
ST_5 : Operation 26 [3/7] (7.30ns)   --->   "%p_rd_req = readreq i1 @_ssdm_op_ReadReq.m_axi.i32P1A, i32 %gmem0_addr, i32 %mul_read" [SA_propagating/src/mmult_explicit.cpp:81]   --->   Operation 26 'readreq' 'p_rd_req' <Predicate = true> <Delay = 7.30> <CoreInst = "m_axi">   --->   Core 121 'm_axi' <Latency = 0> <II = 1> <Delay = 1.00> <Adapter> <Opcode : 'read' 'write' 'readreq' 'writereq' 'writeresp'>

State 6 <SV = 5> <Delay = 7.30>
ST_6 : Operation 27 [2/7] (7.30ns)   --->   "%p_rd_req = readreq i1 @_ssdm_op_ReadReq.m_axi.i32P1A, i32 %gmem0_addr, i32 %mul_read" [SA_propagating/src/mmult_explicit.cpp:81]   --->   Operation 27 'readreq' 'p_rd_req' <Predicate = true> <Delay = 7.30> <CoreInst = "m_axi">   --->   Core 121 'm_axi' <Latency = 0> <II = 1> <Delay = 1.00> <Adapter> <Opcode : 'read' 'write' 'readreq' 'writereq' 'writeresp'>

State 7 <SV = 6> <Delay = 7.30>
ST_7 : Operation 28 [1/1] (0.00ns)   --->   "%a5 = read i64 @_ssdm_op_Read.ap_auto.i64, i64 %a"   --->   Operation 28 'read' 'a5' <Predicate = true> <Delay = 0.00>
ST_7 : Operation 29 [1/1] (0.00ns)   --->   "%a_col_read = read i32 @_ssdm_op_Read.ap_auto.i32, i32 %a_col"   --->   Operation 29 'read' 'a_col_read' <Predicate = true> <Delay = 0.00>
ST_7 : Operation 30 [1/1] (0.00ns)   --->   "%specinterface_ln0 = specinterface void @_ssdm_op_SpecInterface, i32 %gmem0, void @empty_8, i32 0, i32 0, void @empty_9, i32 0, i32 256, void @empty, void @empty_0, void @empty_9, i32 16, i32 16, i32 16, i32 16, void @empty_9, void @empty_9, i32 4294967295, i32 0"   --->   Operation 30 'specinterface' 'specinterface_ln0' <Predicate = true> <Delay = 0.00>
ST_7 : Operation 31 [1/7] (7.30ns)   --->   "%p_rd_req = readreq i1 @_ssdm_op_ReadReq.m_axi.i32P1A, i32 %gmem0_addr, i32 %mul_read" [SA_propagating/src/mmult_explicit.cpp:81]   --->   Operation 31 'readreq' 'p_rd_req' <Predicate = true> <Delay = 7.30> <CoreInst = "m_axi">   --->   Core 121 'm_axi' <Latency = 0> <II = 1> <Delay = 1.00> <Adapter> <Opcode : 'read' 'write' 'readreq' 'writereq' 'writeresp'>
ST_7 : Operation 32 [1/1] (0.00ns)   --->   "%br_ln0 = br void %for.body23"   --->   Operation 32 'br' 'br_ln0' <Predicate = true> <Delay = 0.00>

State 8 <SV = 7> <Delay = 2.35>
ST_8 : Operation 33 [1/1] (0.00ns)   --->   "%loc_2 = load i32 %loc" [SA_propagating/src/mmult_explicit.cpp:74]   --->   Operation 33 'load' 'loc_2' <Predicate = true> <Delay = 0.00>
ST_8 : Operation 34 [1/1] (0.00ns)   --->   "%specbitsmap_ln0 = specbitsmap void @_ssdm_op_SpecBitsMap, i32 %gmem0"   --->   Operation 34 'specbitsmap' 'specbitsmap_ln0' <Predicate = true> <Delay = 0.00>
ST_8 : Operation 35 [1/1] (0.85ns)   --->   "%icmp_ln74 = icmp_eq  i32 %loc_2, i32 %mul_read" [SA_propagating/src/mmult_explicit.cpp:74]   --->   Operation 35 'icmp' 'icmp_ln74' <Predicate = true> <Delay = 0.85> <CoreInst = "Cmp">   --->   Core 9 'Cmp' <Latency = 0> <II = 1> <Delay = 0.85> <FuncUnit> <Opcode : 'icmp'> <InPorts = 2> <OutPorts = 1>
ST_8 : Operation 36 [1/1] (0.88ns)   --->   "%add_ln74 = add i32 %loc_2, i32 1" [SA_propagating/src/mmult_explicit.cpp:74]   --->   Operation 36 'add' 'add_ln74' <Predicate = true> <Delay = 0.88> <CoreInst = "Adder">   --->   Core 1 'Adder' <Latency = 0> <II = 1> <Delay = 0.88> <FuncUnit> <Opcode : 'add' 'sub'> <InPorts = 2> <OutPorts = 1>
ST_8 : Operation 37 [1/1] (0.00ns)   --->   "%br_ln74 = br i1 %icmp_ln74, void %for.body23.split, void %readB.loopexit.exitStub" [SA_propagating/src/mmult_explicit.cpp:74]   --->   Operation 37 'br' 'br_ln74' <Predicate = true> <Delay = 0.00>
ST_8 : Operation 38 [1/1] (0.00ns)   --->   "%j_load = load i32 %j" [SA_propagating/src/mmult_explicit.cpp:77]   --->   Operation 38 'load' 'j_load' <Predicate = (!icmp_ln74)> <Delay = 0.00>
ST_8 : Operation 39 [1/1] (0.85ns)   --->   "%icmp_ln77 = icmp_eq  i32 %j_load, i32 %a_col_read" [SA_propagating/src/mmult_explicit.cpp:77]   --->   Operation 39 'icmp' 'icmp_ln77' <Predicate = (!icmp_ln74)> <Delay = 0.85> <CoreInst = "Cmp">   --->   Core 9 'Cmp' <Latency = 0> <II = 1> <Delay = 0.85> <FuncUnit> <Opcode : 'icmp'> <InPorts = 2> <OutPorts = 1>
ST_8 : Operation 40 [1/1] (0.22ns)   --->   "%j_5 = select i1 %icmp_ln77, i32 0, i32 %j_load" [SA_propagating/src/mmult_explicit.cpp:77]   --->   Operation 40 'select' 'j_5' <Predicate = (!icmp_ln74)> <Delay = 0.22> <CoreInst = "Sel">   --->   Core 73 'Sel' <Latency = 0> <II = 1> <Delay = 0.22> <FuncUnit> <Opcode : 'select'> <InPorts = 3> <OutPorts = 1>
ST_8 : Operation 41 [1/1] (0.00ns)   --->   "%trunc_ln81 = trunc i32 %j_5" [SA_propagating/src/mmult_explicit.cpp:81]   --->   Operation 41 'trunc' 'trunc_ln81' <Predicate = (!icmp_ln74)> <Delay = 0.00>
ST_8 : Operation 42 [1/1] (0.34ns)   --->   "%switch_ln81 = switch i4 %trunc_ln81, void %arrayidx3118.case.15, i4 0, void %arrayidx3118.case.0, i4 1, void %arrayidx3118.case.1, i4 2, void %arrayidx3118.case.2, i4 3, void %arrayidx3118.case.3, i4 4, void %arrayidx3118.case.4, i4 5, void %arrayidx3118.case.5, i4 6, void %arrayidx3118.case.6, i4 7, void %arrayidx3118.case.7, i4 8, void %arrayidx3118.case.8, i4 9, void %arrayidx3118.case.9, i4 10, void %arrayidx3118.case.10, i4 11, void %arrayidx3118.case.11, i4 12, void %arrayidx3118.case.12, i4 13, void %arrayidx3118.case.13, i4 14, void %arrayidx3118.case.14" [SA_propagating/src/mmult_explicit.cpp:81]   --->   Operation 42 'switch' 'switch_ln81' <Predicate = (!icmp_ln74)> <Delay = 0.34>
ST_8 : Operation 43 [1/1] (0.88ns)   --->   "%j_6 = add i32 %j_5, i32 1" [SA_propagating/src/mmult_explicit.cpp:74]   --->   Operation 43 'add' 'j_6' <Predicate = (!icmp_ln74)> <Delay = 0.88> <CoreInst = "Adder">   --->   Core 1 'Adder' <Latency = 0> <II = 1> <Delay = 0.88> <FuncUnit> <Opcode : 'add' 'sub'> <InPorts = 2> <OutPorts = 1>
ST_8 : Operation 44 [1/1] (0.38ns)   --->   "%store_ln74 = store i32 %add_ln74, i32 %loc" [SA_propagating/src/mmult_explicit.cpp:74]   --->   Operation 44 'store' 'store_ln74' <Predicate = (!icmp_ln74)> <Delay = 0.38>
ST_8 : Operation 45 [1/1] (0.38ns)   --->   "%store_ln74 = store i32 %j_6, i32 %j" [SA_propagating/src/mmult_explicit.cpp:74]   --->   Operation 45 'store' 'store_ln74' <Predicate = (!icmp_ln74)> <Delay = 0.38>

State 9 <SV = 8> <Delay = 7.30>
ST_9 : Operation 46 [1/1] (7.30ns)   --->   "%gmem0_addr_read = read i32 @_ssdm_op_Read.m_axi.i32P1A, i32 %gmem0_addr" [SA_propagating/src/mmult_explicit.cpp:81]   --->   Operation 46 'read' 'gmem0_addr_read' <Predicate = true> <Delay = 7.30> <CoreInst = "m_axi">   --->   Core 121 'm_axi' <Latency = 0> <II = 1> <Delay = 1.00> <Adapter> <Opcode : 'read' 'write' 'readreq' 'writereq' 'writeresp'>

State 10 <SV = 9> <Delay = 1.80>
ST_10 : Operation 47 [1/1] (0.00ns)   --->   "%i_1_load = load i32 %i_1" [SA_propagating/src/mmult_explicit.cpp:78]   --->   Operation 47 'load' 'i_1_load' <Predicate = true> <Delay = 0.00>
ST_10 : Operation 48 [1/1] (0.00ns)   --->   "%specpipeline_ln76 = specpipeline void @_ssdm_op_SpecPipeline, i32 1, i32 0, i32 0, i32 0, void @empty_9" [SA_propagating/src/mmult_explicit.cpp:76]   --->   Operation 48 'specpipeline' 'specpipeline_ln76' <Predicate = true> <Delay = 0.00>
ST_10 : Operation 49 [1/1] (0.00ns)   --->   "%specloopname_ln74 = specloopname void @_ssdm_op_SpecLoopName, void @empty_16" [SA_propagating/src/mmult_explicit.cpp:74]   --->   Operation 49 'specloopname' 'specloopname_ln74' <Predicate = true> <Delay = 0.00>
ST_10 : Operation 50 [1/1] (0.88ns)   --->   "%add_ln78 = add i32 %i_1_load, i32 1" [SA_propagating/src/mmult_explicit.cpp:78]   --->   Operation 50 'add' 'add_ln78' <Predicate = (icmp_ln77)> <Delay = 0.88> <CoreInst = "Adder">   --->   Core 1 'Adder' <Latency = 0> <II = 1> <Delay = 0.88> <FuncUnit> <Opcode : 'add' 'sub'> <InPorts = 2> <OutPorts = 1>
ST_10 : Operation 51 [1/1] (0.22ns)   --->   "%i = select i1 %icmp_ln77, i32 %add_ln78, i32 %i_1_load" [SA_propagating/src/mmult_explicit.cpp:77]   --->   Operation 51 'select' 'i' <Predicate = true> <Delay = 0.22> <CoreInst = "Sel">   --->   Core 73 'Sel' <Latency = 0> <II = 1> <Delay = 0.22> <FuncUnit> <Opcode : 'select'> <InPorts = 3> <OutPorts = 1>
ST_10 : Operation 52 [1/1] (0.00ns)   --->   "%zext_ln81 = zext i32 %i" [SA_propagating/src/mmult_explicit.cpp:81]   --->   Operation 52 'zext' 'zext_ln81' <Predicate = true> <Delay = 0.00>
ST_10 : Operation 53 [1/1] (0.00ns)   --->   "%localA_addr = getelementptr i32 %localA, i64 0, i64 %zext_ln81" [SA_propagating/src/mmult_explicit.cpp:81]   --->   Operation 53 'getelementptr' 'localA_addr' <Predicate = true> <Delay = 0.00>
ST_10 : Operation 54 [1/1] (0.00ns)   --->   "%localA_1_addr = getelementptr i32 %localA_1, i64 0, i64 %zext_ln81" [SA_propagating/src/mmult_explicit.cpp:81]   --->   Operation 54 'getelementptr' 'localA_1_addr' <Predicate = true> <Delay = 0.00>
ST_10 : Operation 55 [1/1] (0.00ns)   --->   "%localA_2_addr = getelementptr i32 %localA_2, i64 0, i64 %zext_ln81" [SA_propagating/src/mmult_explicit.cpp:81]   --->   Operation 55 'getelementptr' 'localA_2_addr' <Predicate = true> <Delay = 0.00>
ST_10 : Operation 56 [1/1] (0.00ns)   --->   "%localA_3_addr = getelementptr i32 %localA_3, i64 0, i64 %zext_ln81" [SA_propagating/src/mmult_explicit.cpp:81]   --->   Operation 56 'getelementptr' 'localA_3_addr' <Predicate = true> <Delay = 0.00>
ST_10 : Operation 57 [1/1] (0.00ns)   --->   "%localA_4_addr = getelementptr i32 %localA_4, i64 0, i64 %zext_ln81" [SA_propagating/src/mmult_explicit.cpp:81]   --->   Operation 57 'getelementptr' 'localA_4_addr' <Predicate = true> <Delay = 0.00>
ST_10 : Operation 58 [1/1] (0.00ns)   --->   "%localA_5_addr = getelementptr i32 %localA_5, i64 0, i64 %zext_ln81" [SA_propagating/src/mmult_explicit.cpp:81]   --->   Operation 58 'getelementptr' 'localA_5_addr' <Predicate = true> <Delay = 0.00>
ST_10 : Operation 59 [1/1] (0.00ns)   --->   "%localA_6_addr = getelementptr i32 %localA_6, i64 0, i64 %zext_ln81" [SA_propagating/src/mmult_explicit.cpp:81]   --->   Operation 59 'getelementptr' 'localA_6_addr' <Predicate = true> <Delay = 0.00>
ST_10 : Operation 60 [1/1] (0.00ns)   --->   "%localA_7_addr = getelementptr i32 %localA_7, i64 0, i64 %zext_ln81" [SA_propagating/src/mmult_explicit.cpp:81]   --->   Operation 60 'getelementptr' 'localA_7_addr' <Predicate = true> <Delay = 0.00>
ST_10 : Operation 61 [1/1] (0.00ns)   --->   "%localA_8_addr = getelementptr i32 %localA_8, i64 0, i64 %zext_ln81" [SA_propagating/src/mmult_explicit.cpp:81]   --->   Operation 61 'getelementptr' 'localA_8_addr' <Predicate = true> <Delay = 0.00>
ST_10 : Operation 62 [1/1] (0.00ns)   --->   "%localA_9_addr = getelementptr i32 %localA_9, i64 0, i64 %zext_ln81" [SA_propagating/src/mmult_explicit.cpp:81]   --->   Operation 62 'getelementptr' 'localA_9_addr' <Predicate = true> <Delay = 0.00>
ST_10 : Operation 63 [1/1] (0.00ns)   --->   "%localA_10_addr = getelementptr i32 %localA_10, i64 0, i64 %zext_ln81" [SA_propagating/src/mmult_explicit.cpp:81]   --->   Operation 63 'getelementptr' 'localA_10_addr' <Predicate = true> <Delay = 0.00>
ST_10 : Operation 64 [1/1] (0.00ns)   --->   "%localA_11_addr = getelementptr i32 %localA_11, i64 0, i64 %zext_ln81" [SA_propagating/src/mmult_explicit.cpp:81]   --->   Operation 64 'getelementptr' 'localA_11_addr' <Predicate = true> <Delay = 0.00>
ST_10 : Operation 65 [1/1] (0.00ns)   --->   "%localA_12_addr = getelementptr i32 %localA_12, i64 0, i64 %zext_ln81" [SA_propagating/src/mmult_explicit.cpp:81]   --->   Operation 65 'getelementptr' 'localA_12_addr' <Predicate = true> <Delay = 0.00>
ST_10 : Operation 66 [1/1] (0.00ns)   --->   "%localA_13_addr = getelementptr i32 %localA_13, i64 0, i64 %zext_ln81" [SA_propagating/src/mmult_explicit.cpp:81]   --->   Operation 66 'getelementptr' 'localA_13_addr' <Predicate = true> <Delay = 0.00>
ST_10 : Operation 67 [1/1] (0.00ns)   --->   "%localA_14_addr = getelementptr i32 %localA_14, i64 0, i64 %zext_ln81" [SA_propagating/src/mmult_explicit.cpp:81]   --->   Operation 67 'getelementptr' 'localA_14_addr' <Predicate = true> <Delay = 0.00>
ST_10 : Operation 68 [1/1] (0.00ns)   --->   "%localA_15_addr = getelementptr i32 %localA_15, i64 0, i64 %zext_ln81" [SA_propagating/src/mmult_explicit.cpp:81]   --->   Operation 68 'getelementptr' 'localA_15_addr' <Predicate = true> <Delay = 0.00>
ST_10 : Operation 69 [1/1] (0.69ns)   --->   "%store_ln81 = store i32 %gmem0_addr_read, i4 %localA_14_addr" [SA_propagating/src/mmult_explicit.cpp:81]   --->   Operation 69 'store' 'store_ln81' <Predicate = (trunc_ln81 == 14)> <Delay = 0.69> <CoreInst = "RAM">   --->   Core 83 'RAM' <Latency = 1> <II = 1> <Delay = 0.69> <Storage> <Opcode : 'load' 'store'> <Ports = 2> <Width = 32> <Depth = 16> <RAM>
ST_10 : Operation 70 [1/1] (0.00ns)   --->   "%br_ln81 = br void %arrayidx3118.exit" [SA_propagating/src/mmult_explicit.cpp:81]   --->   Operation 70 'br' 'br_ln81' <Predicate = (trunc_ln81 == 14)> <Delay = 0.00>
ST_10 : Operation 71 [1/1] (0.69ns)   --->   "%store_ln81 = store i32 %gmem0_addr_read, i4 %localA_13_addr" [SA_propagating/src/mmult_explicit.cpp:81]   --->   Operation 71 'store' 'store_ln81' <Predicate = (trunc_ln81 == 13)> <Delay = 0.69> <CoreInst = "RAM">   --->   Core 83 'RAM' <Latency = 1> <II = 1> <Delay = 0.69> <Storage> <Opcode : 'load' 'store'> <Ports = 2> <Width = 32> <Depth = 16> <RAM>
ST_10 : Operation 72 [1/1] (0.00ns)   --->   "%br_ln81 = br void %arrayidx3118.exit" [SA_propagating/src/mmult_explicit.cpp:81]   --->   Operation 72 'br' 'br_ln81' <Predicate = (trunc_ln81 == 13)> <Delay = 0.00>
ST_10 : Operation 73 [1/1] (0.69ns)   --->   "%store_ln81 = store i32 %gmem0_addr_read, i4 %localA_12_addr" [SA_propagating/src/mmult_explicit.cpp:81]   --->   Operation 73 'store' 'store_ln81' <Predicate = (trunc_ln81 == 12)> <Delay = 0.69> <CoreInst = "RAM">   --->   Core 83 'RAM' <Latency = 1> <II = 1> <Delay = 0.69> <Storage> <Opcode : 'load' 'store'> <Ports = 2> <Width = 32> <Depth = 16> <RAM>
ST_10 : Operation 74 [1/1] (0.00ns)   --->   "%br_ln81 = br void %arrayidx3118.exit" [SA_propagating/src/mmult_explicit.cpp:81]   --->   Operation 74 'br' 'br_ln81' <Predicate = (trunc_ln81 == 12)> <Delay = 0.00>
ST_10 : Operation 75 [1/1] (0.69ns)   --->   "%store_ln81 = store i32 %gmem0_addr_read, i4 %localA_11_addr" [SA_propagating/src/mmult_explicit.cpp:81]   --->   Operation 75 'store' 'store_ln81' <Predicate = (trunc_ln81 == 11)> <Delay = 0.69> <CoreInst = "RAM">   --->   Core 83 'RAM' <Latency = 1> <II = 1> <Delay = 0.69> <Storage> <Opcode : 'load' 'store'> <Ports = 2> <Width = 32> <Depth = 16> <RAM>
ST_10 : Operation 76 [1/1] (0.00ns)   --->   "%br_ln81 = br void %arrayidx3118.exit" [SA_propagating/src/mmult_explicit.cpp:81]   --->   Operation 76 'br' 'br_ln81' <Predicate = (trunc_ln81 == 11)> <Delay = 0.00>
ST_10 : Operation 77 [1/1] (0.69ns)   --->   "%store_ln81 = store i32 %gmem0_addr_read, i4 %localA_10_addr" [SA_propagating/src/mmult_explicit.cpp:81]   --->   Operation 77 'store' 'store_ln81' <Predicate = (trunc_ln81 == 10)> <Delay = 0.69> <CoreInst = "RAM">   --->   Core 83 'RAM' <Latency = 1> <II = 1> <Delay = 0.69> <Storage> <Opcode : 'load' 'store'> <Ports = 2> <Width = 32> <Depth = 16> <RAM>
ST_10 : Operation 78 [1/1] (0.00ns)   --->   "%br_ln81 = br void %arrayidx3118.exit" [SA_propagating/src/mmult_explicit.cpp:81]   --->   Operation 78 'br' 'br_ln81' <Predicate = (trunc_ln81 == 10)> <Delay = 0.00>
ST_10 : Operation 79 [1/1] (0.69ns)   --->   "%store_ln81 = store i32 %gmem0_addr_read, i4 %localA_9_addr" [SA_propagating/src/mmult_explicit.cpp:81]   --->   Operation 79 'store' 'store_ln81' <Predicate = (trunc_ln81 == 9)> <Delay = 0.69> <CoreInst = "RAM">   --->   Core 83 'RAM' <Latency = 1> <II = 1> <Delay = 0.69> <Storage> <Opcode : 'load' 'store'> <Ports = 2> <Width = 32> <Depth = 16> <RAM>
ST_10 : Operation 80 [1/1] (0.00ns)   --->   "%br_ln81 = br void %arrayidx3118.exit" [SA_propagating/src/mmult_explicit.cpp:81]   --->   Operation 80 'br' 'br_ln81' <Predicate = (trunc_ln81 == 9)> <Delay = 0.00>
ST_10 : Operation 81 [1/1] (0.69ns)   --->   "%store_ln81 = store i32 %gmem0_addr_read, i4 %localA_8_addr" [SA_propagating/src/mmult_explicit.cpp:81]   --->   Operation 81 'store' 'store_ln81' <Predicate = (trunc_ln81 == 8)> <Delay = 0.69> <CoreInst = "RAM">   --->   Core 83 'RAM' <Latency = 1> <II = 1> <Delay = 0.69> <Storage> <Opcode : 'load' 'store'> <Ports = 2> <Width = 32> <Depth = 16> <RAM>
ST_10 : Operation 82 [1/1] (0.00ns)   --->   "%br_ln81 = br void %arrayidx3118.exit" [SA_propagating/src/mmult_explicit.cpp:81]   --->   Operation 82 'br' 'br_ln81' <Predicate = (trunc_ln81 == 8)> <Delay = 0.00>
ST_10 : Operation 83 [1/1] (0.69ns)   --->   "%store_ln81 = store i32 %gmem0_addr_read, i4 %localA_7_addr" [SA_propagating/src/mmult_explicit.cpp:81]   --->   Operation 83 'store' 'store_ln81' <Predicate = (trunc_ln81 == 7)> <Delay = 0.69> <CoreInst = "RAM">   --->   Core 83 'RAM' <Latency = 1> <II = 1> <Delay = 0.69> <Storage> <Opcode : 'load' 'store'> <Ports = 2> <Width = 32> <Depth = 16> <RAM>
ST_10 : Operation 84 [1/1] (0.00ns)   --->   "%br_ln81 = br void %arrayidx3118.exit" [SA_propagating/src/mmult_explicit.cpp:81]   --->   Operation 84 'br' 'br_ln81' <Predicate = (trunc_ln81 == 7)> <Delay = 0.00>
ST_10 : Operation 85 [1/1] (0.69ns)   --->   "%store_ln81 = store i32 %gmem0_addr_read, i4 %localA_6_addr" [SA_propagating/src/mmult_explicit.cpp:81]   --->   Operation 85 'store' 'store_ln81' <Predicate = (trunc_ln81 == 6)> <Delay = 0.69> <CoreInst = "RAM">   --->   Core 83 'RAM' <Latency = 1> <II = 1> <Delay = 0.69> <Storage> <Opcode : 'load' 'store'> <Ports = 2> <Width = 32> <Depth = 16> <RAM>
ST_10 : Operation 86 [1/1] (0.00ns)   --->   "%br_ln81 = br void %arrayidx3118.exit" [SA_propagating/src/mmult_explicit.cpp:81]   --->   Operation 86 'br' 'br_ln81' <Predicate = (trunc_ln81 == 6)> <Delay = 0.00>
ST_10 : Operation 87 [1/1] (0.69ns)   --->   "%store_ln81 = store i32 %gmem0_addr_read, i4 %localA_5_addr" [SA_propagating/src/mmult_explicit.cpp:81]   --->   Operation 87 'store' 'store_ln81' <Predicate = (trunc_ln81 == 5)> <Delay = 0.69> <CoreInst = "RAM">   --->   Core 83 'RAM' <Latency = 1> <II = 1> <Delay = 0.69> <Storage> <Opcode : 'load' 'store'> <Ports = 2> <Width = 32> <Depth = 16> <RAM>
ST_10 : Operation 88 [1/1] (0.00ns)   --->   "%br_ln81 = br void %arrayidx3118.exit" [SA_propagating/src/mmult_explicit.cpp:81]   --->   Operation 88 'br' 'br_ln81' <Predicate = (trunc_ln81 == 5)> <Delay = 0.00>
ST_10 : Operation 89 [1/1] (0.69ns)   --->   "%store_ln81 = store i32 %gmem0_addr_read, i4 %localA_4_addr" [SA_propagating/src/mmult_explicit.cpp:81]   --->   Operation 89 'store' 'store_ln81' <Predicate = (trunc_ln81 == 4)> <Delay = 0.69> <CoreInst = "RAM">   --->   Core 83 'RAM' <Latency = 1> <II = 1> <Delay = 0.69> <Storage> <Opcode : 'load' 'store'> <Ports = 2> <Width = 32> <Depth = 16> <RAM>
ST_10 : Operation 90 [1/1] (0.00ns)   --->   "%br_ln81 = br void %arrayidx3118.exit" [SA_propagating/src/mmult_explicit.cpp:81]   --->   Operation 90 'br' 'br_ln81' <Predicate = (trunc_ln81 == 4)> <Delay = 0.00>
ST_10 : Operation 91 [1/1] (0.69ns)   --->   "%store_ln81 = store i32 %gmem0_addr_read, i4 %localA_3_addr" [SA_propagating/src/mmult_explicit.cpp:81]   --->   Operation 91 'store' 'store_ln81' <Predicate = (trunc_ln81 == 3)> <Delay = 0.69> <CoreInst = "RAM">   --->   Core 83 'RAM' <Latency = 1> <II = 1> <Delay = 0.69> <Storage> <Opcode : 'load' 'store'> <Ports = 2> <Width = 32> <Depth = 16> <RAM>
ST_10 : Operation 92 [1/1] (0.00ns)   --->   "%br_ln81 = br void %arrayidx3118.exit" [SA_propagating/src/mmult_explicit.cpp:81]   --->   Operation 92 'br' 'br_ln81' <Predicate = (trunc_ln81 == 3)> <Delay = 0.00>
ST_10 : Operation 93 [1/1] (0.69ns)   --->   "%store_ln81 = store i32 %gmem0_addr_read, i4 %localA_2_addr" [SA_propagating/src/mmult_explicit.cpp:81]   --->   Operation 93 'store' 'store_ln81' <Predicate = (trunc_ln81 == 2)> <Delay = 0.69> <CoreInst = "RAM">   --->   Core 83 'RAM' <Latency = 1> <II = 1> <Delay = 0.69> <Storage> <Opcode : 'load' 'store'> <Ports = 2> <Width = 32> <Depth = 16> <RAM>
ST_10 : Operation 94 [1/1] (0.00ns)   --->   "%br_ln81 = br void %arrayidx3118.exit" [SA_propagating/src/mmult_explicit.cpp:81]   --->   Operation 94 'br' 'br_ln81' <Predicate = (trunc_ln81 == 2)> <Delay = 0.00>
ST_10 : Operation 95 [1/1] (0.69ns)   --->   "%store_ln81 = store i32 %gmem0_addr_read, i4 %localA_1_addr" [SA_propagating/src/mmult_explicit.cpp:81]   --->   Operation 95 'store' 'store_ln81' <Predicate = (trunc_ln81 == 1)> <Delay = 0.69> <CoreInst = "RAM">   --->   Core 83 'RAM' <Latency = 1> <II = 1> <Delay = 0.69> <Storage> <Opcode : 'load' 'store'> <Ports = 2> <Width = 32> <Depth = 16> <RAM>
ST_10 : Operation 96 [1/1] (0.00ns)   --->   "%br_ln81 = br void %arrayidx3118.exit" [SA_propagating/src/mmult_explicit.cpp:81]   --->   Operation 96 'br' 'br_ln81' <Predicate = (trunc_ln81 == 1)> <Delay = 0.00>
ST_10 : Operation 97 [1/1] (0.69ns)   --->   "%store_ln81 = store i32 %gmem0_addr_read, i4 %localA_addr" [SA_propagating/src/mmult_explicit.cpp:81]   --->   Operation 97 'store' 'store_ln81' <Predicate = (trunc_ln81 == 0)> <Delay = 0.69> <CoreInst = "RAM">   --->   Core 83 'RAM' <Latency = 1> <II = 1> <Delay = 0.69> <Storage> <Opcode : 'load' 'store'> <Ports = 2> <Width = 32> <Depth = 16> <RAM>
ST_10 : Operation 98 [1/1] (0.00ns)   --->   "%br_ln81 = br void %arrayidx3118.exit" [SA_propagating/src/mmult_explicit.cpp:81]   --->   Operation 98 'br' 'br_ln81' <Predicate = (trunc_ln81 == 0)> <Delay = 0.00>
ST_10 : Operation 99 [1/1] (0.69ns)   --->   "%store_ln81 = store i32 %gmem0_addr_read, i4 %localA_15_addr" [SA_propagating/src/mmult_explicit.cpp:81]   --->   Operation 99 'store' 'store_ln81' <Predicate = (trunc_ln81 == 15)> <Delay = 0.69> <CoreInst = "RAM">   --->   Core 83 'RAM' <Latency = 1> <II = 1> <Delay = 0.69> <Storage> <Opcode : 'load' 'store'> <Ports = 2> <Width = 32> <Depth = 16> <RAM>
ST_10 : Operation 100 [1/1] (0.00ns)   --->   "%br_ln81 = br void %arrayidx3118.exit" [SA_propagating/src/mmult_explicit.cpp:81]   --->   Operation 100 'br' 'br_ln81' <Predicate = (trunc_ln81 == 15)> <Delay = 0.00>
ST_10 : Operation 101 [1/1] (0.38ns)   --->   "%store_ln74 = store i32 %i, i32 %i_1" [SA_propagating/src/mmult_explicit.cpp:74]   --->   Operation 101 'store' 'store_ln74' <Predicate = true> <Delay = 0.38>
ST_10 : Operation 102 [1/1] (0.00ns)   --->   "%br_ln74 = br void %for.body23" [SA_propagating/src/mmult_explicit.cpp:74]   --->   Operation 102 'br' 'br_ln74' <Predicate = true> <Delay = 0.00>

State 11 <SV = 8> <Delay = 0.00>
ST_11 : Operation 103 [1/1] (0.00ns)   --->   "%ret_ln0 = ret"   --->   Operation 103 'ret' 'ret_ln0' <Predicate = true> <Delay = 0.00>


============================================================
+ Verbose Summary: Binding
============================================================
STG Binding: 
---------------- STG Properties BEGIN ----------------
- Is combinational: 0
- Is one-state seq: 0
- Is datapath-only: 0
- Is pipelined: 0
- Is top level: 0
Port [ Return ] is wired: 1; IO mode=ap_ctrl_hs:ce=0
Port [ gmem0]:  wired=1; compound=1; hidden=0; nouse=0; global=0; static=0; extern=0; dir=0; type=4; pingpong=0; private_global=0; IO mode=m_axi:ce=0
Port [ sext_ln81]:  wired=1; compound=0; hidden=0; nouse=0; global=0; static=0; extern=0; dir=0; type=0; pingpong=0; private_global=0; IO mode=ap_none:ce=0
Port [ mul]:  wired=1; compound=0; hidden=0; nouse=0; global=0; static=0; extern=0; dir=0; type=0; pingpong=0; private_global=0; IO mode=ap_none:ce=0
Port [ a_col]:  wired=1; compound=0; hidden=0; nouse=0; global=0; static=0; extern=0; dir=0; type=0; pingpong=0; private_global=0; IO mode=ap_none:ce=0
Port [ a]:  wired=1; compound=0; hidden=0; nouse=0; global=0; static=0; extern=0; dir=0; type=0; pingpong=0; private_global=0; IO mode=ap_none:ce=0
Port [ localA]:  wired=1; compound=1; hidden=0; nouse=0; global=0; static=0; extern=0; dir=1; type=1; pingpong=0; private_global=0; MemPort=[03]; IO mode=ap_memory:ce=0
Port [ localA_1]:  wired=1; compound=1; hidden=0; nouse=0; global=0; static=0; extern=0; dir=1; type=1; pingpong=0; private_global=0; MemPort=[03]; IO mode=ap_memory:ce=0
Port [ localA_2]:  wired=1; compound=1; hidden=0; nouse=0; global=0; static=0; extern=0; dir=1; type=1; pingpong=0; private_global=0; MemPort=[03]; IO mode=ap_memory:ce=0
Port [ localA_3]:  wired=1; compound=1; hidden=0; nouse=0; global=0; static=0; extern=0; dir=1; type=1; pingpong=0; private_global=0; MemPort=[03]; IO mode=ap_memory:ce=0
Port [ localA_4]:  wired=1; compound=1; hidden=0; nouse=0; global=0; static=0; extern=0; dir=1; type=1; pingpong=0; private_global=0; MemPort=[03]; IO mode=ap_memory:ce=0
Port [ localA_5]:  wired=1; compound=1; hidden=0; nouse=0; global=0; static=0; extern=0; dir=1; type=1; pingpong=0; private_global=0; MemPort=[03]; IO mode=ap_memory:ce=0
Port [ localA_6]:  wired=1; compound=1; hidden=0; nouse=0; global=0; static=0; extern=0; dir=1; type=1; pingpong=0; private_global=0; MemPort=[03]; IO mode=ap_memory:ce=0
Port [ localA_7]:  wired=1; compound=1; hidden=0; nouse=0; global=0; static=0; extern=0; dir=1; type=1; pingpong=0; private_global=0; MemPort=[03]; IO mode=ap_memory:ce=0
Port [ localA_8]:  wired=1; compound=1; hidden=0; nouse=0; global=0; static=0; extern=0; dir=1; type=1; pingpong=0; private_global=0; MemPort=[03]; IO mode=ap_memory:ce=0
Port [ localA_9]:  wired=1; compound=1; hidden=0; nouse=0; global=0; static=0; extern=0; dir=1; type=1; pingpong=0; private_global=0; MemPort=[03]; IO mode=ap_memory:ce=0
Port [ localA_10]:  wired=1; compound=1; hidden=0; nouse=0; global=0; static=0; extern=0; dir=1; type=1; pingpong=0; private_global=0; MemPort=[03]; IO mode=ap_memory:ce=0
Port [ localA_11]:  wired=1; compound=1; hidden=0; nouse=0; global=0; static=0; extern=0; dir=1; type=1; pingpong=0; private_global=0; MemPort=[03]; IO mode=ap_memory:ce=0
Port [ localA_12]:  wired=1; compound=1; hidden=0; nouse=0; global=0; static=0; extern=0; dir=1; type=1; pingpong=0; private_global=0; MemPort=[03]; IO mode=ap_memory:ce=0
Port [ localA_13]:  wired=1; compound=1; hidden=0; nouse=0; global=0; static=0; extern=0; dir=1; type=1; pingpong=0; private_global=0; MemPort=[03]; IO mode=ap_memory:ce=0
Port [ localA_14]:  wired=1; compound=1; hidden=0; nouse=0; global=0; static=0; extern=0; dir=1; type=1; pingpong=0; private_global=0; MemPort=[03]; IO mode=ap_memory:ce=0
Port [ localA_15]:  wired=1; compound=1; hidden=0; nouse=0; global=0; static=0; extern=0; dir=1; type=1; pingpong=0; private_global=0; MemPort=[03]; IO mode=ap_memory:ce=0
---------------- STG Properties END ------------------

---------------- Datapath Model BEGIN ----------------

<LifeTime>
<method=bitvector/>
j                 (alloca       ) [ 011111111110]
i_1               (alloca       ) [ 011111111110]
loc               (alloca       ) [ 011111111110]
mul_read          (read         ) [ 001111111110]
sext_ln81_read    (read         ) [ 000000000000]
sext_ln81_cast    (sext         ) [ 000000000000]
gmem0_addr        (getelementptr) [ 001111111110]
store_ln0         (store        ) [ 000000000000]
store_ln0         (store        ) [ 000000000000]
store_ln0         (store        ) [ 000000000000]
a5                (read         ) [ 000000000000]
a_col_read        (read         ) [ 000000001110]
specinterface_ln0 (specinterface) [ 000000000000]
p_rd_req          (readreq      ) [ 000000000000]
br_ln0            (br           ) [ 000000000000]
loc_2             (load         ) [ 000000000000]
specbitsmap_ln0   (specbitsmap  ) [ 000000000000]
icmp_ln74         (icmp         ) [ 000000001110]
add_ln74          (add          ) [ 000000000000]
br_ln74           (br           ) [ 000000000000]
j_load            (load         ) [ 000000000000]
icmp_ln77         (icmp         ) [ 000000001110]
j_5               (select       ) [ 000000000000]
trunc_ln81        (trunc        ) [ 000000001110]
switch_ln81       (switch       ) [ 000000000000]
j_6               (add          ) [ 000000000000]
store_ln74        (store        ) [ 000000000000]
store_ln74        (store        ) [ 000000000000]
gmem0_addr_read   (read         ) [ 000000001010]
i_1_load          (load         ) [ 000000000000]
specpipeline_ln76 (specpipeline ) [ 000000000000]
specloopname_ln74 (specloopname ) [ 000000000000]
add_ln78          (add          ) [ 000000000000]
i                 (select       ) [ 000000000000]
zext_ln81         (zext         ) [ 000000000000]
localA_addr       (getelementptr) [ 000000000000]
localA_1_addr     (getelementptr) [ 000000000000]
localA_2_addr     (getelementptr) [ 000000000000]
localA_3_addr     (getelementptr) [ 000000000000]
localA_4_addr     (getelementptr) [ 000000000000]
localA_5_addr     (getelementptr) [ 000000000000]
localA_6_addr     (getelementptr) [ 000000000000]
localA_7_addr     (getelementptr) [ 000000000000]
localA_8_addr     (getelementptr) [ 000000000000]
localA_9_addr     (getelementptr) [ 000000000000]
localA_10_addr    (getelementptr) [ 000000000000]
localA_11_addr    (getelementptr) [ 000000000000]
localA_12_addr    (getelementptr) [ 000000000000]
localA_13_addr    (getelementptr) [ 000000000000]
localA_14_addr    (getelementptr) [ 000000000000]
localA_15_addr    (getelementptr) [ 000000000000]
store_ln81        (store        ) [ 000000000000]
br_ln81           (br           ) [ 000000000000]
store_ln81        (store        ) [ 000000000000]
br_ln81           (br           ) [ 000000000000]
store_ln81        (store        ) [ 000000000000]
br_ln81           (br           ) [ 000000000000]
store_ln81        (store        ) [ 000000000000]
br_ln81           (br           ) [ 000000000000]
store_ln81        (store        ) [ 000000000000]
br_ln81           (br           ) [ 000000000000]
store_ln81        (store        ) [ 000000000000]
br_ln81           (br           ) [ 000000000000]
store_ln81        (store        ) [ 000000000000]
br_ln81           (br           ) [ 000000000000]
store_ln81        (store        ) [ 000000000000]
br_ln81           (br           ) [ 000000000000]
store_ln81        (store        ) [ 000000000000]
br_ln81           (br           ) [ 000000000000]
store_ln81        (store        ) [ 000000000000]
br_ln81           (br           ) [ 000000000000]
store_ln81        (store        ) [ 000000000000]
br_ln81           (br           ) [ 000000000000]
store_ln81        (store        ) [ 000000000000]
br_ln81           (br           ) [ 000000000000]
store_ln81        (store        ) [ 000000000000]
br_ln81           (br           ) [ 000000000000]
store_ln81        (store        ) [ 000000000000]
br_ln81           (br           ) [ 000000000000]
store_ln81        (store        ) [ 000000000000]
br_ln81           (br           ) [ 000000000000]
store_ln81        (store        ) [ 000000000000]
br_ln81           (br           ) [ 000000000000]
store_ln74        (store        ) [ 000000000000]
br_ln74           (br           ) [ 000000000000]
ret_ln0           (ret          ) [ 000000000000]
</LifeTime>

<model>

<comp_list>
<comp id="0" class="1000" name="gmem0">
<pin_list>
<pin id="1" dir="1" index="0" bw="1" slack="0"/>
</pin_list>
<bind>
<StgValue><ssdm name="gmem0"/></StgValue>
</bind>
</comp>

<comp id="2" class="1000" name="sext_ln81">
<pin_list>
<pin id="3" dir="1" index="0" bw="1" slack="0"/>
</pin_list>
<bind>
<StgValue><ssdm name="sext_ln81"/></StgValue>
</bind>
</comp>

<comp id="4" class="1000" name="mul">
<pin_list>
<pin id="5" dir="1" index="0" bw="1" slack="0"/>
</pin_list>
<bind>
<StgValue><ssdm name="mul"/></StgValue>
</bind>
</comp>

<comp id="6" class="1000" name="a_col">
<pin_list>
<pin id="7" dir="1" index="0" bw="1" slack="0"/>
</pin_list>
<bind>
<StgValue><ssdm name="a_col"/></StgValue>
</bind>
</comp>

<comp id="8" class="1000" name="a">
<pin_list>
<pin id="9" dir="1" index="0" bw="1" slack="0"/>
</pin_list>
<bind>
<StgValue><ssdm name="a"/></StgValue>
</bind>
</comp>

<comp id="10" class="1000" name="localA">
<pin_list>
<pin id="11" dir="1" index="0" bw="1" slack="0"/>
</pin_list>
<bind>
<StgValue><ssdm name="localA"/><MemPortTyVec>0 3 </MemPortTyVec>
</StgValue>
</bind>
</comp>

<comp id="12" class="1000" name="localA_1">
<pin_list>
<pin id="13" dir="1" index="0" bw="1" slack="0"/>
</pin_list>
<bind>
<StgValue><ssdm name="localA_1"/><MemPortTyVec>0 3 </MemPortTyVec>
</StgValue>
</bind>
</comp>

<comp id="14" class="1000" name="localA_2">
<pin_list>
<pin id="15" dir="1" index="0" bw="1" slack="0"/>
</pin_list>
<bind>
<StgValue><ssdm name="localA_2"/><MemPortTyVec>0 3 </MemPortTyVec>
</StgValue>
</bind>
</comp>

<comp id="16" class="1000" name="localA_3">
<pin_list>
<pin id="17" dir="1" index="0" bw="1" slack="0"/>
</pin_list>
<bind>
<StgValue><ssdm name="localA_3"/><MemPortTyVec>0 3 </MemPortTyVec>
</StgValue>
</bind>
</comp>

<comp id="18" class="1000" name="localA_4">
<pin_list>
<pin id="19" dir="1" index="0" bw="1" slack="0"/>
</pin_list>
<bind>
<StgValue><ssdm name="localA_4"/><MemPortTyVec>0 3 </MemPortTyVec>
</StgValue>
</bind>
</comp>

<comp id="20" class="1000" name="localA_5">
<pin_list>
<pin id="21" dir="1" index="0" bw="1" slack="0"/>
</pin_list>
<bind>
<StgValue><ssdm name="localA_5"/><MemPortTyVec>0 3 </MemPortTyVec>
</StgValue>
</bind>
</comp>

<comp id="22" class="1000" name="localA_6">
<pin_list>
<pin id="23" dir="1" index="0" bw="1" slack="0"/>
</pin_list>
<bind>
<StgValue><ssdm name="localA_6"/><MemPortTyVec>0 3 </MemPortTyVec>
</StgValue>
</bind>
</comp>

<comp id="24" class="1000" name="localA_7">
<pin_list>
<pin id="25" dir="1" index="0" bw="1" slack="0"/>
</pin_list>
<bind>
<StgValue><ssdm name="localA_7"/><MemPortTyVec>0 3 </MemPortTyVec>
</StgValue>
</bind>
</comp>

<comp id="26" class="1000" name="localA_8">
<pin_list>
<pin id="27" dir="1" index="0" bw="1" slack="0"/>
</pin_list>
<bind>
<StgValue><ssdm name="localA_8"/><MemPortTyVec>0 3 </MemPortTyVec>
</StgValue>
</bind>
</comp>

<comp id="28" class="1000" name="localA_9">
<pin_list>
<pin id="29" dir="1" index="0" bw="1" slack="0"/>
</pin_list>
<bind>
<StgValue><ssdm name="localA_9"/><MemPortTyVec>0 3 </MemPortTyVec>
</StgValue>
</bind>
</comp>

<comp id="30" class="1000" name="localA_10">
<pin_list>
<pin id="31" dir="1" index="0" bw="1" slack="0"/>
</pin_list>
<bind>
<StgValue><ssdm name="localA_10"/><MemPortTyVec>0 3 </MemPortTyVec>
</StgValue>
</bind>
</comp>

<comp id="32" class="1000" name="localA_11">
<pin_list>
<pin id="33" dir="1" index="0" bw="1" slack="0"/>
</pin_list>
<bind>
<StgValue><ssdm name="localA_11"/><MemPortTyVec>0 3 </MemPortTyVec>
</StgValue>
</bind>
</comp>

<comp id="34" class="1000" name="localA_12">
<pin_list>
<pin id="35" dir="1" index="0" bw="1" slack="0"/>
</pin_list>
<bind>
<StgValue><ssdm name="localA_12"/><MemPortTyVec>0 3 </MemPortTyVec>
</StgValue>
</bind>
</comp>

<comp id="36" class="1000" name="localA_13">
<pin_list>
<pin id="37" dir="1" index="0" bw="1" slack="0"/>
</pin_list>
<bind>
<StgValue><ssdm name="localA_13"/><MemPortTyVec>0 3 </MemPortTyVec>
</StgValue>
</bind>
</comp>

<comp id="38" class="1000" name="localA_14">
<pin_list>
<pin id="39" dir="1" index="0" bw="1" slack="0"/>
</pin_list>
<bind>
<StgValue><ssdm name="localA_14"/><MemPortTyVec>0 3 </MemPortTyVec>
</StgValue>
</bind>
</comp>

<comp id="40" class="1000" name="localA_15">
<pin_list>
<pin id="41" dir="1" index="0" bw="1" slack="0"/>
</pin_list>
<bind>
<StgValue><ssdm name="localA_15"/><MemPortTyVec>0 3 </MemPortTyVec>
</StgValue>
</bind>
</comp>

<comp id="42" class="1001" name="const_42">
<pin_list>
<pin id="43" dir="1" index="0" bw="1" slack="0"/>
</pin_list>
<bind>
<StgValue><ssdm name=""/></StgValue>
</bind>
</comp>

<comp id="44" class="1001" name="const_44">
<pin_list>
<pin id="45" dir="1" index="0" bw="1" slack="0"/>
</pin_list>
<bind>
<StgValue><ssdm name="_ssdm_op_Read.ap_auto.i32"/></StgValue>
</bind>
</comp>

<comp id="46" class="1001" name="const_46">
<pin_list>
<pin id="47" dir="1" index="0" bw="1" slack="0"/>
</pin_list>
<bind>
<StgValue><ssdm name="_ssdm_op_Read.ap_auto.i62"/></StgValue>
</bind>
</comp>

<comp id="48" class="1001" name="const_48">
<pin_list>
<pin id="49" dir="1" index="0" bw="1" slack="0"/>
</pin_list>
<bind>
<StgValue><ssdm name="_ssdm_op_ReadReq.m_axi.i32P1A"/></StgValue>
</bind>
</comp>

<comp id="50" class="1001" name="const_50">
<pin_list>
<pin id="51" dir="1" index="0" bw="1" slack="0"/>
</pin_list>
<bind>
<StgValue><ssdm name=""/></StgValue>
</bind>
</comp>

<comp id="52" class="1001" name="const_52">
<pin_list>
<pin id="53" dir="1" index="0" bw="1" slack="0"/>
</pin_list>
<bind>
<StgValue><ssdm name="_ssdm_op_Read.ap_auto.i64"/></StgValue>
</bind>
</comp>

<comp id="54" class="1001" name="const_54">
<pin_list>
<pin id="55" dir="1" index="0" bw="1" slack="2147483647"/>
</pin_list>
<bind>
<StgValue><ssdm name="_ssdm_op_SpecInterface"/></StgValue>
</bind>
</comp>

<comp id="56" class="1001" name="const_56">
<pin_list>
<pin id="57" dir="1" index="0" bw="1" slack="2147483647"/>
</pin_list>
<bind>
<StgValue><ssdm name="empty_8"/></StgValue>
</bind>
</comp>

<comp id="58" class="1001" name="const_58">
<pin_list>
<pin id="59" dir="1" index="0" bw="1" slack="2147483647"/>
</pin_list>
<bind>
<StgValue><ssdm name="empty_9"/></StgValue>
</bind>
</comp>

<comp id="60" class="1001" name="const_60">
<pin_list>
<pin id="61" dir="1" index="0" bw="1" slack="2147483647"/>
</pin_list>
<bind>
<StgValue><ssdm name=""/></StgValue>
</bind>
</comp>

<comp id="62" class="1001" name="const_62">
<pin_list>
<pin id="63" dir="1" index="0" bw="1" slack="2147483647"/>
</pin_list>
<bind>
<StgValue><ssdm name="empty"/></StgValue>
</bind>
</comp>

<comp id="64" class="1001" name="const_64">
<pin_list>
<pin id="65" dir="1" index="0" bw="1" slack="2147483647"/>
</pin_list>
<bind>
<StgValue><ssdm name="empty_0"/></StgValue>
</bind>
</comp>

<comp id="66" class="1001" name="const_66">
<pin_list>
<pin id="67" dir="1" index="0" bw="1" slack="2147483647"/>
</pin_list>
<bind>
<StgValue><ssdm name=""/></StgValue>
</bind>
</comp>

<comp id="68" class="1001" name="const_68">
<pin_list>
<pin id="69" dir="1" index="0" bw="1" slack="2147483647"/>
</pin_list>
<bind>
<StgValue><ssdm name=""/></StgValue>
</bind>
</comp>

<comp id="70" class="1001" name="const_70">
<pin_list>
<pin id="71" dir="1" index="0" bw="1" slack="2147483647"/>
</pin_list>
<bind>
<StgValue><ssdm name="_ssdm_op_SpecBitsMap"/></StgValue>
</bind>
</comp>

<comp id="72" class="1001" name="const_72">
<pin_list>
<pin id="73" dir="1" index="0" bw="1" slack="2147483647"/>
</pin_list>
<bind>
<StgValue><ssdm name=""/></StgValue>
</bind>
</comp>

<comp id="74" class="1001" name="const_74">
<pin_list>
<pin id="75" dir="1" index="0" bw="1" slack="2147483647"/>
</pin_list>
<bind>
<StgValue><ssdm name=""/></StgValue>
</bind>
</comp>

<comp id="76" class="1001" name="const_76">
<pin_list>
<pin id="77" dir="1" index="0" bw="1" slack="2147483647"/>
</pin_list>
<bind>
<StgValue><ssdm name=""/></StgValue>
</bind>
</comp>

<comp id="78" class="1001" name="const_78">
<pin_list>
<pin id="79" dir="1" index="0" bw="1" slack="2147483647"/>
</pin_list>
<bind>
<StgValue><ssdm name=""/></StgValue>
</bind>
</comp>

<comp id="80" class="1001" name="const_80">
<pin_list>
<pin id="81" dir="1" index="0" bw="1" slack="2147483647"/>
</pin_list>
<bind>
<StgValue><ssdm name=""/></StgValue>
</bind>
</comp>

<comp id="82" class="1001" name="const_82">
<pin_list>
<pin id="83" dir="1" index="0" bw="1" slack="2147483647"/>
</pin_list>
<bind>
<StgValue><ssdm name=""/></StgValue>
</bind>
</comp>

<comp id="84" class="1001" name="const_84">
<pin_list>
<pin id="85" dir="1" index="0" bw="1" slack="2147483647"/>
</pin_list>
<bind>
<StgValue><ssdm name=""/></StgValue>
</bind>
</comp>

<comp id="86" class="1001" name="const_86">
<pin_list>
<pin id="87" dir="1" index="0" bw="1" slack="2147483647"/>
</pin_list>
<bind>
<StgValue><ssdm name=""/></StgValue>
</bind>
</comp>

<comp id="88" class="1001" name="const_88">
<pin_list>
<pin id="89" dir="1" index="0" bw="1" slack="2147483647"/>
</pin_list>
<bind>
<StgValue><ssdm name=""/></StgValue>
</bind>
</comp>

<comp id="90" class="1001" name="const_90">
<pin_list>
<pin id="91" dir="1" index="0" bw="1" slack="2147483647"/>
</pin_list>
<bind>
<StgValue><ssdm name=""/></StgValue>
</bind>
</comp>

<comp id="92" class="1001" name="const_92">
<pin_list>
<pin id="93" dir="1" index="0" bw="1" slack="2147483647"/>
</pin_list>
<bind>
<StgValue><ssdm name=""/></StgValue>
</bind>
</comp>

<comp id="94" class="1001" name="const_94">
<pin_list>
<pin id="95" dir="1" index="0" bw="1" slack="2147483647"/>
</pin_list>
<bind>
<StgValue><ssdm name=""/></StgValue>
</bind>
</comp>

<comp id="96" class="1001" name="const_96">
<pin_list>
<pin id="97" dir="1" index="0" bw="1" slack="2147483647"/>
</pin_list>
<bind>
<StgValue><ssdm name=""/></StgValue>
</bind>
</comp>

<comp id="98" class="1001" name="const_98">
<pin_list>
<pin id="99" dir="1" index="0" bw="1" slack="2147483647"/>
</pin_list>
<bind>
<StgValue><ssdm name=""/></StgValue>
</bind>
</comp>

<comp id="100" class="1001" name="const_100">
<pin_list>
<pin id="101" dir="1" index="0" bw="1" slack="2147483647"/>
</pin_list>
<bind>
<StgValue><ssdm name=""/></StgValue>
</bind>
</comp>

<comp id="102" class="1001" name="const_102">
<pin_list>
<pin id="103" dir="1" index="0" bw="1" slack="0"/>
</pin_list>
<bind>
<StgValue><ssdm name="_ssdm_op_Read.m_axi.i32P1A"/></StgValue>
</bind>
</comp>

<comp id="104" class="1001" name="const_104">
<pin_list>
<pin id="105" dir="1" index="0" bw="1" slack="2147483647"/>
</pin_list>
<bind>
<StgValue><ssdm name="_ssdm_op_SpecPipeline"/></StgValue>
</bind>
</comp>

<comp id="106" class="1001" name="const_106">
<pin_list>
<pin id="107" dir="1" index="0" bw="1" slack="2147483647"/>
</pin_list>
<bind>
<StgValue><ssdm name="_ssdm_op_SpecLoopName"/></StgValue>
</bind>
</comp>

<comp id="108" class="1001" name="const_108">
<pin_list>
<pin id="109" dir="1" index="0" bw="1" slack="2147483647"/>
</pin_list>
<bind>
<StgValue><ssdm name="empty_16"/></StgValue>
</bind>
</comp>

<comp id="110" class="1001" name="const_110">
<pin_list>
<pin id="111" dir="1" index="0" bw="1" slack="0"/>
</pin_list>
<bind>
<StgValue><ssdm name=""/></StgValue>
</bind>
</comp>

<comp id="112" class="1004" name="j_fu_112">
<pin_list>
<pin id="113" dir="0" index="0" bw="1" slack="0"/>
<pin id="114" dir="1" index="1" bw="32" slack="0"/>
</pin_list>
<bind>
<opcode="alloca(26) " fcode="alloca"/>
<opset="j/1 "/>
</bind>
</comp>

<comp id="116" class="1004" name="i_1_fu_116">
<pin_list>
<pin id="117" dir="0" index="0" bw="1" slack="0"/>
<pin id="118" dir="1" index="1" bw="32" slack="0"/>
</pin_list>
<bind>
<opcode="alloca(26) " fcode="alloca"/>
<opset="i_1/1 "/>
</bind>
</comp>

<comp id="120" class="1004" name="loc_fu_120">
<pin_list>
<pin id="121" dir="0" index="0" bw="1" slack="0"/>
<pin id="122" dir="1" index="1" bw="32" slack="0"/>
</pin_list>
<bind>
<opcode="alloca(26) " fcode="alloca"/>
<opset="loc/1 "/>
</bind>
</comp>

<comp id="124" class="1004" name="mul_read_read_fu_124">
<pin_list>
<pin id="125" dir="0" index="0" bw="32" slack="0"/>
<pin id="126" dir="0" index="1" bw="32" slack="0"/>
<pin id="127" dir="1" index="2" bw="32" slack="0"/>
</pin_list>
<bind>
<opcode="read(1150) " fcode="read"/>
<opset="mul_read/1 "/>
</bind>
</comp>

<comp id="130" class="1004" name="sext_ln81_read_read_fu_130">
<pin_list>
<pin id="131" dir="0" index="0" bw="62" slack="0"/>
<pin id="132" dir="0" index="1" bw="62" slack="0"/>
<pin id="133" dir="1" index="2" bw="62" slack="0"/>
</pin_list>
<bind>
<opcode="read(1150) " fcode="read"/>
<opset="sext_ln81_read/1 "/>
</bind>
</comp>

<comp id="136" class="1004" name="grp_readreq_fu_136">
<pin_list>
<pin id="137" dir="0" index="0" bw="1" slack="0"/>
<pin id="138" dir="0" index="1" bw="32" slack="0"/>
<pin id="139" dir="0" index="2" bw="32" slack="0"/>
<pin id="140" dir="1" index="3" bw="1" slack="2147483647"/>
</pin_list>
<bind>
<opcode="readreq(1154) " fcode="readreq"/>
<opset="p_rd_req/1 "/>
</bind>
</comp>

<comp id="143" class="1004" name="a5_read_fu_143">
<pin_list>
<pin id="144" dir="0" index="0" bw="64" slack="0"/>
<pin id="145" dir="0" index="1" bw="64" slack="0"/>
<pin id="146" dir="1" index="2" bw="64" slack="2147483647"/>
</pin_list>
<bind>
<opcode="read(1150) " fcode="read"/>
<opset="a5/7 "/>
</bind>
</comp>

<comp id="149" class="1004" name="a_col_read_read_fu_149">
<pin_list>
<pin id="150" dir="0" index="0" bw="32" slack="0"/>
<pin id="151" dir="0" index="1" bw="32" slack="0"/>
<pin id="152" dir="1" index="2" bw="32" slack="1"/>
</pin_list>
<bind>
<opcode="read(1150) " fcode="read"/>
<opset="a_col_read/7 "/>
</bind>
</comp>

<comp id="155" class="1004" name="gmem0_addr_read_read_fu_155">
<pin_list>
<pin id="156" dir="0" index="0" bw="32" slack="0"/>
<pin id="157" dir="0" index="1" bw="32" slack="8"/>
<pin id="158" dir="1" index="2" bw="32" slack="1"/>
</pin_list>
<bind>
<opcode="read(1150) " fcode="read"/>
<opset="gmem0_addr_read/9 "/>
</bind>
</comp>

<comp id="160" class="1004" name="localA_addr_gep_fu_160">
<pin_list>
<pin id="161" dir="0" index="0" bw="32" slack="0"/>
<pin id="162" dir="0" index="1" bw="1" slack="0"/>
<pin id="163" dir="0" index="2" bw="32" slack="0"/>
<pin id="164" dir="1" index="3" bw="4" slack="0"/>
</pin_list>
<bind>
<opcode="getelementptr(29) " fcode="getelementptr"/>
<opset="localA_addr/10 "/>
</bind>
</comp>

<comp id="167" class="1004" name="localA_1_addr_gep_fu_167">
<pin_list>
<pin id="168" dir="0" index="0" bw="32" slack="0"/>
<pin id="169" dir="0" index="1" bw="1" slack="0"/>
<pin id="170" dir="0" index="2" bw="32" slack="0"/>
<pin id="171" dir="1" index="3" bw="4" slack="0"/>
</pin_list>
<bind>
<opcode="getelementptr(29) " fcode="getelementptr"/>
<opset="localA_1_addr/10 "/>
</bind>
</comp>

<comp id="174" class="1004" name="localA_2_addr_gep_fu_174">
<pin_list>
<pin id="175" dir="0" index="0" bw="32" slack="0"/>
<pin id="176" dir="0" index="1" bw="1" slack="0"/>
<pin id="177" dir="0" index="2" bw="32" slack="0"/>
<pin id="178" dir="1" index="3" bw="4" slack="0"/>
</pin_list>
<bind>
<opcode="getelementptr(29) " fcode="getelementptr"/>
<opset="localA_2_addr/10 "/>
</bind>
</comp>

<comp id="181" class="1004" name="localA_3_addr_gep_fu_181">
<pin_list>
<pin id="182" dir="0" index="0" bw="32" slack="0"/>
<pin id="183" dir="0" index="1" bw="1" slack="0"/>
<pin id="184" dir="0" index="2" bw="32" slack="0"/>
<pin id="185" dir="1" index="3" bw="4" slack="0"/>
</pin_list>
<bind>
<opcode="getelementptr(29) " fcode="getelementptr"/>
<opset="localA_3_addr/10 "/>
</bind>
</comp>

<comp id="188" class="1004" name="localA_4_addr_gep_fu_188">
<pin_list>
<pin id="189" dir="0" index="0" bw="32" slack="0"/>
<pin id="190" dir="0" index="1" bw="1" slack="0"/>
<pin id="191" dir="0" index="2" bw="32" slack="0"/>
<pin id="192" dir="1" index="3" bw="4" slack="0"/>
</pin_list>
<bind>
<opcode="getelementptr(29) " fcode="getelementptr"/>
<opset="localA_4_addr/10 "/>
</bind>
</comp>

<comp id="195" class="1004" name="localA_5_addr_gep_fu_195">
<pin_list>
<pin id="196" dir="0" index="0" bw="32" slack="0"/>
<pin id="197" dir="0" index="1" bw="1" slack="0"/>
<pin id="198" dir="0" index="2" bw="32" slack="0"/>
<pin id="199" dir="1" index="3" bw="4" slack="0"/>
</pin_list>
<bind>
<opcode="getelementptr(29) " fcode="getelementptr"/>
<opset="localA_5_addr/10 "/>
</bind>
</comp>

<comp id="202" class="1004" name="localA_6_addr_gep_fu_202">
<pin_list>
<pin id="203" dir="0" index="0" bw="32" slack="0"/>
<pin id="204" dir="0" index="1" bw="1" slack="0"/>
<pin id="205" dir="0" index="2" bw="32" slack="0"/>
<pin id="206" dir="1" index="3" bw="4" slack="0"/>
</pin_list>
<bind>
<opcode="getelementptr(29) " fcode="getelementptr"/>
<opset="localA_6_addr/10 "/>
</bind>
</comp>

<comp id="209" class="1004" name="localA_7_addr_gep_fu_209">
<pin_list>
<pin id="210" dir="0" index="0" bw="32" slack="0"/>
<pin id="211" dir="0" index="1" bw="1" slack="0"/>
<pin id="212" dir="0" index="2" bw="32" slack="0"/>
<pin id="213" dir="1" index="3" bw="4" slack="0"/>
</pin_list>
<bind>
<opcode="getelementptr(29) " fcode="getelementptr"/>
<opset="localA_7_addr/10 "/>
</bind>
</comp>

<comp id="216" class="1004" name="localA_8_addr_gep_fu_216">
<pin_list>
<pin id="217" dir="0" index="0" bw="32" slack="0"/>
<pin id="218" dir="0" index="1" bw="1" slack="0"/>
<pin id="219" dir="0" index="2" bw="32" slack="0"/>
<pin id="220" dir="1" index="3" bw="4" slack="0"/>
</pin_list>
<bind>
<opcode="getelementptr(29) " fcode="getelementptr"/>
<opset="localA_8_addr/10 "/>
</bind>
</comp>

<comp id="223" class="1004" name="localA_9_addr_gep_fu_223">
<pin_list>
<pin id="224" dir="0" index="0" bw="32" slack="0"/>
<pin id="225" dir="0" index="1" bw="1" slack="0"/>
<pin id="226" dir="0" index="2" bw="32" slack="0"/>
<pin id="227" dir="1" index="3" bw="4" slack="0"/>
</pin_list>
<bind>
<opcode="getelementptr(29) " fcode="getelementptr"/>
<opset="localA_9_addr/10 "/>
</bind>
</comp>

<comp id="230" class="1004" name="localA_10_addr_gep_fu_230">
<pin_list>
<pin id="231" dir="0" index="0" bw="32" slack="0"/>
<pin id="232" dir="0" index="1" bw="1" slack="0"/>
<pin id="233" dir="0" index="2" bw="32" slack="0"/>
<pin id="234" dir="1" index="3" bw="4" slack="0"/>
</pin_list>
<bind>
<opcode="getelementptr(29) " fcode="getelementptr"/>
<opset="localA_10_addr/10 "/>
</bind>
</comp>

<comp id="237" class="1004" name="localA_11_addr_gep_fu_237">
<pin_list>
<pin id="238" dir="0" index="0" bw="32" slack="0"/>
<pin id="239" dir="0" index="1" bw="1" slack="0"/>
<pin id="240" dir="0" index="2" bw="32" slack="0"/>
<pin id="241" dir="1" index="3" bw="4" slack="0"/>
</pin_list>
<bind>
<opcode="getelementptr(29) " fcode="getelementptr"/>
<opset="localA_11_addr/10 "/>
</bind>
</comp>

<comp id="244" class="1004" name="localA_12_addr_gep_fu_244">
<pin_list>
<pin id="245" dir="0" index="0" bw="32" slack="0"/>
<pin id="246" dir="0" index="1" bw="1" slack="0"/>
<pin id="247" dir="0" index="2" bw="32" slack="0"/>
<pin id="248" dir="1" index="3" bw="4" slack="0"/>
</pin_list>
<bind>
<opcode="getelementptr(29) " fcode="getelementptr"/>
<opset="localA_12_addr/10 "/>
</bind>
</comp>

<comp id="251" class="1004" name="localA_13_addr_gep_fu_251">
<pin_list>
<pin id="252" dir="0" index="0" bw="32" slack="0"/>
<pin id="253" dir="0" index="1" bw="1" slack="0"/>
<pin id="254" dir="0" index="2" bw="32" slack="0"/>
<pin id="255" dir="1" index="3" bw="4" slack="0"/>
</pin_list>
<bind>
<opcode="getelementptr(29) " fcode="getelementptr"/>
<opset="localA_13_addr/10 "/>
</bind>
</comp>

<comp id="258" class="1004" name="localA_14_addr_gep_fu_258">
<pin_list>
<pin id="259" dir="0" index="0" bw="32" slack="0"/>
<pin id="260" dir="0" index="1" bw="1" slack="0"/>
<pin id="261" dir="0" index="2" bw="32" slack="0"/>
<pin id="262" dir="1" index="3" bw="4" slack="0"/>
</pin_list>
<bind>
<opcode="getelementptr(29) " fcode="getelementptr"/>
<opset="localA_14_addr/10 "/>
</bind>
</comp>

<comp id="265" class="1004" name="localA_15_addr_gep_fu_265">
<pin_list>
<pin id="266" dir="0" index="0" bw="32" slack="0"/>
<pin id="267" dir="0" index="1" bw="1" slack="0"/>
<pin id="268" dir="0" index="2" bw="32" slack="0"/>
<pin id="269" dir="1" index="3" bw="4" slack="0"/>
</pin_list>
<bind>
<opcode="getelementptr(29) " fcode="getelementptr"/>
<opset="localA_15_addr/10 "/>
</bind>
</comp>

<comp id="272" class="1004" name="store_ln81_access_fu_272">
<pin_list>
<pin id="273" dir="0" index="0" bw="4" slack="0"/>
<pin id="274" dir="0" index="1" bw="32" slack="1"/>
<pin id="275" dir="0" index="2" bw="0" slack="2147483647"/>
<pin id="276" dir="1" index="3" bw="32" slack="2147483647"/>
</pin_list>
<bind>
<opcode="store(28) " fcode="store"/>
<opset="store_ln81/10 "/>
</bind>
</comp>

<comp id="278" class="1004" name="store_ln81_access_fu_278">
<pin_list>
<pin id="279" dir="0" index="0" bw="4" slack="0"/>
<pin id="280" dir="0" index="1" bw="32" slack="1"/>
<pin id="281" dir="0" index="2" bw="0" slack="2147483647"/>
<pin id="282" dir="1" index="3" bw="32" slack="2147483647"/>
</pin_list>
<bind>
<opcode="store(28) " fcode="store"/>
<opset="store_ln81/10 "/>
</bind>
</comp>

<comp id="284" class="1004" name="store_ln81_access_fu_284">
<pin_list>
<pin id="285" dir="0" index="0" bw="4" slack="0"/>
<pin id="286" dir="0" index="1" bw="32" slack="1"/>
<pin id="287" dir="0" index="2" bw="0" slack="2147483647"/>
<pin id="288" dir="1" index="3" bw="32" slack="2147483647"/>
</pin_list>
<bind>
<opcode="store(28) " fcode="store"/>
<opset="store_ln81/10 "/>
</bind>
</comp>

<comp id="290" class="1004" name="store_ln81_access_fu_290">
<pin_list>
<pin id="291" dir="0" index="0" bw="4" slack="0"/>
<pin id="292" dir="0" index="1" bw="32" slack="1"/>
<pin id="293" dir="0" index="2" bw="0" slack="2147483647"/>
<pin id="294" dir="1" index="3" bw="32" slack="2147483647"/>
</pin_list>
<bind>
<opcode="store(28) " fcode="store"/>
<opset="store_ln81/10 "/>
</bind>
</comp>

<comp id="296" class="1004" name="store_ln81_access_fu_296">
<pin_list>
<pin id="297" dir="0" index="0" bw="4" slack="0"/>
<pin id="298" dir="0" index="1" bw="32" slack="1"/>
<pin id="299" dir="0" index="2" bw="0" slack="2147483647"/>
<pin id="300" dir="1" index="3" bw="32" slack="2147483647"/>
</pin_list>
<bind>
<opcode="store(28) " fcode="store"/>
<opset="store_ln81/10 "/>
</bind>
</comp>

<comp id="302" class="1004" name="store_ln81_access_fu_302">
<pin_list>
<pin id="303" dir="0" index="0" bw="4" slack="0"/>
<pin id="304" dir="0" index="1" bw="32" slack="1"/>
<pin id="305" dir="0" index="2" bw="0" slack="2147483647"/>
<pin id="306" dir="1" index="3" bw="32" slack="2147483647"/>
</pin_list>
<bind>
<opcode="store(28) " fcode="store"/>
<opset="store_ln81/10 "/>
</bind>
</comp>

<comp id="308" class="1004" name="store_ln81_access_fu_308">
<pin_list>
<pin id="309" dir="0" index="0" bw="4" slack="0"/>
<pin id="310" dir="0" index="1" bw="32" slack="1"/>
<pin id="311" dir="0" index="2" bw="0" slack="2147483647"/>
<pin id="312" dir="1" index="3" bw="32" slack="2147483647"/>
</pin_list>
<bind>
<opcode="store(28) " fcode="store"/>
<opset="store_ln81/10 "/>
</bind>
</comp>

<comp id="314" class="1004" name="store_ln81_access_fu_314">
<pin_list>
<pin id="315" dir="0" index="0" bw="4" slack="0"/>
<pin id="316" dir="0" index="1" bw="32" slack="1"/>
<pin id="317" dir="0" index="2" bw="0" slack="2147483647"/>
<pin id="318" dir="1" index="3" bw="32" slack="2147483647"/>
</pin_list>
<bind>
<opcode="store(28) " fcode="store"/>
<opset="store_ln81/10 "/>
</bind>
</comp>

<comp id="320" class="1004" name="store_ln81_access_fu_320">
<pin_list>
<pin id="321" dir="0" index="0" bw="4" slack="0"/>
<pin id="322" dir="0" index="1" bw="32" slack="1"/>
<pin id="323" dir="0" index="2" bw="0" slack="2147483647"/>
<pin id="324" dir="1" index="3" bw="32" slack="2147483647"/>
</pin_list>
<bind>
<opcode="store(28) " fcode="store"/>
<opset="store_ln81/10 "/>
</bind>
</comp>

<comp id="326" class="1004" name="store_ln81_access_fu_326">
<pin_list>
<pin id="327" dir="0" index="0" bw="4" slack="0"/>
<pin id="328" dir="0" index="1" bw="32" slack="1"/>
<pin id="329" dir="0" index="2" bw="0" slack="2147483647"/>
<pin id="330" dir="1" index="3" bw="32" slack="2147483647"/>
</pin_list>
<bind>
<opcode="store(28) " fcode="store"/>
<opset="store_ln81/10 "/>
</bind>
</comp>

<comp id="332" class="1004" name="store_ln81_access_fu_332">
<pin_list>
<pin id="333" dir="0" index="0" bw="4" slack="0"/>
<pin id="334" dir="0" index="1" bw="32" slack="1"/>
<pin id="335" dir="0" index="2" bw="0" slack="2147483647"/>
<pin id="336" dir="1" index="3" bw="32" slack="2147483647"/>
</pin_list>
<bind>
<opcode="store(28) " fcode="store"/>
<opset="store_ln81/10 "/>
</bind>
</comp>

<comp id="338" class="1004" name="store_ln81_access_fu_338">
<pin_list>
<pin id="339" dir="0" index="0" bw="4" slack="0"/>
<pin id="340" dir="0" index="1" bw="32" slack="1"/>
<pin id="341" dir="0" index="2" bw="0" slack="2147483647"/>
<pin id="342" dir="1" index="3" bw="32" slack="2147483647"/>
</pin_list>
<bind>
<opcode="store(28) " fcode="store"/>
<opset="store_ln81/10 "/>
</bind>
</comp>

<comp id="344" class="1004" name="store_ln81_access_fu_344">
<pin_list>
<pin id="345" dir="0" index="0" bw="4" slack="0"/>
<pin id="346" dir="0" index="1" bw="32" slack="1"/>
<pin id="347" dir="0" index="2" bw="0" slack="2147483647"/>
<pin id="348" dir="1" index="3" bw="32" slack="2147483647"/>
</pin_list>
<bind>
<opcode="store(28) " fcode="store"/>
<opset="store_ln81/10 "/>
</bind>
</comp>

<comp id="350" class="1004" name="store_ln81_access_fu_350">
<pin_list>
<pin id="351" dir="0" index="0" bw="4" slack="0"/>
<pin id="352" dir="0" index="1" bw="32" slack="1"/>
<pin id="353" dir="0" index="2" bw="0" slack="2147483647"/>
<pin id="354" dir="1" index="3" bw="32" slack="2147483647"/>
</pin_list>
<bind>
<opcode="store(28) " fcode="store"/>
<opset="store_ln81/10 "/>
</bind>
</comp>

<comp id="356" class="1004" name="store_ln81_access_fu_356">
<pin_list>
<pin id="357" dir="0" index="0" bw="4" slack="0"/>
<pin id="358" dir="0" index="1" bw="32" slack="1"/>
<pin id="359" dir="0" index="2" bw="0" slack="2147483647"/>
<pin id="360" dir="1" index="3" bw="32" slack="2147483647"/>
</pin_list>
<bind>
<opcode="store(28) " fcode="store"/>
<opset="store_ln81/10 "/>
</bind>
</comp>

<comp id="362" class="1004" name="store_ln81_access_fu_362">
<pin_list>
<pin id="363" dir="0" index="0" bw="4" slack="0"/>
<pin id="364" dir="0" index="1" bw="32" slack="1"/>
<pin id="365" dir="0" index="2" bw="0" slack="2147483647"/>
<pin id="366" dir="1" index="3" bw="32" slack="2147483647"/>
</pin_list>
<bind>
<opcode="store(28) " fcode="store"/>
<opset="store_ln81/10 "/>
</bind>
</comp>

<comp id="368" class="1004" name="sext_ln81_cast_fu_368">
<pin_list>
<pin id="369" dir="0" index="0" bw="62" slack="0"/>
<pin id="370" dir="1" index="1" bw="64" slack="0"/>
</pin_list>
<bind>
<opcode="sext(35) " fcode="sext"/>
<opset="sext_ln81_cast/1 "/>
</bind>
</comp>

<comp id="372" class="1004" name="gmem0_addr_fu_372">
<pin_list>
<pin id="373" dir="0" index="0" bw="32" slack="0"/>
<pin id="374" dir="0" index="1" bw="62" slack="0"/>
<pin id="375" dir="1" index="2" bw="32" slack="0"/>
</pin_list>
<bind>
<opcode="getelementptr(29) " fcode="getelementptr"/>
<opset="gmem0_addr/1 "/>
</bind>
</comp>

<comp id="379" class="1004" name="store_ln0_store_fu_379">
<pin_list>
<pin id="380" dir="0" index="0" bw="1" slack="0"/>
<pin id="381" dir="0" index="1" bw="32" slack="0"/>
<pin id="382" dir="1" index="2" bw="0" slack="2147483647"/>
</pin_list>
<bind>
<opcode="store(28) " fcode="store"/>
<opset="store_ln0/1 "/>
</bind>
</comp>

<comp id="384" class="1004" name="store_ln0_store_fu_384">
<pin_list>
<pin id="385" dir="0" index="0" bw="1" slack="0"/>
<pin id="386" dir="0" index="1" bw="32" slack="0"/>
<pin id="387" dir="1" index="2" bw="0" slack="2147483647"/>
</pin_list>
<bind>
<opcode="store(28) " fcode="store"/>
<opset="store_ln0/1 "/>
</bind>
</comp>

<comp id="389" class="1004" name="store_ln0_store_fu_389">
<pin_list>
<pin id="390" dir="0" index="0" bw="1" slack="0"/>
<pin id="391" dir="0" index="1" bw="32" slack="0"/>
<pin id="392" dir="1" index="2" bw="0" slack="2147483647"/>
</pin_list>
<bind>
<opcode="store(28) " fcode="store"/>
<opset="store_ln0/1 "/>
</bind>
</comp>

<comp id="394" class="1004" name="loc_2_load_fu_394">
<pin_list>
<pin id="395" dir="0" index="0" bw="32" slack="7"/>
<pin id="396" dir="1" index="1" bw="32" slack="0"/>
</pin_list>
<bind>
<opcode="load(27) " fcode="load"/>
<opset="loc_2/8 "/>
</bind>
</comp>

<comp id="397" class="1004" name="icmp_ln74_fu_397">
<pin_list>
<pin id="398" dir="0" index="0" bw="32" slack="0"/>
<pin id="399" dir="0" index="1" bw="32" slack="7"/>
<pin id="400" dir="1" index="2" bw="1" slack="2147483647"/>
</pin_list>
<bind>
<opcode="icmp(45) " fcode="icmp"/>
<opset="icmp_ln74/8 "/>
</bind>
</comp>

<comp id="402" class="1004" name="add_ln74_fu_402">
<pin_list>
<pin id="403" dir="0" index="0" bw="32" slack="0"/>
<pin id="404" dir="0" index="1" bw="1" slack="0"/>
<pin id="405" dir="1" index="2" bw="32" slack="0"/>
</pin_list>
<bind>
<opcode="add(8) " fcode="add"/>
<opset="add_ln74/8 "/>
</bind>
</comp>

<comp id="408" class="1004" name="j_load_load_fu_408">
<pin_list>
<pin id="409" dir="0" index="0" bw="32" slack="7"/>
<pin id="410" dir="1" index="1" bw="32" slack="0"/>
</pin_list>
<bind>
<opcode="load(27) " fcode="load"/>
<opset="j_load/8 "/>
</bind>
</comp>

<comp id="411" class="1004" name="icmp_ln77_fu_411">
<pin_list>
<pin id="412" dir="0" index="0" bw="32" slack="0"/>
<pin id="413" dir="0" index="1" bw="32" slack="1"/>
<pin id="414" dir="1" index="2" bw="1" slack="0"/>
</pin_list>
<bind>
<opcode="icmp(45) " fcode="icmp"/>
<opset="icmp_ln77/8 "/>
</bind>
</comp>

<comp id="416" class="1004" name="j_5_fu_416">
<pin_list>
<pin id="417" dir="0" index="0" bw="1" slack="0"/>
<pin id="418" dir="0" index="1" bw="1" slack="0"/>
<pin id="419" dir="0" index="2" bw="32" slack="0"/>
<pin id="420" dir="1" index="3" bw="32" slack="0"/>
</pin_list>
<bind>
<opcode="select(49) " fcode="select"/>
<opset="j_5/8 "/>
</bind>
</comp>

<comp id="424" class="1004" name="trunc_ln81_fu_424">
<pin_list>
<pin id="425" dir="0" index="0" bw="32" slack="0"/>
<pin id="426" dir="1" index="1" bw="4" slack="2"/>
</pin_list>
<bind>
<opcode="trunc(33) " fcode="trunc"/>
<opset="trunc_ln81/8 "/>
</bind>
</comp>

<comp id="428" class="1004" name="j_6_fu_428">
<pin_list>
<pin id="429" dir="0" index="0" bw="32" slack="0"/>
<pin id="430" dir="0" index="1" bw="1" slack="0"/>
<pin id="431" dir="1" index="2" bw="32" slack="0"/>
</pin_list>
<bind>
<opcode="add(8) " fcode="add"/>
<opset="j_6/8 "/>
</bind>
</comp>

<comp id="434" class="1004" name="store_ln74_store_fu_434">
<pin_list>
<pin id="435" dir="0" index="0" bw="32" slack="0"/>
<pin id="436" dir="0" index="1" bw="32" slack="7"/>
<pin id="437" dir="1" index="2" bw="0" slack="2147483647"/>
</pin_list>
<bind>
<opcode="store(28) " fcode="store"/>
<opset="store_ln74/8 "/>
</bind>
</comp>

<comp id="439" class="1004" name="store_ln74_store_fu_439">
<pin_list>
<pin id="440" dir="0" index="0" bw="32" slack="0"/>
<pin id="441" dir="0" index="1" bw="32" slack="7"/>
<pin id="442" dir="1" index="2" bw="0" slack="2147483647"/>
</pin_list>
<bind>
<opcode="store(28) " fcode="store"/>
<opset="store_ln74/8 "/>
</bind>
</comp>

<comp id="444" class="1004" name="i_1_load_load_fu_444">
<pin_list>
<pin id="445" dir="0" index="0" bw="32" slack="9"/>
<pin id="446" dir="1" index="1" bw="32" slack="0"/>
</pin_list>
<bind>
<opcode="load(27) " fcode="load"/>
<opset="i_1_load/10 "/>
</bind>
</comp>

<comp id="447" class="1004" name="add_ln78_fu_447">
<pin_list>
<pin id="448" dir="0" index="0" bw="32" slack="0"/>
<pin id="449" dir="0" index="1" bw="1" slack="0"/>
<pin id="450" dir="1" index="2" bw="32" slack="0"/>
</pin_list>
<bind>
<opcode="add(8) " fcode="add"/>
<opset="add_ln78/10 "/>
</bind>
</comp>

<comp id="453" class="1004" name="i_fu_453">
<pin_list>
<pin id="454" dir="0" index="0" bw="1" slack="2"/>
<pin id="455" dir="0" index="1" bw="32" slack="0"/>
<pin id="456" dir="0" index="2" bw="32" slack="0"/>
<pin id="457" dir="1" index="3" bw="32" slack="0"/>
</pin_list>
<bind>
<opcode="select(49) " fcode="select"/>
<opset="i/10 "/>
</bind>
</comp>

<comp id="460" class="1004" name="zext_ln81_fu_460">
<pin_list>
<pin id="461" dir="0" index="0" bw="32" slack="0"/>
<pin id="462" dir="1" index="1" bw="64" slack="0"/>
</pin_list>
<bind>
<opcode="zext(34) " fcode="zext"/>
<opset="zext_ln81/10 "/>
</bind>
</comp>

<comp id="480" class="1004" name="store_ln74_store_fu_480">
<pin_list>
<pin id="481" dir="0" index="0" bw="32" slack="0"/>
<pin id="482" dir="0" index="1" bw="32" slack="9"/>
<pin id="483" dir="1" index="2" bw="0" slack="2147483647"/>
</pin_list>
<bind>
<opcode="store(28) " fcode="store"/>
<opset="store_ln74/10 "/>
</bind>
</comp>

<comp id="485" class="1005" name="j_reg_485">
<pin_list>
<pin id="486" dir="0" index="0" bw="32" slack="0"/>
<pin id="487" dir="1" index="1" bw="32" slack="0"/>
</pin_list>
<bind>
<opset="j "/>
</bind>
</comp>

<comp id="492" class="1005" name="i_1_reg_492">
<pin_list>
<pin id="493" dir="0" index="0" bw="32" slack="0"/>
<pin id="494" dir="1" index="1" bw="32" slack="0"/>
</pin_list>
<bind>
<opset="i_1 "/>
</bind>
</comp>

<comp id="499" class="1005" name="loc_reg_499">
<pin_list>
<pin id="500" dir="0" index="0" bw="32" slack="0"/>
<pin id="501" dir="1" index="1" bw="32" slack="0"/>
</pin_list>
<bind>
<opset="loc "/>
</bind>
</comp>

<comp id="506" class="1005" name="mul_read_reg_506">
<pin_list>
<pin id="507" dir="0" index="0" bw="32" slack="1"/>
<pin id="508" dir="1" index="1" bw="32" slack="1"/>
</pin_list>
<bind>
<opset="mul_read "/>
</bind>
</comp>

<comp id="512" class="1005" name="gmem0_addr_reg_512">
<pin_list>
<pin id="513" dir="0" index="0" bw="32" slack="1"/>
<pin id="514" dir="1" index="1" bw="32" slack="1"/>
</pin_list>
<bind>
<opset="gmem0_addr "/>
</bind>
</comp>

<comp id="518" class="1005" name="a_col_read_reg_518">
<pin_list>
<pin id="519" dir="0" index="0" bw="32" slack="1"/>
<pin id="520" dir="1" index="1" bw="32" slack="1"/>
</pin_list>
<bind>
<opset="a_col_read "/>
</bind>
</comp>

<comp id="526" class="1005" name="icmp_ln77_reg_526">
<pin_list>
<pin id="527" dir="0" index="0" bw="1" slack="2"/>
<pin id="528" dir="1" index="1" bw="1" slack="2"/>
</pin_list>
<bind>
<opset="icmp_ln77 "/>
</bind>
</comp>

<comp id="531" class="1005" name="trunc_ln81_reg_531">
<pin_list>
<pin id="532" dir="0" index="0" bw="4" slack="2"/>
<pin id="533" dir="1" index="1" bw="4" slack="2147483647"/>
</pin_list>
<bind>
<opset="trunc_ln81 "/>
</bind>
</comp>

<comp id="535" class="1005" name="gmem0_addr_read_reg_535">
<pin_list>
<pin id="536" dir="0" index="0" bw="32" slack="1"/>
<pin id="537" dir="1" index="1" bw="32" slack="1"/>
</pin_list>
<bind>
<opset="gmem0_addr_read "/>
</bind>
</comp>

</comp_list>

<net_list>
<net id="115"><net_src comp="42" pin="0"/><net_sink comp="112" pin=0"/></net>

<net id="119"><net_src comp="42" pin="0"/><net_sink comp="116" pin=0"/></net>

<net id="123"><net_src comp="42" pin="0"/><net_sink comp="120" pin=0"/></net>

<net id="128"><net_src comp="44" pin="0"/><net_sink comp="124" pin=0"/></net>

<net id="129"><net_src comp="4" pin="0"/><net_sink comp="124" pin=1"/></net>

<net id="134"><net_src comp="46" pin="0"/><net_sink comp="130" pin=0"/></net>

<net id="135"><net_src comp="2" pin="0"/><net_sink comp="130" pin=1"/></net>

<net id="141"><net_src comp="48" pin="0"/><net_sink comp="136" pin=0"/></net>

<net id="142"><net_src comp="124" pin="2"/><net_sink comp="136" pin=2"/></net>

<net id="147"><net_src comp="52" pin="0"/><net_sink comp="143" pin=0"/></net>

<net id="148"><net_src comp="8" pin="0"/><net_sink comp="143" pin=1"/></net>

<net id="153"><net_src comp="44" pin="0"/><net_sink comp="149" pin=0"/></net>

<net id="154"><net_src comp="6" pin="0"/><net_sink comp="149" pin=1"/></net>

<net id="159"><net_src comp="102" pin="0"/><net_sink comp="155" pin=0"/></net>

<net id="165"><net_src comp="10" pin="0"/><net_sink comp="160" pin=0"/></net>

<net id="166"><net_src comp="110" pin="0"/><net_sink comp="160" pin=1"/></net>

<net id="172"><net_src comp="12" pin="0"/><net_sink comp="167" pin=0"/></net>

<net id="173"><net_src comp="110" pin="0"/><net_sink comp="167" pin=1"/></net>

<net id="179"><net_src comp="14" pin="0"/><net_sink comp="174" pin=0"/></net>

<net id="180"><net_src comp="110" pin="0"/><net_sink comp="174" pin=1"/></net>

<net id="186"><net_src comp="16" pin="0"/><net_sink comp="181" pin=0"/></net>

<net id="187"><net_src comp="110" pin="0"/><net_sink comp="181" pin=1"/></net>

<net id="193"><net_src comp="18" pin="0"/><net_sink comp="188" pin=0"/></net>

<net id="194"><net_src comp="110" pin="0"/><net_sink comp="188" pin=1"/></net>

<net id="200"><net_src comp="20" pin="0"/><net_sink comp="195" pin=0"/></net>

<net id="201"><net_src comp="110" pin="0"/><net_sink comp="195" pin=1"/></net>

<net id="207"><net_src comp="22" pin="0"/><net_sink comp="202" pin=0"/></net>

<net id="208"><net_src comp="110" pin="0"/><net_sink comp="202" pin=1"/></net>

<net id="214"><net_src comp="24" pin="0"/><net_sink comp="209" pin=0"/></net>

<net id="215"><net_src comp="110" pin="0"/><net_sink comp="209" pin=1"/></net>

<net id="221"><net_src comp="26" pin="0"/><net_sink comp="216" pin=0"/></net>

<net id="222"><net_src comp="110" pin="0"/><net_sink comp="216" pin=1"/></net>

<net id="228"><net_src comp="28" pin="0"/><net_sink comp="223" pin=0"/></net>

<net id="229"><net_src comp="110" pin="0"/><net_sink comp="223" pin=1"/></net>

<net id="235"><net_src comp="30" pin="0"/><net_sink comp="230" pin=0"/></net>

<net id="236"><net_src comp="110" pin="0"/><net_sink comp="230" pin=1"/></net>

<net id="242"><net_src comp="32" pin="0"/><net_sink comp="237" pin=0"/></net>

<net id="243"><net_src comp="110" pin="0"/><net_sink comp="237" pin=1"/></net>

<net id="249"><net_src comp="34" pin="0"/><net_sink comp="244" pin=0"/></net>

<net id="250"><net_src comp="110" pin="0"/><net_sink comp="244" pin=1"/></net>

<net id="256"><net_src comp="36" pin="0"/><net_sink comp="251" pin=0"/></net>

<net id="257"><net_src comp="110" pin="0"/><net_sink comp="251" pin=1"/></net>

<net id="263"><net_src comp="38" pin="0"/><net_sink comp="258" pin=0"/></net>

<net id="264"><net_src comp="110" pin="0"/><net_sink comp="258" pin=1"/></net>

<net id="270"><net_src comp="40" pin="0"/><net_sink comp="265" pin=0"/></net>

<net id="271"><net_src comp="110" pin="0"/><net_sink comp="265" pin=1"/></net>

<net id="277"><net_src comp="258" pin="3"/><net_sink comp="272" pin=0"/></net>

<net id="283"><net_src comp="251" pin="3"/><net_sink comp="278" pin=0"/></net>

<net id="289"><net_src comp="244" pin="3"/><net_sink comp="284" pin=0"/></net>

<net id="295"><net_src comp="237" pin="3"/><net_sink comp="290" pin=0"/></net>

<net id="301"><net_src comp="230" pin="3"/><net_sink comp="296" pin=0"/></net>

<net id="307"><net_src comp="223" pin="3"/><net_sink comp="302" pin=0"/></net>

<net id="313"><net_src comp="216" pin="3"/><net_sink comp="308" pin=0"/></net>

<net id="319"><net_src comp="209" pin="3"/><net_sink comp="314" pin=0"/></net>

<net id="325"><net_src comp="202" pin="3"/><net_sink comp="320" pin=0"/></net>

<net id="331"><net_src comp="195" pin="3"/><net_sink comp="326" pin=0"/></net>

<net id="337"><net_src comp="188" pin="3"/><net_sink comp="332" pin=0"/></net>

<net id="343"><net_src comp="181" pin="3"/><net_sink comp="338" pin=0"/></net>

<net id="349"><net_src comp="174" pin="3"/><net_sink comp="344" pin=0"/></net>

<net id="355"><net_src comp="167" pin="3"/><net_sink comp="350" pin=0"/></net>

<net id="361"><net_src comp="160" pin="3"/><net_sink comp="356" pin=0"/></net>

<net id="367"><net_src comp="265" pin="3"/><net_sink comp="362" pin=0"/></net>

<net id="371"><net_src comp="130" pin="2"/><net_sink comp="368" pin=0"/></net>

<net id="376"><net_src comp="0" pin="0"/><net_sink comp="372" pin=0"/></net>

<net id="377"><net_src comp="368" pin="1"/><net_sink comp="372" pin=1"/></net>

<net id="378"><net_src comp="372" pin="2"/><net_sink comp="136" pin=1"/></net>

<net id="383"><net_src comp="50" pin="0"/><net_sink comp="379" pin=0"/></net>

<net id="388"><net_src comp="50" pin="0"/><net_sink comp="384" pin=0"/></net>

<net id="393"><net_src comp="50" pin="0"/><net_sink comp="389" pin=0"/></net>

<net id="401"><net_src comp="394" pin="1"/><net_sink comp="397" pin=0"/></net>

<net id="406"><net_src comp="394" pin="1"/><net_sink comp="402" pin=0"/></net>

<net id="407"><net_src comp="42" pin="0"/><net_sink comp="402" pin=1"/></net>

<net id="415"><net_src comp="408" pin="1"/><net_sink comp="411" pin=0"/></net>

<net id="421"><net_src comp="411" pin="2"/><net_sink comp="416" pin=0"/></net>

<net id="422"><net_src comp="50" pin="0"/><net_sink comp="416" pin=1"/></net>

<net id="423"><net_src comp="408" pin="1"/><net_sink comp="416" pin=2"/></net>

<net id="427"><net_src comp="416" pin="3"/><net_sink comp="424" pin=0"/></net>

<net id="432"><net_src comp="416" pin="3"/><net_sink comp="428" pin=0"/></net>

<net id="433"><net_src comp="42" pin="0"/><net_sink comp="428" pin=1"/></net>

<net id="438"><net_src comp="402" pin="2"/><net_sink comp="434" pin=0"/></net>

<net id="443"><net_src comp="428" pin="2"/><net_sink comp="439" pin=0"/></net>

<net id="451"><net_src comp="444" pin="1"/><net_sink comp="447" pin=0"/></net>

<net id="452"><net_src comp="42" pin="0"/><net_sink comp="447" pin=1"/></net>

<net id="458"><net_src comp="447" pin="2"/><net_sink comp="453" pin=1"/></net>

<net id="459"><net_src comp="444" pin="1"/><net_sink comp="453" pin=2"/></net>

<net id="463"><net_src comp="453" pin="3"/><net_sink comp="460" pin=0"/></net>

<net id="464"><net_src comp="460" pin="1"/><net_sink comp="160" pin=2"/></net>

<net id="465"><net_src comp="460" pin="1"/><net_sink comp="167" pin=2"/></net>

<net id="466"><net_src comp="460" pin="1"/><net_sink comp="174" pin=2"/></net>

<net id="467"><net_src comp="460" pin="1"/><net_sink comp="181" pin=2"/></net>

<net id="468"><net_src comp="460" pin="1"/><net_sink comp="188" pin=2"/></net>

<net id="469"><net_src comp="460" pin="1"/><net_sink comp="195" pin=2"/></net>

<net id="470"><net_src comp="460" pin="1"/><net_sink comp="202" pin=2"/></net>

<net id="471"><net_src comp="460" pin="1"/><net_sink comp="209" pin=2"/></net>

<net id="472"><net_src comp="460" pin="1"/><net_sink comp="216" pin=2"/></net>

<net id="473"><net_src comp="460" pin="1"/><net_sink comp="223" pin=2"/></net>

<net id="474"><net_src comp="460" pin="1"/><net_sink comp="230" pin=2"/></net>

<net id="475"><net_src comp="460" pin="1"/><net_sink comp="237" pin=2"/></net>

<net id="476"><net_src comp="460" pin="1"/><net_sink comp="244" pin=2"/></net>

<net id="477"><net_src comp="460" pin="1"/><net_sink comp="251" pin=2"/></net>

<net id="478"><net_src comp="460" pin="1"/><net_sink comp="258" pin=2"/></net>

<net id="479"><net_src comp="460" pin="1"/><net_sink comp="265" pin=2"/></net>

<net id="484"><net_src comp="453" pin="3"/><net_sink comp="480" pin=0"/></net>

<net id="488"><net_src comp="112" pin="1"/><net_sink comp="485" pin=0"/></net>

<net id="489"><net_src comp="485" pin="1"/><net_sink comp="389" pin=1"/></net>

<net id="490"><net_src comp="485" pin="1"/><net_sink comp="408" pin=0"/></net>

<net id="491"><net_src comp="485" pin="1"/><net_sink comp="439" pin=1"/></net>

<net id="495"><net_src comp="116" pin="1"/><net_sink comp="492" pin=0"/></net>

<net id="496"><net_src comp="492" pin="1"/><net_sink comp="384" pin=1"/></net>

<net id="497"><net_src comp="492" pin="1"/><net_sink comp="444" pin=0"/></net>

<net id="498"><net_src comp="492" pin="1"/><net_sink comp="480" pin=1"/></net>

<net id="502"><net_src comp="120" pin="1"/><net_sink comp="499" pin=0"/></net>

<net id="503"><net_src comp="499" pin="1"/><net_sink comp="379" pin=1"/></net>

<net id="504"><net_src comp="499" pin="1"/><net_sink comp="394" pin=0"/></net>

<net id="505"><net_src comp="499" pin="1"/><net_sink comp="434" pin=1"/></net>

<net id="509"><net_src comp="124" pin="2"/><net_sink comp="506" pin=0"/></net>

<net id="510"><net_src comp="506" pin="1"/><net_sink comp="136" pin=2"/></net>

<net id="511"><net_src comp="506" pin="1"/><net_sink comp="397" pin=1"/></net>

<net id="515"><net_src comp="372" pin="2"/><net_sink comp="512" pin=0"/></net>

<net id="516"><net_src comp="512" pin="1"/><net_sink comp="136" pin=1"/></net>

<net id="517"><net_src comp="512" pin="1"/><net_sink comp="155" pin=1"/></net>

<net id="521"><net_src comp="149" pin="2"/><net_sink comp="518" pin=0"/></net>

<net id="522"><net_src comp="518" pin="1"/><net_sink comp="411" pin=1"/></net>

<net id="529"><net_src comp="411" pin="2"/><net_sink comp="526" pin=0"/></net>

<net id="530"><net_src comp="526" pin="1"/><net_sink comp="453" pin=0"/></net>

<net id="534"><net_src comp="424" pin="1"/><net_sink comp="531" pin=0"/></net>

<net id="538"><net_src comp="155" pin="2"/><net_sink comp="535" pin=0"/></net>

<net id="539"><net_src comp="535" pin="1"/><net_sink comp="272" pin=1"/></net>

<net id="540"><net_src comp="535" pin="1"/><net_sink comp="278" pin=1"/></net>

<net id="541"><net_src comp="535" pin="1"/><net_sink comp="284" pin=1"/></net>

<net id="542"><net_src comp="535" pin="1"/><net_sink comp="290" pin=1"/></net>

<net id="543"><net_src comp="535" pin="1"/><net_sink comp="296" pin=1"/></net>

<net id="544"><net_src comp="535" pin="1"/><net_sink comp="302" pin=1"/></net>

<net id="545"><net_src comp="535" pin="1"/><net_sink comp="308" pin=1"/></net>

<net id="546"><net_src comp="535" pin="1"/><net_sink comp="314" pin=1"/></net>

<net id="547"><net_src comp="535" pin="1"/><net_sink comp="320" pin=1"/></net>

<net id="548"><net_src comp="535" pin="1"/><net_sink comp="326" pin=1"/></net>

<net id="549"><net_src comp="535" pin="1"/><net_sink comp="332" pin=1"/></net>

<net id="550"><net_src comp="535" pin="1"/><net_sink comp="338" pin=1"/></net>

<net id="551"><net_src comp="535" pin="1"/><net_sink comp="344" pin=1"/></net>

<net id="552"><net_src comp="535" pin="1"/><net_sink comp="350" pin=1"/></net>

<net id="553"><net_src comp="535" pin="1"/><net_sink comp="356" pin=1"/></net>

<net id="554"><net_src comp="535" pin="1"/><net_sink comp="362" pin=1"/></net>

</net_list>

</model> 
---------------- Datapath Model END ------------------

* FSMD analyzer results:
  - Output states:
	Port: localA | {10 }
	Port: localA_1 | {10 }
	Port: localA_2 | {10 }
	Port: localA_3 | {10 }
	Port: localA_4 | {10 }
	Port: localA_5 | {10 }
	Port: localA_6 | {10 }
	Port: localA_7 | {10 }
	Port: localA_8 | {10 }
	Port: localA_9 | {10 }
	Port: localA_10 | {10 }
	Port: localA_11 | {10 }
	Port: localA_12 | {10 }
	Port: localA_13 | {10 }
	Port: localA_14 | {10 }
	Port: localA_15 | {10 }
 - Input state : 
	Port: mmult_Pipeline_readA : gmem0 | {1 2 3 4 5 6 7 9 }
	Port: mmult_Pipeline_readA : sext_ln81 | {1 }
	Port: mmult_Pipeline_readA : mul | {1 }
	Port: mmult_Pipeline_readA : a_col | {7 }
	Port: mmult_Pipeline_readA : a | {7 }
  - Chain level:
	State 1
		gmem0_addr : 1
		p_rd_req : 2
		store_ln0 : 1
		store_ln0 : 1
		store_ln0 : 1
	State 2
	State 3
	State 4
	State 5
	State 6
	State 7
	State 8
		icmp_ln74 : 1
		add_ln74 : 1
		br_ln74 : 2
		icmp_ln77 : 1
		j_5 : 2
		trunc_ln81 : 3
		switch_ln81 : 4
		j_6 : 3
		store_ln74 : 2
		store_ln74 : 4
	State 9
	State 10
		add_ln78 : 1
		i : 2
		zext_ln81 : 3
		localA_addr : 4
		localA_1_addr : 4
		localA_2_addr : 4
		localA_3_addr : 4
		localA_4_addr : 4
		localA_5_addr : 4
		localA_6_addr : 4
		localA_7_addr : 4
		localA_8_addr : 4
		localA_9_addr : 4
		localA_10_addr : 4
		localA_11_addr : 4
		localA_12_addr : 4
		localA_13_addr : 4
		localA_14_addr : 4
		localA_15_addr : 4
		store_ln81 : 5
		store_ln81 : 5
		store_ln81 : 5
		store_ln81 : 5
		store_ln81 : 5
		store_ln81 : 5
		store_ln81 : 5
		store_ln81 : 5
		store_ln81 : 5
		store_ln81 : 5
		store_ln81 : 5
		store_ln81 : 5
		store_ln81 : 5
		store_ln81 : 5
		store_ln81 : 5
		store_ln81 : 5
		store_ln74 : 3
	State 11


============================================================
+ Verbose Summary: Datapath Resource usage 
============================================================

* Functional unit list:
|----------|-----------------------------|---------|---------|
| Operation|       Functional Unit       |    FF   |   LUT   |
|----------|-----------------------------|---------|---------|
|          |       add_ln74_fu_402       |    0    |    39   |
|    add   |          j_6_fu_428         |    0    |    39   |
|          |       add_ln78_fu_447       |    0    |    39   |
|----------|-----------------------------|---------|---------|
|  select  |          j_5_fu_416         |    0    |    32   |
|          |           i_fu_453          |    0    |    32   |
|----------|-----------------------------|---------|---------|
|   icmp   |       icmp_ln74_fu_397      |    0    |    20   |
|          |       icmp_ln77_fu_411      |    0    |    20   |
|----------|-----------------------------|---------|---------|
|          |     mul_read_read_fu_124    |    0    |    0    |
|          |  sext_ln81_read_read_fu_130 |    0    |    0    |
|   read   |        a5_read_fu_143       |    0    |    0    |
|          |    a_col_read_read_fu_149   |    0    |    0    |
|          | gmem0_addr_read_read_fu_155 |    0    |    0    |
|----------|-----------------------------|---------|---------|
|  readreq |      grp_readreq_fu_136     |    0    |    0    |
|----------|-----------------------------|---------|---------|
|   sext   |    sext_ln81_cast_fu_368    |    0    |    0    |
|----------|-----------------------------|---------|---------|
|   trunc  |      trunc_ln81_fu_424      |    0    |    0    |
|----------|-----------------------------|---------|---------|
|   zext   |       zext_ln81_fu_460      |    0    |    0    |
|----------|-----------------------------|---------|---------|
|   Total  |                             |    0    |   221   |
|----------|-----------------------------|---------|---------|

Memories:
N/A

* Register list:
+-----------------------+--------+
|                       |   FF   |
+-----------------------+--------+
|   a_col_read_reg_518  |   32   |
|gmem0_addr_read_reg_535|   32   |
|   gmem0_addr_reg_512  |   32   |
|      i_1_reg_492      |   32   |
|   icmp_ln77_reg_526   |    1   |
|       j_reg_485       |   32   |
|      loc_reg_499      |   32   |
|    mul_read_reg_506   |   32   |
|   trunc_ln81_reg_531  |    4   |
+-----------------------+--------+
|         Total         |   229  |
+-----------------------+--------+

* Multiplexer (MUX) list: 
|--------------------|------|------|------|--------||---------||---------|
|        Comp        |  Pin | Size |  BW  | S x BW ||  Delay  ||   LUT   |
|--------------------|------|------|------|--------||---------||---------|
| grp_readreq_fu_136 |  p1  |   2  |  32  |   64   ||    9    |
| grp_readreq_fu_136 |  p2  |   2  |  32  |   64   ||    9    |
|--------------------|------|------|------|--------||---------||---------|
|        Total       |      |      |      |   128  ||  0.774  ||    18   |
|--------------------|------|------|------|--------||---------||---------|



* Summary:
+-----------+--------+--------+--------+
|           |  Delay |   FF   |   LUT  |
+-----------+--------+--------+--------+
|  Function |    -   |    0   |   221  |
|   Memory  |    -   |    -   |    -   |
|Multiplexer|    0   |    -   |   18   |
|  Register |    -   |   229  |    -   |
+-----------+--------+--------+--------+
|   Total   |    0   |   229  |   239  |
+-----------+--------+--------+--------+
