XRT Build Version: 2.13.466 (2022.1)
       Build Date: 2022-04-14 17:43:11
          Hash ID: f5505e402c2ca1ffe45eb6d3a9399b23a0dc8776
Creating a default 'in-memory' xclbin image.

Section: 'BITSTREAM'(0) was successfully added.
Size   : 169944 bytes
Format : RAW
File   : '/home/ubuntu/Desktop/02-mixing-c-rtl-kernels/LabA_C_RTL_kernel/LabA_C_RTL_kernel_system_hw_link/Emulation-SW/binary_container_1.build/link/int/binary_container_1.so'

Section: 'MEM_TOPOLOGY'(6) was successfully added.
Format : JSON
File   : 'mem_topology'

Section: 'IP_LAYOUT'(8) was successfully added.
Format : JSON
File   : 'ip_layout'

Section: 'CONNECTIVITY'(7) was successfully added.
Format : JSON
File   : 'connectivity'
WARNING: Skipping CLOCK_FREQ_TOPOLOGY section for count size is zero.
WARNING: Section 'CLOCK_FREQ_TOPOLOGY' content is empty.  No data in the given JSON file.

Section: 'CLOCK_FREQ_TOPOLOGY'(11) was empty.  No action taken.
Format : JSON
File   : '/home/ubuntu/Desktop/02-mixing-c-rtl-kernels/LabA_C_RTL_kernel/LabA_C_RTL_kernel_system_hw_link/Emulation-SW/binary_container_1.build/link/int/binary_container_1_xml.rtd'

Section: 'BUILD_METADATA'(14) was successfully added.
Size   : 3255 bytes
Format : JSON
File   : '/home/ubuntu/Desktop/02-mixing-c-rtl-kernels/LabA_C_RTL_kernel/LabA_C_RTL_kernel_system_hw_link/Emulation-SW/binary_container_1.build/link/int/binary_container_1_build.rtd'

Section: 'EMBEDDED_METADATA'(2) was successfully added.
Size   : 3349 bytes
Format : RAW
File   : '/home/ubuntu/Desktop/02-mixing-c-rtl-kernels/LabA_C_RTL_kernel/LabA_C_RTL_kernel_system_hw_link/Emulation-SW/binary_container_1.build/link/int/binary_container_1.xml'

Section: 'DEBUG_DATA'(4) was successfully added.
Size   : 0 bytes
Format : RAW
File   : '/dev/null'

Section: 'SYSTEM_METADATA'(22) was successfully added.
Size   : 13270 bytes
Format : RAW
File   : '/home/ubuntu/Desktop/02-mixing-c-rtl-kernels/LabA_C_RTL_kernel/LabA_C_RTL_kernel_system_hw_link/Emulation-SW/binary_container_1.build/link/int/systemDiagramModel.json'

Section: 'PARTITION_METADATA'(20) was successfully appended to.
Format : JSON
File   : 'partition_metadata'

Section: 'IP_LAYOUT'(8) was successfully appended to.
Format : JSON
File   : 'ip_layout'
Successfully wrote (217313 bytes) to the output file: /home/ubuntu/Desktop/02-mixing-c-rtl-kernels/LabA_C_RTL_kernel/LabA_C_RTL_kernel_system_hw_link/Emulation-SW/binary_container_1.xclbin
Leaving xclbinutil.
