Fri Oct 11 23:17:14 2024: Running xcd server. This server was built by gradle.
Fri Oct 11 23:17:14 2024: Server was asked to start on port: '34341'
Fri Oct 11 23:17:14 2024: Server is using token UUID: '42d05328-9fb0-4a3d-8cc2-c177eca837b4'
Fri Oct 11 23:17:14 2024: SESSION_MGR: creating session with session uuid: '6d04a3e9-ade5-4ab9-8d63-1f78fcd2ec76' and name 'default'
Fri Oct 11 23:17:14 2024: Attempting to start server on port '34341'
Fri Oct 11 23:17:14 2024: XCD main fifo: created main fifo '/tmp/xcdmain42d05328-9fb0-4a3d-8cc2-c177eca837b4', fd read = 14
Fri Oct 11 23:17:14 2024: Running Dispatch Server
Fri Oct 11 23:17:14 2024: Version 2.2.0
Fri Oct 11 23:17:23 2024: Dispatch Server: Accepted socket connection from client
Fri Oct 11 23:17:23 2024: Starting Socket connection
Fri Oct 11 23:17:23 2024: EXCHANGE_TOKEN received, server token: 42d05328-9fb0-4a3d-8cc2-c177eca837b4, passed token: 42d05328-9fb0-4a3d-8cc2-c177eca837b4
Fri Oct 11 23:17:24 2024: DISPATCH_HANDLER: Adding handler from function makeHandler in library libxv_system_diagram
Fri Oct 11 23:17:24 2024: SESSION_MGR: creating session with session uuid: 'cedb5c3e-e95b-4d40-b066-f8d695bafca8' and name 'krnl_vadd'
Fri Oct 11 23:17:24 2024: KERNEL_SVC: creating session with uuid: 'cedb5c3e-e95b-4d40-b066-f8d695bafca8' and name 'krnl_vadd'
Fri Oct 11 23:17:24 2024: GUIDANCE_SMGR: creating guidance session with uuid: 'cedb5c3e-e95b-4d40-b066-f8d695bafca8' and name 'krnl_vadd'
Fri Oct 11 23:17:24 2024: SYSTEM_DIAGRAM: creating session with uuid: 'cedb5c3e-e95b-4d40-b066-f8d695bafca8' and name 'krnl_vadd'
Fri Oct 11 23:17:41 2024: SESSION_MGR: closing session for UUID 'cedb5c3e-e95b-4d40-b066-f8d695bafca8' with name 'krnl_vadd'
Fri Oct 11 23:17:41 2024: KERNEL_SVC: closing session for UUID 'cedb5c3e-e95b-4d40-b066-f8d695bafca8' with name 'krnl_vadd'
Fri Oct 11 23:17:41 2024: GUIDANCE_SMGR: closing session for UUID 'cedb5c3e-e95b-4d40-b066-f8d695bafca8' with name 'krnl_vadd'
Fri Oct 11 23:17:41 2024: SYSTEM_DIAGRAM: closing session for UUID 'cedb5c3e-e95b-4d40-b066-f8d695bafca8' with name 'krnl_vadd'
Fri Oct 11 23:17:41 2024: STOP_SERVER received, server token: 42d05328-9fb0-4a3d-8cc2-c177eca837b4, passed token: 42d05328-9fb0-4a3d-8cc2-c177eca837b4
Fri Oct 11 23:17:41 2024: Socket received request to stop server.
Fri Oct 11 23:17:41 2024: Dispatch Server: do_await_stop
Fri Oct 11 23:17:41 2024: Dispatch Server: stopping mainFifo_
Fri Oct 11 23:17:41 2024: XCD main fifo: Stopping
Fri Oct 11 23:17:41 2024: XCD main fifo: do_read error code: Operation canceled
Fri Oct 11 23:17:41 2024: XCD main fifo: bytes_transferred: 0
Fri Oct 11 23:17:41 2024: SERVER: destructor for server bound to port 34341
Fri Oct 11 23:17:41 2024: XCD main fifo: Good unlink of /tmp/xcdmain42d05328-9fb0-4a3d-8cc2-c177eca837b4
Fri Oct 11 23:17:41 2024: Server exiting with status 0.
Fri Oct 11 23:17:41 2024: Closing log file.
