#-----------------------------------------------------------
# Vivado v2022.1 (64-bit)
# SW Build 3526262 on Mon Apr 18 15:47:01 MDT 2022
# IP Build 3524634 on Mon Apr 18 20:55:01 MDT 2022
# Start of session at: Sat Oct 12 00:00:55 2024
# Process ID: 18560
# Current directory: /home/ubuntu/Desktop/02-mixing-c-rtl-kernels/LabA_C_RTL_kernel/LabA_C_RTL_kernel_kernels/vivado_rtl_kernel
# Command line: vivado -mode batch -source /tmp/vivado.10205117442734431201.tmp -notrace
# Log file: /home/ubuntu/Desktop/02-mixing-c-rtl-kernels/LabA_C_RTL_kernel/LabA_C_RTL_kernel_kernels/vivado_rtl_kernel/vivado.log
# Journal file: /home/ubuntu/Desktop/02-mixing-c-rtl-kernels/LabA_C_RTL_kernel/LabA_C_RTL_kernel_kernels/vivado_rtl_kernel/vivado.jou
# Running On: ubuntu2004, OS: Linux, CPU Frequency: 2688.000 MHz, CPU Physical cores: 8, Host memory: 25195 MB
#-----------------------------------------------------------
source /tmp/vivado.10205117442734431201.tmp -notrace
INFO: [IP_Flow 19-234] Refreshing IP repositories
INFO: [IP_Flow 19-1704] No user IP repositories specified
INFO: [IP_Flow 19-2313] Loaded Vivado IP repository '/tools/Xilinx/Vivado/2022.1/data/ip'.
WARNING: [Board 49-26] cannot add Board Part xilinx.com:vpk120_es:part0:1.2 available at /tools/Xilinx/Vivado/2022.1/data/xhub/boards/XilinxBoardStore/boards/Xilinx/vpk120/es/1.2/board.xml as part xcvp1202-vsva2785-2mp-e-s-es1 specified in board_part file is either invalid or not available
WARNING: [Board 49-26] cannot add Board Part xilinx.com:vpk120_es_revb:part0:1.0 available at /tools/Xilinx/Vivado/2022.1/data/xhub/boards/XilinxBoardStore/boards/Xilinx/vpk120_revb/es/1.0/board.xml as part xcvp1202-vsva2785-2mp-e-s-es1 specified in board_part file is either invalid or not available
WARNING: [Board 49-26] cannot add Board Part xilinx.com:zcu208ld:part0:2.0 available at /tools/Xilinx/Vivado/2022.1/data/xhub/boards/XilinxBoardStore/boards/Xilinx/zcu208ld/production/2.0/board.xml as part xczu58dr-fsvg1517-2-i specified in board_part file is either invalid or not available
WARNING: [Board 49-26] cannot add Board Part xilinx.com:zcu216ld:part0:2.0 available at /tools/Xilinx/Vivado/2022.1/data/xhub/boards/XilinxBoardStore/boards/Xilinx/zcu216ld/production/2.0/board.xml as part xczu59dr-ffvf1760-2-i specified in board_part file is either invalid or not available
WARNING: [Board 49-26] cannot add Board Part xilinx.com:zcu670:part0:2.0 available at /tools/Xilinx/Vivado/2022.1/data/xhub/boards/XilinxBoardStore/boards/Xilinx/zcu670/2.0/board.xml as part xczu67dr-fsve1156-2-i specified in board_part file is either invalid or not available
WARNING: [Board 49-26] cannot add Board Part xilinx.com:zcu670ld:part0:1.0 available at /tools/Xilinx/Vivado/2022.1/data/xhub/boards/XilinxBoardStore/boards/Xilinx/zcu670ld/1.0/board.xml as part xczu57dr-fsve1156-2-i specified in board_part file is either invalid or not available
create_ip -name rtl_kernel_wizard -vendor xilinx.com -library ip -version 1.0 -module_name rtl_kernel_wizard_0
create_ip: Time (s): cpu = 00:00:18 ; elapsed = 00:00:47 . Memory (MB): peak = 7908.430 ; gain = 0.000 ; free physical = 13125 ; free virtual = 21800
set_property -dict [list CONFIG.KERNEL_NAME {rtl_kernel_wizard_0} CONFIG.NUM_INPUT_ARGS {0}] [get_ips rtl_kernel_wizard_0]
generate_target {instantiation_template} [get_files /home/ubuntu/Desktop/02-mixing-c-rtl-kernels/LabA_C_RTL_kernel/LabA_C_RTL_kernel_kernels/vivado_rtl_kernel/vivado_rtl_kernel.srcs/sources_1/ip/rtl_kernel_wizard_0/rtl_kernel_wizard_0.xci]
INFO: [IP_Flow 19-1686] Generating 'Instantiation Template' target for IP 'rtl_kernel_wizard_0'...
set_property generate_synth_checkpoint false [get_files /home/ubuntu/Desktop/02-mixing-c-rtl-kernels/LabA_C_RTL_kernel/LabA_C_RTL_kernel_kernels/vivado_rtl_kernel/vivado_rtl_kernel.srcs/sources_1/ip/rtl_kernel_wizard_0/rtl_kernel_wizard_0.xci]
generate_target all [get_files /home/ubuntu/Desktop/02-mixing-c-rtl-kernels/LabA_C_RTL_kernel/LabA_C_RTL_kernel_kernels/vivado_rtl_kernel/vivado_rtl_kernel.srcs/sources_1/ip/rtl_kernel_wizard_0/rtl_kernel_wizard_0.xci]
INFO: [IP_Flow 19-1686] Generating 'Instantiation Template' target for IP 'rtl_kernel_wizard_0'...
INFO: [IP_Flow 19-1686] Generating 'Synthesis' target for IP 'rtl_kernel_wizard_0'...
INFO: [IP_Flow 19-1686] Generating 'Change Log' target for IP 'rtl_kernel_wizard_0'...
export_ip_user_files -of_objects [get_files /home/ubuntu/Desktop/02-mixing-c-rtl-kernels/LabA_C_RTL_kernel/LabA_C_RTL_kernel_kernels/vivado_rtl_kernel/vivado_rtl_kernel.srcs/sources_1/ip/rtl_kernel_wizard_0/rtl_kernel_wizard_0.xci] -no_script -sync -force -quiet
start_gui
WARNING: [Board 49-26] cannot add Board Part xilinx.com:vpk120_es:part0:1.2 available at /tools/Xilinx/Vivado/2022.1/data/xhub/boards/XilinxBoardStore/boards/Xilinx/vpk120/es/1.2/board.xml as part xcvp1202-vsva2785-2mp-e-s-es1 specified in board_part file is either invalid or not available
WARNING: [Board 49-26] cannot add Board Part xilinx.com:vpk120_es_revb:part0:1.0 available at /tools/Xilinx/Vivado/2022.1/data/xhub/boards/XilinxBoardStore/boards/Xilinx/vpk120_revb/es/1.0/board.xml as part xcvp1202-vsva2785-2mp-e-s-es1 specified in board_part file is either invalid or not available
WARNING: [Board 49-26] cannot add Board Part xilinx.com:zcu208ld:part0:2.0 available at /tools/Xilinx/Vivado/2022.1/data/xhub/boards/XilinxBoardStore/boards/Xilinx/zcu208ld/production/2.0/board.xml as part xczu58dr-fsvg1517-2-i specified in board_part file is either invalid or not available
WARNING: [Board 49-26] cannot add Board Part xilinx.com:zcu216ld:part0:2.0 available at /tools/Xilinx/Vivado/2022.1/data/xhub/boards/XilinxBoardStore/boards/Xilinx/zcu216ld/production/2.0/board.xml as part xczu59dr-ffvf1760-2-i specified in board_part file is either invalid or not available
WARNING: [Board 49-26] cannot add Board Part xilinx.com:zcu670:part0:2.0 available at /tools/Xilinx/Vivado/2022.1/data/xhub/boards/XilinxBoardStore/boards/Xilinx/zcu670/2.0/board.xml as part xczu67dr-fsve1156-2-i specified in board_part file is either invalid or not available
WARNING: [Board 49-26] cannot add Board Part xilinx.com:zcu670ld:part0:1.0 available at /tools/Xilinx/Vivado/2022.1/data/xhub/boards/XilinxBoardStore/boards/Xilinx/zcu670ld/1.0/board.xml as part xczu57dr-fsve1156-2-i specified in board_part file is either invalid or not available
open_example_project -force -dir /home/ubuntu/Desktop/02-mixing-c-rtl-kernels/LabA_C_RTL_kernel/LabA_C_RTL_kernel_kernels/vivado_rtl_kernel [get_ips rtl_kernel_wizard_0]
INFO: [IP_Flow 19-1686] Generating 'Examples' target for IP 'rtl_kernel_wizard_0'...
open_example_project: Time (s): cpu = 00:00:02 ; elapsed = 00:00:49 . Memory (MB): peak = 7943.457 ; gain = 0.000 ; free physical = 11857 ; free virtual = 20590
exit
INFO: [Common 17-206] Exiting Vivado at Sat Oct 12 00:11:52 2024...
