Sat Oct 12 00:36:16 2024: Running xcd server. This server was built by gradle.
Sat Oct 12 00:36:16 2024: Server was asked to start on port: '43269'
Sat Oct 12 00:36:16 2024: Server is using token UUID: 'a8d28f4c-4ad2-4d30-9eb3-56381a0da221'
Sat Oct 12 00:36:16 2024: SESSION_MGR: creating session with session uuid: '6d04a3e9-ade5-4ab9-8d63-1f78fcd2ec76' and name 'default'
Sat Oct 12 00:36:16 2024: Attempting to start server on port '43269'
Sat Oct 12 00:36:16 2024: XCD main fifo: created main fifo '/tmp/xcdmaina8d28f4c-4ad2-4d30-9eb3-56381a0da221', fd read = 14
Sat Oct 12 00:36:16 2024: Running Dispatch Server
Sat Oct 12 00:36:16 2024: Version 2.2.0
Sat Oct 12 00:36:25 2024: Dispatch Server: Accepted socket connection from client
Sat Oct 12 00:36:25 2024: Starting Socket connection
Sat Oct 12 00:36:25 2024: EXCHANGE_TOKEN received, server token: a8d28f4c-4ad2-4d30-9eb3-56381a0da221, passed token: a8d28f4c-4ad2-4d30-9eb3-56381a0da221
Sat Oct 12 00:36:25 2024: DISPATCH_HANDLER: Adding handler from function makeHandler in library libxv_system_diagram
Sat Oct 12 00:36:25 2024: SESSION_MGR: creating session with session uuid: '9d0a638f-9d5a-4b47-b1e2-ebc08b585e3a' and name 'link'
Sat Oct 12 00:36:25 2024: KERNEL_SVC: creating session with uuid: '9d0a638f-9d5a-4b47-b1e2-ebc08b585e3a' and name 'link'
Sat Oct 12 00:36:25 2024: GUIDANCE_SMGR: creating guidance session with uuid: '9d0a638f-9d5a-4b47-b1e2-ebc08b585e3a' and name 'link'
Sat Oct 12 00:36:25 2024: SYSTEM_DIAGRAM: creating session with uuid: '9d0a638f-9d5a-4b47-b1e2-ebc08b585e3a' and name 'link'
Sat Oct 12 00:36:33 2024: SESSION_MGR: closing session for UUID '9d0a638f-9d5a-4b47-b1e2-ebc08b585e3a' with name 'link'
Sat Oct 12 00:36:33 2024: KERNEL_SVC: closing session for UUID '9d0a638f-9d5a-4b47-b1e2-ebc08b585e3a' with name 'link'
Sat Oct 12 00:36:33 2024: GUIDANCE_SMGR: closing session for UUID '9d0a638f-9d5a-4b47-b1e2-ebc08b585e3a' with name 'link'
Sat Oct 12 00:36:33 2024: SYSTEM_DIAGRAM: closing session for UUID '9d0a638f-9d5a-4b47-b1e2-ebc08b585e3a' with name 'link'
Sat Oct 12 00:36:33 2024: STOP_SERVER received, server token: a8d28f4c-4ad2-4d30-9eb3-56381a0da221, passed token: a8d28f4c-4ad2-4d30-9eb3-56381a0da221
Sat Oct 12 00:36:33 2024: Socket received request to stop server.
Sat Oct 12 00:36:33 2024: Dispatch Server: do_await_stop
Sat Oct 12 00:36:33 2024: Dispatch Server: stopping mainFifo_
Sat Oct 12 00:36:33 2024: XCD main fifo: Stopping
Sat Oct 12 00:36:33 2024: XCD main fifo: do_read error code: Operation canceled
Sat Oct 12 00:36:33 2024: XCD main fifo: bytes_transferred: 0
Sat Oct 12 00:36:33 2024: SERVER: destructor for server bound to port 43269
Sat Oct 12 00:36:33 2024: XCD main fifo: Good unlink of /tmp/xcdmaina8d28f4c-4ad2-4d30-9eb3-56381a0da221
Sat Oct 12 00:36:33 2024: Server exiting with status 0.
Sat Oct 12 00:36:33 2024: Closing log file.
