

================================================================
== Vitis HLS Report for 'mmult_Pipeline_readB'
================================================================
* Date:           Tue Dec 24 09:46:40 2024

* Version:        2022.1 (Build 3526262 on Mon Apr 18 15:47:01 MDT 2022)
* Project:        SA_tiling
* Solution:       solution1 (Vivado IP Flow Target)
* Product family: virtexuplus
* Target device:  xcu50-fsvh2104-2-e


================================================================
== Performance Estimates
================================================================
+ Timing: 
    * Summary: 
    +--------+----------+----------+------------+
    |  Clock |  Target  | Estimated| Uncertainty|
    +--------+----------+----------+------------+
    |ap_clk  |  10.00 ns|  7.300 ns|     2.70 ns|
    +--------+----------+----------+------------+

+ Latency: 
    * Summary: 
    +---------+---------+----------+----------+-----+-----+---------+
    |  Latency (cycles) |  Latency (absolute) |  Interval | Pipeline|
    |   min   |   max   |    min   |    max   | min | max |   Type  |
    +---------+---------+----------+----------+-----+-----+---------+
    |        ?|        ?|         ?|         ?|    ?|    ?|       no|
    +---------+---------+----------+----------+-----+-----+---------+

    + Detail: 
        * Instance: 
        N/A

        * Loop: 
        +----------+---------+---------+----------+-----------+-----------+------+----------+
        |          |  Latency (cycles) | Iteration|  Initiation Interval  | Trip |          |
        | Loop Name|   min   |   max   |  Latency |  achieved |   target  | Count| Pipelined|
        +----------+---------+---------+----------+-----------+-----------+------+----------+
        |- readB   |        ?|        ?|         3|          1|          1|     ?|       yes|
        +----------+---------+---------+----------+-----------+-----------+------+----------+



================================================================
== Utilization Estimates
================================================================
* Summary: 
+---------------------+---------+------+---------+--------+-----+
|         Name        | BRAM_18K|  DSP |    FF   |   LUT  | URAM|
+---------------------+---------+------+---------+--------+-----+
|DSP                  |        -|     -|        -|       -|    -|
|Expression           |        -|     -|        0|     227|    -|
|FIFO                 |        -|     -|        -|       -|    -|
|Instance             |        -|     -|        -|       -|    -|
|Memory               |        -|     -|        -|       -|    -|
|Multiplexer          |        -|     -|        -|     117|    -|
|Register             |        -|     -|      140|       -|    -|
+---------------------+---------+------+---------+--------+-----+
|Total                |        0|     0|      140|     344|    0|
+---------------------+---------+------+---------+--------+-----+
|Available SLR        |     1344|  2976|   871680|  435840|  320|
+---------------------+---------+------+---------+--------+-----+
|Utilization SLR (%)  |        0|     0|       ~0|      ~0|    0|
+---------------------+---------+------+---------+--------+-----+
|Available            |     2688|  5952|  1743360|  871680|  640|
+---------------------+---------+------+---------+--------+-----+
|Utilization (%)      |        0|     0|       ~0|      ~0|    0|
+---------------------+---------+------+---------+--------+-----+

+ Detail: 
    * Instance: 
    N/A

    * DSP: 
    N/A

    * Memory: 
    N/A

    * FIFO: 
    N/A

    * Expression: 
    +---------------------------+----------+----+---+----+------------+------------+
    |       Variable Name       | Operation| DSP| FF| LUT| Bitwidth P0| Bitwidth P1|
    +---------------------------+----------+----+---+----+------------+------------+
    |add_ln94_fu_674_p2         |         +|   0|  0|  39|          32|           1|
    |add_ln97_fu_696_p2         |         +|   0|  0|  39|          32|           1|
    |j_3_fu_758_p2              |         +|   0|  0|  39|          32|           1|
    |ap_block_pp0_stage0_11001  |       and|   0|  0|   2|           1|           1|
    |icmp_ln94_fu_669_p2        |      icmp|   0|  0|  20|          32|          32|
    |icmp_ln96_fu_691_p2        |      icmp|   0|  0|  20|          32|          32|
    |i_2_fu_710_p3              |    select|   0|  0|  32|           1|          32|
    |j_fu_702_p3                |    select|   0|  0|  32|           1|           1|
    |ap_enable_pp0              |       xor|   0|  0|   2|           1|           2|
    |ap_enable_reg_pp0_iter1    |       xor|   0|  0|   2|           2|           1|
    +---------------------------+----------+----+---+----+------------+------------+
    |Total                      |          |   0|  0| 227|         166|         104|
    +---------------------------+----------+----+---+----+------------+------------+

    * Multiplexer: 
    +-------------------------+----+-----------+-----+-----------+
    |           Name          | LUT| Input Size| Bits| Total Bits|
    +-------------------------+----+-----------+-----+-----------+
    |ap_NS_fsm                |  54|         10|    1|         10|
    |ap_enable_reg_pp0_iter1  |   9|          2|    1|          2|
    |ap_enable_reg_pp0_iter2  |   9|          2|    1|          2|
    |gmem1_blk_n_AR           |   9|          2|    1|          2|
    |gmem1_blk_n_R            |   9|          2|    1|          2|
    |i_fu_180                 |   9|          2|   32|         64|
    |j_2_fu_176               |   9|          2|   32|         64|
    |loc_1_fu_184             |   9|          2|   32|         64|
    +-------------------------+----+-----------+-----+-----------+
    |Total                    | 117|         24|  101|        210|
    +-------------------------+----+-----------+-----+-----------+

    * Register: 
    +-------------------------+----+----+-----+-----------+
    |           Name          | FF | LUT| Bits| Const Bits|
    +-------------------------+----+----+-----+-----------+
    |ap_CS_fsm                |   9|   0|    9|          0|
    |ap_enable_reg_pp0_iter0  |   1|   0|    1|          0|
    |ap_enable_reg_pp0_iter1  |   1|   0|    1|          0|
    |ap_enable_reg_pp0_iter2  |   1|   0|    1|          0|
    |gmem1_addr_read_reg_815  |  32|   0|   32|          0|
    |i_fu_180                 |  32|   0|   32|          0|
    |j_2_fu_176               |  32|   0|   32|          0|
    |loc_1_fu_184             |  32|   0|   32|          0|
    +-------------------------+----+----+-----+-----------+
    |Total                    | 140|   0|  140|          0|
    +-------------------------+----+----+-----+-----------+



================================================================
== Interface
================================================================
* Summary: 
+----------------------+-----+-----+------------+----------------------+--------------+
|       RTL Ports      | Dir | Bits|  Protocol  |     Source Object    |    C Type    |
+----------------------+-----+-----+------------+----------------------+--------------+
|ap_clk                |   in|    1|  ap_ctrl_hs|  mmult_Pipeline_readB|  return value|
|ap_rst                |   in|    1|  ap_ctrl_hs|  mmult_Pipeline_readB|  return value|
|ap_start              |   in|    1|  ap_ctrl_hs|  mmult_Pipeline_readB|  return value|
|ap_done               |  out|    1|  ap_ctrl_hs|  mmult_Pipeline_readB|  return value|
|ap_idle               |  out|    1|  ap_ctrl_hs|  mmult_Pipeline_readB|  return value|
|ap_ready              |  out|    1|  ap_ctrl_hs|  mmult_Pipeline_readB|  return value|
|m_axi_gmem1_AWVALID   |  out|    1|       m_axi|                 gmem1|       pointer|
|m_axi_gmem1_AWREADY   |   in|    1|       m_axi|                 gmem1|       pointer|
|m_axi_gmem1_AWADDR    |  out|   64|       m_axi|                 gmem1|       pointer|
|m_axi_gmem1_AWID      |  out|    1|       m_axi|                 gmem1|       pointer|
|m_axi_gmem1_AWLEN     |  out|   32|       m_axi|                 gmem1|       pointer|
|m_axi_gmem1_AWSIZE    |  out|    3|       m_axi|                 gmem1|       pointer|
|m_axi_gmem1_AWBURST   |  out|    2|       m_axi|                 gmem1|       pointer|
|m_axi_gmem1_AWLOCK    |  out|    2|       m_axi|                 gmem1|       pointer|
|m_axi_gmem1_AWCACHE   |  out|    4|       m_axi|                 gmem1|       pointer|
|m_axi_gmem1_AWPROT    |  out|    3|       m_axi|                 gmem1|       pointer|
|m_axi_gmem1_AWQOS     |  out|    4|       m_axi|                 gmem1|       pointer|
|m_axi_gmem1_AWREGION  |  out|    4|       m_axi|                 gmem1|       pointer|
|m_axi_gmem1_AWUSER    |  out|    1|       m_axi|                 gmem1|       pointer|
|m_axi_gmem1_WVALID    |  out|    1|       m_axi|                 gmem1|       pointer|
|m_axi_gmem1_WREADY    |   in|    1|       m_axi|                 gmem1|       pointer|
|m_axi_gmem1_WDATA     |  out|   32|       m_axi|                 gmem1|       pointer|
|m_axi_gmem1_WSTRB     |  out|    4|       m_axi|                 gmem1|       pointer|
|m_axi_gmem1_WLAST     |  out|    1|       m_axi|                 gmem1|       pointer|
|m_axi_gmem1_WID       |  out|    1|       m_axi|                 gmem1|       pointer|
|m_axi_gmem1_WUSER     |  out|    1|       m_axi|                 gmem1|       pointer|
|m_axi_gmem1_ARVALID   |  out|    1|       m_axi|                 gmem1|       pointer|
|m_axi_gmem1_ARREADY   |   in|    1|       m_axi|                 gmem1|       pointer|
|m_axi_gmem1_ARADDR    |  out|   64|       m_axi|                 gmem1|       pointer|
|m_axi_gmem1_ARID      |  out|    1|       m_axi|                 gmem1|       pointer|
|m_axi_gmem1_ARLEN     |  out|   32|       m_axi|                 gmem1|       pointer|
|m_axi_gmem1_ARSIZE    |  out|    3|       m_axi|                 gmem1|       pointer|
|m_axi_gmem1_ARBURST   |  out|    2|       m_axi|                 gmem1|       pointer|
|m_axi_gmem1_ARLOCK    |  out|    2|       m_axi|                 gmem1|       pointer|
|m_axi_gmem1_ARCACHE   |  out|    4|       m_axi|                 gmem1|       pointer|
|m_axi_gmem1_ARPROT    |  out|    3|       m_axi|                 gmem1|       pointer|
|m_axi_gmem1_ARQOS     |  out|    4|       m_axi|                 gmem1|       pointer|
|m_axi_gmem1_ARREGION  |  out|    4|       m_axi|                 gmem1|       pointer|
|m_axi_gmem1_ARUSER    |  out|    1|       m_axi|                 gmem1|       pointer|
|m_axi_gmem1_RVALID    |   in|    1|       m_axi|                 gmem1|       pointer|
|m_axi_gmem1_RREADY    |  out|    1|       m_axi|                 gmem1|       pointer|
|m_axi_gmem1_RDATA     |   in|   32|       m_axi|                 gmem1|       pointer|
|m_axi_gmem1_RLAST     |   in|    1|       m_axi|                 gmem1|       pointer|
|m_axi_gmem1_RID       |   in|    1|       m_axi|                 gmem1|       pointer|
|m_axi_gmem1_RFIFONUM  |   in|    9|       m_axi|                 gmem1|       pointer|
|m_axi_gmem1_RUSER     |   in|    1|       m_axi|                 gmem1|       pointer|
|m_axi_gmem1_RRESP     |   in|    2|       m_axi|                 gmem1|       pointer|
|m_axi_gmem1_BVALID    |   in|    1|       m_axi|                 gmem1|       pointer|
|m_axi_gmem1_BREADY    |  out|    1|       m_axi|                 gmem1|       pointer|
|m_axi_gmem1_BRESP     |   in|    2|       m_axi|                 gmem1|       pointer|
|m_axi_gmem1_BID       |   in|    1|       m_axi|                 gmem1|       pointer|
|m_axi_gmem1_BUSER     |   in|    1|       m_axi|                 gmem1|       pointer|
|sext_ln100            |   in|   62|     ap_none|            sext_ln100|        scalar|
|mul56                 |   in|   32|     ap_none|                 mul56|        scalar|
|b_col                 |   in|   32|     ap_none|                 b_col|        scalar|
|b                     |   in|   64|     ap_none|                     b|        scalar|
|localB_address0       |  out|    5|   ap_memory|                localB|         array|
|localB_ce0            |  out|    1|   ap_memory|                localB|         array|
|localB_we0            |  out|    1|   ap_memory|                localB|         array|
|localB_d0             |  out|   32|   ap_memory|                localB|         array|
|localB_1_address0     |  out|    5|   ap_memory|              localB_1|         array|
|localB_1_ce0          |  out|    1|   ap_memory|              localB_1|         array|
|localB_1_we0          |  out|    1|   ap_memory|              localB_1|         array|
|localB_1_d0           |  out|   32|   ap_memory|              localB_1|         array|
|localB_2_address0     |  out|    5|   ap_memory|              localB_2|         array|
|localB_2_ce0          |  out|    1|   ap_memory|              localB_2|         array|
|localB_2_we0          |  out|    1|   ap_memory|              localB_2|         array|
|localB_2_d0           |  out|   32|   ap_memory|              localB_2|         array|
|localB_3_address0     |  out|    5|   ap_memory|              localB_3|         array|
|localB_3_ce0          |  out|    1|   ap_memory|              localB_3|         array|
|localB_3_we0          |  out|    1|   ap_memory|              localB_3|         array|
|localB_3_d0           |  out|   32|   ap_memory|              localB_3|         array|
|localB_4_address0     |  out|    5|   ap_memory|              localB_4|         array|
|localB_4_ce0          |  out|    1|   ap_memory|              localB_4|         array|
|localB_4_we0          |  out|    1|   ap_memory|              localB_4|         array|
|localB_4_d0           |  out|   32|   ap_memory|              localB_4|         array|
|localB_5_address0     |  out|    5|   ap_memory|              localB_5|         array|
|localB_5_ce0          |  out|    1|   ap_memory|              localB_5|         array|
|localB_5_we0          |  out|    1|   ap_memory|              localB_5|         array|
|localB_5_d0           |  out|   32|   ap_memory|              localB_5|         array|
|localB_6_address0     |  out|    5|   ap_memory|              localB_6|         array|
|localB_6_ce0          |  out|    1|   ap_memory|              localB_6|         array|
|localB_6_we0          |  out|    1|   ap_memory|              localB_6|         array|
|localB_6_d0           |  out|   32|   ap_memory|              localB_6|         array|
|localB_7_address0     |  out|    5|   ap_memory|              localB_7|         array|
|localB_7_ce0          |  out|    1|   ap_memory|              localB_7|         array|
|localB_7_we0          |  out|    1|   ap_memory|              localB_7|         array|
|localB_7_d0           |  out|   32|   ap_memory|              localB_7|         array|
|localB_8_address0     |  out|    5|   ap_memory|              localB_8|         array|
|localB_8_ce0          |  out|    1|   ap_memory|              localB_8|         array|
|localB_8_we0          |  out|    1|   ap_memory|              localB_8|         array|
|localB_8_d0           |  out|   32|   ap_memory|              localB_8|         array|
|localB_9_address0     |  out|    5|   ap_memory|              localB_9|         array|
|localB_9_ce0          |  out|    1|   ap_memory|              localB_9|         array|
|localB_9_we0          |  out|    1|   ap_memory|              localB_9|         array|
|localB_9_d0           |  out|   32|   ap_memory|              localB_9|         array|
|localB_10_address0    |  out|    5|   ap_memory|             localB_10|         array|
|localB_10_ce0         |  out|    1|   ap_memory|             localB_10|         array|
|localB_10_we0         |  out|    1|   ap_memory|             localB_10|         array|
|localB_10_d0          |  out|   32|   ap_memory|             localB_10|         array|
|localB_11_address0    |  out|    5|   ap_memory|             localB_11|         array|
|localB_11_ce0         |  out|    1|   ap_memory|             localB_11|         array|
|localB_11_we0         |  out|    1|   ap_memory|             localB_11|         array|
|localB_11_d0          |  out|   32|   ap_memory|             localB_11|         array|
|localB_12_address0    |  out|    5|   ap_memory|             localB_12|         array|
|localB_12_ce0         |  out|    1|   ap_memory|             localB_12|         array|
|localB_12_we0         |  out|    1|   ap_memory|             localB_12|         array|
|localB_12_d0          |  out|   32|   ap_memory|             localB_12|         array|
|localB_13_address0    |  out|    5|   ap_memory|             localB_13|         array|
|localB_13_ce0         |  out|    1|   ap_memory|             localB_13|         array|
|localB_13_we0         |  out|    1|   ap_memory|             localB_13|         array|
|localB_13_d0          |  out|   32|   ap_memory|             localB_13|         array|
|localB_14_address0    |  out|    5|   ap_memory|             localB_14|         array|
|localB_14_ce0         |  out|    1|   ap_memory|             localB_14|         array|
|localB_14_we0         |  out|    1|   ap_memory|             localB_14|         array|
|localB_14_d0          |  out|   32|   ap_memory|             localB_14|         array|
|localB_15_address0    |  out|    5|   ap_memory|             localB_15|         array|
|localB_15_ce0         |  out|    1|   ap_memory|             localB_15|         array|
|localB_15_we0         |  out|    1|   ap_memory|             localB_15|         array|
|localB_15_d0          |  out|   32|   ap_memory|             localB_15|         array|
|localB_16_address0    |  out|    5|   ap_memory|             localB_16|         array|
|localB_16_ce0         |  out|    1|   ap_memory|             localB_16|         array|
|localB_16_we0         |  out|    1|   ap_memory|             localB_16|         array|
|localB_16_d0          |  out|   32|   ap_memory|             localB_16|         array|
|localB_17_address0    |  out|    5|   ap_memory|             localB_17|         array|
|localB_17_ce0         |  out|    1|   ap_memory|             localB_17|         array|
|localB_17_we0         |  out|    1|   ap_memory|             localB_17|         array|
|localB_17_d0          |  out|   32|   ap_memory|             localB_17|         array|
|localB_18_address0    |  out|    5|   ap_memory|             localB_18|         array|
|localB_18_ce0         |  out|    1|   ap_memory|             localB_18|         array|
|localB_18_we0         |  out|    1|   ap_memory|             localB_18|         array|
|localB_18_d0          |  out|   32|   ap_memory|             localB_18|         array|
|localB_19_address0    |  out|    5|   ap_memory|             localB_19|         array|
|localB_19_ce0         |  out|    1|   ap_memory|             localB_19|         array|
|localB_19_we0         |  out|    1|   ap_memory|             localB_19|         array|
|localB_19_d0          |  out|   32|   ap_memory|             localB_19|         array|
|localB_20_address0    |  out|    5|   ap_memory|             localB_20|         array|
|localB_20_ce0         |  out|    1|   ap_memory|             localB_20|         array|
|localB_20_we0         |  out|    1|   ap_memory|             localB_20|         array|
|localB_20_d0          |  out|   32|   ap_memory|             localB_20|         array|
|localB_21_address0    |  out|    5|   ap_memory|             localB_21|         array|
|localB_21_ce0         |  out|    1|   ap_memory|             localB_21|         array|
|localB_21_we0         |  out|    1|   ap_memory|             localB_21|         array|
|localB_21_d0          |  out|   32|   ap_memory|             localB_21|         array|
|localB_22_address0    |  out|    5|   ap_memory|             localB_22|         array|
|localB_22_ce0         |  out|    1|   ap_memory|             localB_22|         array|
|localB_22_we0         |  out|    1|   ap_memory|             localB_22|         array|
|localB_22_d0          |  out|   32|   ap_memory|             localB_22|         array|
|localB_23_address0    |  out|    5|   ap_memory|             localB_23|         array|
|localB_23_ce0         |  out|    1|   ap_memory|             localB_23|         array|
|localB_23_we0         |  out|    1|   ap_memory|             localB_23|         array|
|localB_23_d0          |  out|   32|   ap_memory|             localB_23|         array|
|localB_24_address0    |  out|    5|   ap_memory|             localB_24|         array|
|localB_24_ce0         |  out|    1|   ap_memory|             localB_24|         array|
|localB_24_we0         |  out|    1|   ap_memory|             localB_24|         array|
|localB_24_d0          |  out|   32|   ap_memory|             localB_24|         array|
|localB_25_address0    |  out|    5|   ap_memory|             localB_25|         array|
|localB_25_ce0         |  out|    1|   ap_memory|             localB_25|         array|
|localB_25_we0         |  out|    1|   ap_memory|             localB_25|         array|
|localB_25_d0          |  out|   32|   ap_memory|             localB_25|         array|
|localB_26_address0    |  out|    5|   ap_memory|             localB_26|         array|
|localB_26_ce0         |  out|    1|   ap_memory|             localB_26|         array|
|localB_26_we0         |  out|    1|   ap_memory|             localB_26|         array|
|localB_26_d0          |  out|   32|   ap_memory|             localB_26|         array|
|localB_27_address0    |  out|    5|   ap_memory|             localB_27|         array|
|localB_27_ce0         |  out|    1|   ap_memory|             localB_27|         array|
|localB_27_we0         |  out|    1|   ap_memory|             localB_27|         array|
|localB_27_d0          |  out|   32|   ap_memory|             localB_27|         array|
|localB_28_address0    |  out|    5|   ap_memory|             localB_28|         array|
|localB_28_ce0         |  out|    1|   ap_memory|             localB_28|         array|
|localB_28_we0         |  out|    1|   ap_memory|             localB_28|         array|
|localB_28_d0          |  out|   32|   ap_memory|             localB_28|         array|
|localB_29_address0    |  out|    5|   ap_memory|             localB_29|         array|
|localB_29_ce0         |  out|    1|   ap_memory|             localB_29|         array|
|localB_29_we0         |  out|    1|   ap_memory|             localB_29|         array|
|localB_29_d0          |  out|   32|   ap_memory|             localB_29|         array|
|localB_30_address0    |  out|    5|   ap_memory|             localB_30|         array|
|localB_30_ce0         |  out|    1|   ap_memory|             localB_30|         array|
|localB_30_we0         |  out|    1|   ap_memory|             localB_30|         array|
|localB_30_d0          |  out|   32|   ap_memory|             localB_30|         array|
|localB_31_address0    |  out|    5|   ap_memory|             localB_31|         array|
|localB_31_ce0         |  out|    1|   ap_memory|             localB_31|         array|
|localB_31_we0         |  out|    1|   ap_memory|             localB_31|         array|
|localB_31_d0          |  out|   32|   ap_memory|             localB_31|         array|
+----------------------+-----+-----+------------+----------------------+--------------+

