Fri Oct 11 23:29:35 2024: Running xcd server. This server was built by gradle.
Fri Oct 11 23:29:35 2024: Server was asked to start on port: '33027'
Fri Oct 11 23:29:35 2024: Server is using token UUID: 'baf91b00-9310-473f-ae3c-a02185da31bf'
Fri Oct 11 23:29:35 2024: SESSION_MGR: creating session with session uuid: '6d04a3e9-ade5-4ab9-8d63-1f78fcd2ec76' and name 'default'
Fri Oct 11 23:29:35 2024: Attempting to start server on port '33027'
Fri Oct 11 23:29:35 2024: XCD main fifo: created main fifo '/tmp/xcdmainbaf91b00-9310-473f-ae3c-a02185da31bf', fd read = 14
Fri Oct 11 23:29:35 2024: Running Dispatch Server
Fri Oct 11 23:29:35 2024: Version 2.2.0
Fri Oct 11 23:29:44 2024: Dispatch Server: Accepted socket connection from client
Fri Oct 11 23:29:44 2024: Starting Socket connection
Fri Oct 11 23:29:44 2024: EXCHANGE_TOKEN received, server token: baf91b00-9310-473f-ae3c-a02185da31bf, passed token: baf91b00-9310-473f-ae3c-a02185da31bf
Fri Oct 11 23:29:44 2024: DISPATCH_HANDLER: Adding handler from function makeHandler in library libxv_system_diagram
Fri Oct 11 23:29:44 2024: SESSION_MGR: creating session with session uuid: 'ac610dbf-3bb0-4b1f-9e3b-b77805bd10e3' and name 'link'
Fri Oct 11 23:29:44 2024: KERNEL_SVC: creating session with uuid: 'ac610dbf-3bb0-4b1f-9e3b-b77805bd10e3' and name 'link'
Fri Oct 11 23:29:44 2024: GUIDANCE_SMGR: creating guidance session with uuid: 'ac610dbf-3bb0-4b1f-9e3b-b77805bd10e3' and name 'link'
Fri Oct 11 23:29:44 2024: SYSTEM_DIAGRAM: creating session with uuid: 'ac610dbf-3bb0-4b1f-9e3b-b77805bd10e3' and name 'link'
Fri Oct 11 23:30:06 2024: Dispatch Server: Accepted socket connection from client
Fri Oct 11 23:30:06 2024: Starting Socket connection
Fri Oct 11 23:30:19 2024: Dispatch Server: Accepted socket connection from client
Fri Oct 11 23:30:19 2024: Starting Socket connection
Fri Oct 11 23:34:37 2024: SESSION_MGR: closing session for UUID 'ac610dbf-3bb0-4b1f-9e3b-b77805bd10e3' with name 'link'
Fri Oct 11 23:34:37 2024: KERNEL_SVC: closing session for UUID 'ac610dbf-3bb0-4b1f-9e3b-b77805bd10e3' with name 'link'
Fri Oct 11 23:34:37 2024: GUIDANCE_SMGR: closing session for UUID 'ac610dbf-3bb0-4b1f-9e3b-b77805bd10e3' with name 'link'
Fri Oct 11 23:34:37 2024: SYSTEM_DIAGRAM: closing session for UUID 'ac610dbf-3bb0-4b1f-9e3b-b77805bd10e3' with name 'link'
Fri Oct 11 23:34:37 2024: STOP_SERVER received, server token: baf91b00-9310-473f-ae3c-a02185da31bf, passed token: baf91b00-9310-473f-ae3c-a02185da31bf
Fri Oct 11 23:34:37 2024: Socket received request to stop server.
Fri Oct 11 23:34:37 2024: Dispatch Server: do_await_stop
Fri Oct 11 23:34:37 2024: Dispatch Server: stopping mainFifo_
Fri Oct 11 23:34:37 2024: XCD main fifo: Stopping
Fri Oct 11 23:34:37 2024: XCD main fifo: do_read error code: Operation canceled
Fri Oct 11 23:34:37 2024: XCD main fifo: bytes_transferred: 0
Fri Oct 11 23:34:37 2024: SERVER: destructor for server bound to port 33027
Fri Oct 11 23:34:37 2024: XCD main fifo: Good unlink of /tmp/xcdmainbaf91b00-9310-473f-ae3c-a02185da31bf
Fri Oct 11 23:34:37 2024: Server exiting with status 0.
Fri Oct 11 23:34:37 2024: Closing log file.
