Sat Oct 12 00:44:39 2024: Running xcd server. This server was built by gradle.
Sat Oct 12 00:44:39 2024: Server was asked to start on port: '34585'
Sat Oct 12 00:44:39 2024: Server is using token UUID: '044f825a-2d5b-40bc-8957-142dbc4dbfc4'
Sat Oct 12 00:44:39 2024: SESSION_MGR: creating session with session uuid: '6d04a3e9-ade5-4ab9-8d63-1f78fcd2ec76' and name 'default'
Sat Oct 12 00:44:39 2024: Attempting to start server on port '34585'
Sat Oct 12 00:44:39 2024: XCD main fifo: created main fifo '/tmp/xcdmain044f825a-2d5b-40bc-8957-142dbc4dbfc4', fd read = 14
Sat Oct 12 00:44:39 2024: Running Dispatch Server
Sat Oct 12 00:44:39 2024: Version 2.2.0
Sat Oct 12 00:44:48 2024: Dispatch Server: Accepted socket connection from client
Sat Oct 12 00:44:48 2024: Starting Socket connection
Sat Oct 12 00:44:48 2024: EXCHANGE_TOKEN received, server token: 044f825a-2d5b-40bc-8957-142dbc4dbfc4, passed token: 044f825a-2d5b-40bc-8957-142dbc4dbfc4
Sat Oct 12 00:44:48 2024: DISPATCH_HANDLER: Adding handler from function makeHandler in library libxv_system_diagram
Sat Oct 12 00:44:48 2024: SESSION_MGR: creating session with session uuid: 'd5863b41-dc2f-4814-ad76-6d7cd24f7148' and name 'krnl_vadd'
Sat Oct 12 00:44:48 2024: KERNEL_SVC: creating session with uuid: 'd5863b41-dc2f-4814-ad76-6d7cd24f7148' and name 'krnl_vadd'
Sat Oct 12 00:44:48 2024: GUIDANCE_SMGR: creating guidance session with uuid: 'd5863b41-dc2f-4814-ad76-6d7cd24f7148' and name 'krnl_vadd'
Sat Oct 12 00:44:48 2024: SYSTEM_DIAGRAM: creating session with uuid: 'd5863b41-dc2f-4814-ad76-6d7cd24f7148' and name 'krnl_vadd'
Sat Oct 12 00:45:18 2024: SESSION_MGR: closing session for UUID 'd5863b41-dc2f-4814-ad76-6d7cd24f7148' with name 'krnl_vadd'
Sat Oct 12 00:45:18 2024: KERNEL_SVC: closing session for UUID 'd5863b41-dc2f-4814-ad76-6d7cd24f7148' with name 'krnl_vadd'
Sat Oct 12 00:45:18 2024: GUIDANCE_SMGR: closing session for UUID 'd5863b41-dc2f-4814-ad76-6d7cd24f7148' with name 'krnl_vadd'
Sat Oct 12 00:45:18 2024: SYSTEM_DIAGRAM: closing session for UUID 'd5863b41-dc2f-4814-ad76-6d7cd24f7148' with name 'krnl_vadd'
Sat Oct 12 00:45:18 2024: STOP_SERVER received, server token: 044f825a-2d5b-40bc-8957-142dbc4dbfc4, passed token: 044f825a-2d5b-40bc-8957-142dbc4dbfc4
Sat Oct 12 00:45:18 2024: Socket received request to stop server.
Sat Oct 12 00:45:18 2024: Dispatch Server: do_await_stop
Sat Oct 12 00:45:18 2024: Dispatch Server: stopping mainFifo_
Sat Oct 12 00:45:18 2024: XCD main fifo: Stopping
Sat Oct 12 00:45:18 2024: XCD main fifo: do_read error code: Operation canceled
Sat Oct 12 00:45:18 2024: XCD main fifo: bytes_transferred: 0
Sat Oct 12 00:45:18 2024: SERVER: destructor for server bound to port 34585
Sat Oct 12 00:45:18 2024: XCD main fifo: Good unlink of /tmp/xcdmain044f825a-2d5b-40bc-8957-142dbc4dbfc4
Sat Oct 12 00:45:18 2024: Server exiting with status 0.
Sat Oct 12 00:45:18 2024: Closing log file.
