Wed Oct 23 16:03:26 2024: Server was asked to start on port: '42767'
Wed Oct 23 16:03:26 2024: Server is using token UUID: '39cd4407-7a74-431a-9b73-141b19eb209c'
Wed Oct 23 16:03:26 2024: Attempting to start server on port '42767'
Wed Oct 23 16:03:26 2024: XRC main fifo: created main fifo '/tmp/xrcmain39cd4407-7a74-431a-9b73-141b19eb209c', fd read = 11
Wed Oct 23 16:03:26 2024: Running Rule Check Server
Wed Oct 23 16:03:26 2024: Version 1.6.1
Wed Oct 23 16:03:26 2024: Rule Check Server: Accepted socket connection from client
Wed Oct 23 16:03:26 2024: EXCHANGE_TOKEN received, server token: 39cd4407-7a74-431a-9b73-141b19eb209c, passed token: 39cd4407-7a74-431a-9b73-141b19eb209c
Wed Oct 23 16:04:45 2024: SESSION_MGR: creating session with session uuid: 'bbbfde2f-1343-4d24-8538-c1ceaaeb2334' and name 'Emulation-HW'
Wed Oct 23 16:04:46 2024: SESSION_MGR: closing session for UUID 'bbbfde2f-1343-4d24-8538-c1ceaaeb2334' with name 'Emulation-HW'
Wed Oct 23 16:04:48 2024: SESSION_MGR: creating session with session uuid: 'e72494f4-2917-440c-8d7f-f0f85ca358cd' and name 'Emulation-HW'
Wed Oct 23 16:04:49 2024: SESSION_MGR: closing session for UUID 'e72494f4-2917-440c-8d7f-f0f85ca358cd' with name 'Emulation-HW'
Wed Oct 23 16:04:49 2024: SESSION_MGR: creating session with session uuid: '14194dfe-6f81-4083-931a-5f86d83c5e9e' and name 'Emulation-HW'
Wed Oct 23 16:05:01 2024: Rule Check Server: Accepted socket connection from client
Wed Oct 23 16:05:07 2024: Rule Check Server: Accepted socket connection from client
Wed Oct 23 16:05:45 2024: Rule Check Server: Accepted socket connection from client
Wed Oct 23 16:09:17 2024: SESSION_MGR: closing session for UUID '14194dfe-6f81-4083-931a-5f86d83c5e9e' with name 'Emulation-HW'
Wed Oct 23 16:14:48 2024: SESSION_MGR: creating session with session uuid: '785bea8d-e67b-49ab-8893-6e67e9d4ee58' and name 'Emulation-HW'
Wed Oct 23 16:14:53 2024: SESSION_MGR: closing session for UUID '785bea8d-e67b-49ab-8893-6e67e9d4ee58' with name 'Emulation-HW'
Wed Oct 23 16:14:55 2024: SESSION_MGR: creating session with session uuid: '6f5c0804-1363-477e-b735-c11c2346af98' and name 'Emulation-HW'
Wed Oct 23 16:14:56 2024: SESSION_MGR: closing session for UUID '6f5c0804-1363-477e-b735-c11c2346af98' with name 'Emulation-HW'
Wed Oct 23 16:14:57 2024: SESSION_MGR: creating session with session uuid: '78630960-8b57-4585-aab4-9af05999578c' and name 'Emulation-HW'
Wed Oct 23 16:14:57 2024: SESSION_MGR: closing session for UUID '78630960-8b57-4585-aab4-9af05999578c' with name 'Emulation-HW'
Wed Oct 23 16:14:57 2024: SESSION_MGR: creating session with session uuid: '2d6580e0-9dc5-457c-8dcf-d1f456b8227c' and name 'Emulation-HW'
Wed Oct 23 16:14:58 2024: SESSION_MGR: closing session for UUID '2d6580e0-9dc5-457c-8dcf-d1f456b8227c' with name 'Emulation-HW'
Wed Oct 23 16:16:07 2024: SESSION_MGR: creating session with session uuid: '4184a66e-9205-41d2-b3ca-94e45c9e7025' and name 'SystemDebugger_KernelTest_system_KernelTest'
Wed Oct 23 16:16:28 2024: SESSION_MGR: closing session for UUID '4184a66e-9205-41d2-b3ca-94e45c9e7025' with name 'SystemDebugger_KernelTest_system_KernelTest'
Wed Oct 23 16:45:26 2024: STOP_SERVER received, server token: 39cd4407-7a74-431a-9b73-141b19eb209c, passed token: 39cd4407-7a74-431a-9b73-141b19eb209c
Wed Oct 23 16:45:26 2024: Socket received request to stop server.
Wed Oct 23 16:45:26 2024: SERVER: destructor for server bound to port 42767
Wed Oct 23 16:45:26 2024: XRC main fifo: Good unlink of /tmp/xrcmain39cd4407-7a74-431a-9b73-141b19eb209c
Wed Oct 23 16:45:26 2024: Server exiting with status 0.
Wed Oct 23 16:45:26 2024: Closing log file.
