#-----------------------------------------------------------
# Vivado v2022.1 (64-bit)
# SW Build 3526262 on Mon Apr 18 15:47:01 MDT 2022
# IP Build 3524634 on Mon Apr 18 20:55:01 MDT 2022
# Start of session at: Wed Oct 23 11:00:23 2024
# Process ID: 7944
# Current directory: /home/ubuntu/Desktop/2024_Fall_NTU_AAHLS_SP/LabA_01_rtl_kernel_workflow/Vivado
# Command line: vivado
# Log file: /home/ubuntu/Desktop/2024_Fall_NTU_AAHLS_SP/LabA_01_rtl_kernel_workflow/Vivado/vivado.log
# Journal file: /home/ubuntu/Desktop/2024_Fall_NTU_AAHLS_SP/LabA_01_rtl_kernel_workflow/Vivado/vivado.jou
# Running On: ubuntu2004, OS: Linux, CPU Frequency: 2688.000 MHz, CPU Physical cores: 8, Host memory: 25195 MB
#-----------------------------------------------------------
start_gui
WARNING: [Board 49-26] cannot add Board Part xilinx.com:vpk120_es:part0:1.2 available at /tools/Xilinx/Vivado/2022.1/data/xhub/boards/XilinxBoardStore/boards/Xilinx/vpk120/es/1.2/board.xml as part xcvp1202-vsva2785-2mp-e-s-es1 specified in board_part file is either invalid or not available
WARNING: [Board 49-26] cannot add Board Part xilinx.com:vpk120_es_revb:part0:1.0 available at /tools/Xilinx/Vivado/2022.1/data/xhub/boards/XilinxBoardStore/boards/Xilinx/vpk120_revb/es/1.0/board.xml as part xcvp1202-vsva2785-2mp-e-s-es1 specified in board_part file is either invalid or not available
WARNING: [Board 49-26] cannot add Board Part xilinx.com:zcu208ld:part0:2.0 available at /tools/Xilinx/Vivado/2022.1/data/xhub/boards/XilinxBoardStore/boards/Xilinx/zcu208ld/production/2.0/board.xml as part xczu58dr-fsvg1517-2-i specified in board_part file is either invalid or not available
WARNING: [Board 49-26] cannot add Board Part xilinx.com:zcu216ld:part0:2.0 available at /tools/Xilinx/Vivado/2022.1/data/xhub/boards/XilinxBoardStore/boards/Xilinx/zcu216ld/production/2.0/board.xml as part xczu59dr-ffvf1760-2-i specified in board_part file is either invalid or not available
WARNING: [Board 49-26] cannot add Board Part xilinx.com:zcu670:part0:2.0 available at /tools/Xilinx/Vivado/2022.1/data/xhub/boards/XilinxBoardStore/boards/Xilinx/zcu670/2.0/board.xml as part xczu67dr-fsve1156-2-i specified in board_part file is either invalid or not available
WARNING: [Board 49-26] cannot add Board Part xilinx.com:zcu670ld:part0:1.0 available at /tools/Xilinx/Vivado/2022.1/data/xhub/boards/XilinxBoardStore/boards/Xilinx/zcu670ld/1.0/board.xml as part xczu57dr-fsve1156-2-i specified in board_part file is either invalid or not available
WARNING: [Board 49-26] cannot add Board Part xilinx.com:vpk120_es:part0:1.2 available at /tools/Xilinx/Vivado/2022.1/data/xhub/boards/XilinxBoardStore/boards/Xilinx/vpk120/es/1.2/board.xml as part xcvp1202-vsva2785-2mp-e-s-es1 specified in board_part file is either invalid or not available
WARNING: [Board 49-26] cannot add Board Part xilinx.com:vpk120_es_revb:part0:1.0 available at /tools/Xilinx/Vivado/2022.1/data/xhub/boards/XilinxBoardStore/boards/Xilinx/vpk120_revb/es/1.0/board.xml as part xcvp1202-vsva2785-2mp-e-s-es1 specified in board_part file is either invalid or not available
WARNING: [Board 49-26] cannot add Board Part xilinx.com:zcu208ld:part0:2.0 available at /tools/Xilinx/Vivado/2022.1/data/xhub/boards/XilinxBoardStore/boards/Xilinx/zcu208ld/production/2.0/board.xml as part xczu58dr-fsvg1517-2-i specified in board_part file is either invalid or not available
WARNING: [Board 49-26] cannot add Board Part xilinx.com:zcu216ld:part0:2.0 available at /tools/Xilinx/Vivado/2022.1/data/xhub/boards/XilinxBoardStore/boards/Xilinx/zcu216ld/production/2.0/board.xml as part xczu59dr-ffvf1760-2-i specified in board_part file is either invalid or not available
WARNING: [Board 49-26] cannot add Board Part xilinx.com:zcu670:part0:2.0 available at /tools/Xilinx/Vivado/2022.1/data/xhub/boards/XilinxBoardStore/boards/Xilinx/zcu670/2.0/board.xml as part xczu67dr-fsve1156-2-i specified in board_part file is either invalid or not available
WARNING: [Board 49-26] cannot add Board Part xilinx.com:zcu670ld:part0:1.0 available at /tools/Xilinx/Vivado/2022.1/data/xhub/boards/XilinxBoardStore/boards/Xilinx/zcu670ld/1.0/board.xml as part xczu57dr-fsve1156-2-i specified in board_part file is either invalid or not available
WARNING: [Board 49-26] cannot add Board Part xilinx.com:vpk120_es:part0:1.2 available at /tools/Xilinx/Vivado/2022.1/data/xhub/boards/XilinxBoardStore/boards/Xilinx/vpk120/es/1.2/board.xml as part xcvp1202-vsva2785-2mp-e-s-es1 specified in board_part file is either invalid or not available
WARNING: [Board 49-26] cannot add Board Part xilinx.com:vpk120_es_revb:part0:1.0 available at /tools/Xilinx/Vivado/2022.1/data/xhub/boards/XilinxBoardStore/boards/Xilinx/vpk120_revb/es/1.0/board.xml as part xcvp1202-vsva2785-2mp-e-s-es1 specified in board_part file is either invalid or not available
WARNING: [Board 49-26] cannot add Board Part xilinx.com:zcu208ld:part0:2.0 available at /tools/Xilinx/Vivado/2022.1/data/xhub/boards/XilinxBoardStore/boards/Xilinx/zcu208ld/production/2.0/board.xml as part xczu58dr-fsvg1517-2-i specified in board_part file is either invalid or not available
WARNING: [Board 49-26] cannot add Board Part xilinx.com:zcu216ld:part0:2.0 available at /tools/Xilinx/Vivado/2022.1/data/xhub/boards/XilinxBoardStore/boards/Xilinx/zcu216ld/production/2.0/board.xml as part xczu59dr-ffvf1760-2-i specified in board_part file is either invalid or not available
WARNING: [Board 49-26] cannot add Board Part xilinx.com:zcu670:part0:2.0 available at /tools/Xilinx/Vivado/2022.1/data/xhub/boards/XilinxBoardStore/boards/Xilinx/zcu670/2.0/board.xml as part xczu67dr-fsve1156-2-i specified in board_part file is either invalid or not available
WARNING: [Board 49-26] cannot add Board Part xilinx.com:zcu670ld:part0:1.0 available at /tools/Xilinx/Vivado/2022.1/data/xhub/boards/XilinxBoardStore/boards/Xilinx/zcu670ld/1.0/board.xml as part xczu57dr-fsve1156-2-i specified in board_part file is either invalid or not available
WARNING: [Board 49-26] cannot add Board Part xilinx.com:vpk120_es:part0:1.2 available at /tools/Xilinx/Vivado/2022.1/data/xhub/boards/XilinxBoardStore/boards/Xilinx/vpk120/es/1.2/board.xml as part xcvp1202-vsva2785-2mp-e-s-es1 specified in board_part file is either invalid or not available
WARNING: [Board 49-26] cannot add Board Part xilinx.com:vpk120_es_revb:part0:1.0 available at /tools/Xilinx/Vivado/2022.1/data/xhub/boards/XilinxBoardStore/boards/Xilinx/vpk120_revb/es/1.0/board.xml as part xcvp1202-vsva2785-2mp-e-s-es1 specified in board_part file is either invalid or not available
WARNING: [Board 49-26] cannot add Board Part xilinx.com:zcu208ld:part0:2.0 available at /tools/Xilinx/Vivado/2022.1/data/xhub/boards/XilinxBoardStore/boards/Xilinx/zcu208ld/production/2.0/board.xml as part xczu58dr-fsvg1517-2-i specified in board_part file is either invalid or not available
WARNING: [Board 49-26] cannot add Board Part xilinx.com:zcu216ld:part0:2.0 available at /tools/Xilinx/Vivado/2022.1/data/xhub/boards/XilinxBoardStore/boards/Xilinx/zcu216ld/production/2.0/board.xml as part xczu59dr-ffvf1760-2-i specified in board_part file is either invalid or not available
WARNING: [Board 49-26] cannot add Board Part xilinx.com:zcu670:part0:2.0 available at /tools/Xilinx/Vivado/2022.1/data/xhub/boards/XilinxBoardStore/boards/Xilinx/zcu670/2.0/board.xml as part xczu67dr-fsve1156-2-i specified in board_part file is either invalid or not available
WARNING: [Board 49-26] cannot add Board Part xilinx.com:zcu670ld:part0:1.0 available at /tools/Xilinx/Vivado/2022.1/data/xhub/boards/XilinxBoardStore/boards/Xilinx/zcu670ld/1.0/board.xml as part xczu57dr-fsve1156-2-i specified in board_part file is either invalid or not available
create_project 01_rtl_kernel_workflow /home/ubuntu/Desktop/2024_Fall_NTU_AAHLS_SP/LabA_01_rtl_kernel_workflow/Vivado/01_rtl_kernel_workflow -part xcu50-fsvh2104-2-e
INFO: [IP_Flow 19-234] Refreshing IP repositories
INFO: [IP_Flow 19-1704] No user IP repositories specified
INFO: [IP_Flow 19-2313] Loaded Vivado IP repository '/tools/Xilinx/Vivado/2022.1/data/ip'.
set_property board_part xilinx.com:au50:part0:1.0 [current_project]
add_files {/home/ubuntu/Desktop/2024_Fall_NTU_AAHLS_SP/LabA_01_rtl_kernel_workflow/reference-files/src/IP/Vadd_A_B_control_s_axi.v /home/ubuntu/Desktop/2024_Fall_NTU_AAHLS_SP/LabA_01_rtl_kernel_workflow/reference-files/src/IP/B_axi_read_master.sv /home/ubuntu/Desktop/2024_Fall_NTU_AAHLS_SP/LabA_01_rtl_kernel_workflow/reference-files/src/IP/Vadd_A_B_example_vadd.sv /home/ubuntu/Desktop/2024_Fall_NTU_AAHLS_SP/LabA_01_rtl_kernel_workflow/reference-files/src/IP/Vadd_B.sv /home/ubuntu/Desktop/2024_Fall_NTU_AAHLS_SP/LabA_01_rtl_kernel_workflow/reference-files/src/IP/Vadd_A_B_example_counter.sv /home/ubuntu/Desktop/2024_Fall_NTU_AAHLS_SP/LabA_01_rtl_kernel_workflow/reference-files/src/IP/Vadd_A_B_example_axi_write_master.sv /home/ubuntu/Desktop/2024_Fall_NTU_AAHLS_SP/LabA_01_rtl_kernel_workflow/reference-files/src/IP/Vadd_A_B_example_adder.v /home/ubuntu/Desktop/2024_Fall_NTU_AAHLS_SP/LabA_01_rtl_kernel_workflow/reference-files/src/IP/Vadd_A_B.v /home/ubuntu/Desktop/2024_Fall_NTU_AAHLS_SP/LabA_01_rtl_kernel_workflow/reference-files/src/IP/Vadd_A_B_example.sv /home/ubuntu/Desktop/2024_Fall_NTU_AAHLS_SP/LabA_01_rtl_kernel_workflow/reference-files/src/IP/A_axi_read_master.sv}
update_compile_order -fileset sources_1
update_compile_order -fileset sources_1
ipx::package_project -root_dir /home/ubuntu/Desktop/2024_Fall_NTU_AAHLS_SP/LabA_01_rtl_kernel_workflow/reference-files/src/IP -vendor user.org -library user -taxonomy /UserIP
INFO: [IP_Flow 19-5654] Module 'Vadd_A_B' uses SystemVerilog sources with a Verilog top file. These SystemVerilog files will not be analysed by the packager.
INFO: [IP_Flow 19-5107] Inferred bus interface 'm00_axi' of definition 'xilinx.com:interface:aximm:1.0' (from Xilinx Repository).
INFO: [IP_Flow 19-5107] Inferred bus interface 'm01_axi' of definition 'xilinx.com:interface:aximm:1.0' (from Xilinx Repository).
INFO: [IP_Flow 19-5107] Inferred bus interface 's_axi_control' of definition 'xilinx.com:interface:aximm:1.0' (from Xilinx Repository).
INFO: [IP_Flow 19-5107] Inferred bus interface 'ap_clk' of definition 'xilinx.com:signal:clock:1.0' (from Xilinx Repository).
INFO: [IP_Flow 19-5107] Inferred bus interface 'interrupt' of definition 'xilinx.com:signal:interrupt:1.0' (from Xilinx Repository).
INFO: [IP_Flow 19-4728] Bus Interface 'interrupt': Added interface parameter 'SENSITIVITY' with value 'LEVEL_HIGH'.
WARNING: [IP_Flow 19-3158] Bus Interface 'm00_axi': FREQ_HZ bus parameter missing from AXI interface when interface is not associated to a clock.
WARNING: [IP_Flow 19-3158] Bus Interface 'm01_axi': FREQ_HZ bus parameter missing from AXI interface when interface is not associated to a clock.
WARNING: [IP_Flow 19-3158] Bus Interface 's_axi_control': FREQ_HZ bus parameter missing from AXI interface when interface is not associated to a clock.
WARNING: [IP_Flow 19-5661] Bus Interface 'ap_clk' does not have any bus interfaces associated with it.
INFO: [IP_Flow 19-2181] Payment Required is not set for this core.
INFO: [IP_Flow 19-2187] The Product Guide file is missing.
set_property ipi_drc {ignore_freq_hz false} [ipx::current_core]
set_property sdx_kernel true [ipx::current_core]
set_property sdx_kernel_type rtl [ipx::current_core]
set_property vitis_drc {ctrl_protocol ap_ctrl_hs} [ipx::current_core]
set_property sdx_kernel false [ipx::current_core]
set_property sdx_kernel_type {} [ipx::current_core]
set_property vitis_drc {} [ipx::current_core]
set_property sdx_kernel true [ipx::current_core]
set_property sdx_kernel_type rtl [ipx::current_core]
set_property vitis_drc {ctrl_protocol ap_ctrl_hs} [ipx::current_core]
set_property sdx_kernel false [ipx::current_core]
set_property sdx_kernel_type {} [ipx::current_core]
set_property vitis_drc {} [ipx::current_core]
set_property sdx_kernel true [ipx::current_core]
set_property sdx_kernel_type rtl [ipx::current_core]
set_property vitis_drc {ctrl_protocol ap_ctrl_hs} [ipx::current_core]
set_property sdx_kernel false [ipx::current_core]
set_property sdx_kernel_type {} [ipx::current_core]
set_property vitis_drc {} [ipx::current_core]
set_property sdx_kernel true [ipx::current_core]
set_property sdx_kernel_type rtl [ipx::current_core]
set_property vitis_drc {ctrl_protocol ap_ctrl_hs} [ipx::current_core]
set_property ipi_drc {ignore_freq_hz true} [ipx::current_core]
ipx::associate_bus_interfaces -busif m00_axi -clock ap_clk [ipx::current_core]
INFO: [IP_Flow 19-4728] Bus Interface 'ap_clk': Added interface parameter 'ASSOCIATED_BUSIF' with value 'm00_axi'.
ipx::associate_bus_interfaces -busif m01_axi -clock ap_clk [ipx::current_core]
ipx::associate_bus_interfaces -busif s_axi_control -clock ap_clk [ipx::current_core]
ipx::add_register USER_CTRL [ipx::get_address_blocks reg0 -of_objects [ipx::get_memory_maps s_axi_control -of_objects [ipx::current_core]]]
ipx::add_register scalar00 [ipx::get_address_blocks reg0 -of_objects [ipx::get_memory_maps s_axi_control -of_objects [ipx::current_core]]]
ipx::add_register A [ipx::get_address_blocks reg0 -of_objects [ipx::get_memory_maps s_axi_control -of_objects [ipx::current_core]]]
ipx::add_register B [ipx::get_address_blocks reg0 -of_objects [ipx::get_memory_maps s_axi_control -of_objects [ipx::current_core]]]
set_property description {Control Signals} [ipx::get_registers USER_CTRL -of_objects [ipx::get_address_blocks reg0 -of_objects [ipx::get_memory_maps s_axi_control -of_objects [ipx::current_core]]]]
set_property description {Scalar Values} [ipx::get_registers scalar00 -of_objects [ipx::get_address_blocks reg0 -of_objects [ipx::get_memory_maps s_axi_control -of_objects [ipx::current_core]]]]
set_property description {pointer arguments} [ipx::get_registers A -of_objects [ipx::get_address_blocks reg0 -of_objects [ipx::get_memory_maps s_axi_control -of_objects [ipx::current_core]]]]
set_property description {pointer arguments} [ipx::get_registers B -of_objects [ipx::get_address_blocks reg0 -of_objects [ipx::get_memory_maps s_axi_control -of_objects [ipx::current_core]]]]
set_property address_offset 0x000 [ipx::get_registers USER_CTRL -of_objects [ipx::get_address_blocks reg0 -of_objects [ipx::get_memory_maps s_axi_control -of_objects [ipx::current_core]]]]
set_property address_offset 0x010 [ipx::get_registers scalar00 -of_objects [ipx::get_address_blocks reg0 -of_objects [ipx::get_memory_maps s_axi_control -of_objects [ipx::current_core]]]]
set_property address_offset 0x018 [ipx::get_registers A -of_objects [ipx::get_address_blocks reg0 -of_objects [ipx::get_memory_maps s_axi_control -of_objects [ipx::current_core]]]]
set_property address_offset 0x024 [ipx::get_registers B -of_objects [ipx::get_address_blocks reg0 -of_objects [ipx::get_memory_maps s_axi_control -of_objects [ipx::current_core]]]]
set_property size 32 [ipx::get_registers USER_CTRL -of_objects [ipx::get_address_blocks reg0 -of_objects [ipx::get_memory_maps s_axi_control -of_objects [ipx::current_core]]]]
set_property size 32 [ipx::get_registers scalar00 -of_objects [ipx::get_address_blocks reg0 -of_objects [ipx::get_memory_maps s_axi_control -of_objects [ipx::current_core]]]]
set_property size 64 [ipx::get_registers A -of_objects [ipx::get_address_blocks reg0 -of_objects [ipx::get_memory_maps s_axi_control -of_objects [ipx::current_core]]]]
set_property size 64 [ipx::get_registers B -of_objects [ipx::get_address_blocks reg0 -of_objects [ipx::get_memory_maps s_axi_control -of_objects [ipx::current_core]]]]
ipx::add_register_parameter ASSOCIATED_BUSIF [ipx::get_registers A -of_objects [ipx::get_address_blocks reg0 -of_objects [ipx::get_memory_maps s_axi_control -of_objects [ipx::current_core]]]]
ipx::add_register_parameter ASSOCIATED_BUSIF [ipx::get_registers B -of_objects [ipx::get_address_blocks reg0 -of_objects [ipx::get_memory_maps s_axi_control -of_objects [ipx::current_core]]]]
set_property value m00_axi [ipx::get_register_parameters ASSOCIATED_BUSIF -of_objects [ipx::get_registers A -of_objects [ipx::get_address_blocks reg0 -of_objects [ipx::get_memory_maps s_axi_control -of_objects [ipx::current_core]]]]]
set_property value m01_axi [ipx::get_register_parameters ASSOCIATED_BUSIF -of_objects [ipx::get_registers B -of_objects [ipx::get_address_blocks reg0 -of_objects [ipx::get_memory_maps s_axi_control -of_objects [ipx::current_core]]]]]
ipx::associate_bus_interfaces -busif m00_axi -clock ap_clk [ipx::current_core]
ipx::associate_bus_interfaces -busif m01_axi -clock ap_clk [ipx::current_core]
ipx::associate_bus_interfaces -busif s_axi_control -clock ap_clk [ipx::current_core]
set_property vitis_drc {ctrl_protocol user_managed} [ipx::current_core]
ipx::add_bus_parameter FREQ_TOLERANCE_HZ [ipx::get_bus_interfaces ap_clk -of_objects [ipx::current_core]]
set_property value -1 [ipx::get_bus_parameters FREQ_TOLERANCE_HZ -of_objects [ipx::get_bus_interfaces ap_clk -of_objects [ipx::current_core]]]
INFO: [Ipptcl 7-1560] FREQ_TOLERANCE_HZ set to -1 for bus inteface ap_clk
set_property core_revision 2 [ipx::current_core]
ipx::create_xgui_files [ipx::current_core]
ipx::update_checksums [ipx::current_core]
ipx::check_integrity -kernel [ipx::current_core]
INFO: [IP_Flow 19-2181] Payment Required is not set for this core.
INFO: [IP_Flow 19-2187] The Product Guide file is missing.
INFO: [Ipptcl 7-1486] check_integrity: Integrity check passed.
ipx::save_core [ipx::current_core]
package_xo  -xo_path /home/ubuntu/Desktop/2024_Fall_NTU_AAHLS_SP/LabA_01_rtl_kernel_workflow/reference-files/src/xo/Vadd_A_B.xo -kernel_name Vadd_A_B -ip_directory /home/ubuntu/Desktop/2024_Fall_NTU_AAHLS_SP/LabA_01_rtl_kernel_workflow/reference-files/src/IP -ctrl_protocol user_managed
WARNING: [Vivado 12-4404] The CPU emulation flow in v++ is only supported when using a packaged XO file that contains C-model files, none were found.
INFO: [IP_Flow 19-2181] Payment Required is not set for this core.
INFO: [IP_Flow 19-2187] The Product Guide file is missing.
INFO: [Ipptcl 7-1486] check_integrity: Integrity check passed.
set_property  ip_repo_paths  /home/ubuntu/Desktop/2024_Fall_NTU_AAHLS_SP/LabA_01_rtl_kernel_workflow/reference-files/src/IP [current_project]
update_ip_catalog
INFO: [IP_Flow 19-234] Refreshing IP repositories
INFO: [IP_Flow 19-1700] Loaded user IP repository '/home/ubuntu/Desktop/2024_Fall_NTU_AAHLS_SP/LabA_01_rtl_kernel_workflow/reference-files/src/IP'.
ipx::check_integrity -quiet -kernel [ipx::current_core]
ipx::archive_core /home/ubuntu/Desktop/2024_Fall_NTU_AAHLS_SP/LabA_01_rtl_kernel_workflow/reference-files/src/IP/user.org_user_Vadd_A_B_1.0.zip [ipx::current_core]
exit
INFO: [Common 17-206] Exiting Vivado at Wed Oct 23 11:24:48 2024...
