INFO: [v++ 60-1306] Additional information associated with this v++ link can be found at:
	Reports: /home/ubuntu/Desktop/02-mixing-c-rtl-kernels/LabA_C_RTL_kernel/LabA_C_RTL_kernel_system_hw_link/Emulation-HW/binary_container_1.build/reports/link
	Log files: /home/ubuntu/Desktop/02-mixing-c-rtl-kernels/LabA_C_RTL_kernel/LabA_C_RTL_kernel_system_hw_link/Emulation-HW/binary_container_1.build/logs/link
INFO: [v++ 60-1548] Creating build summary session with primary output /home/ubuntu/Desktop/02-mixing-c-rtl-kernels/LabA_C_RTL_kernel/LabA_C_RTL_kernel_system_hw_link/Emulation-HW/binary_container_1.xclbin.link_summary, at Sat Oct 12 00:47:35 2024
INFO: [v++ 60-1316] Initiating connection to rulecheck server, at Sat Oct 12 00:47:35 2024
INFO: [v++ 60-895]   Target platform: /opt/xilinx/platforms/xilinx_u50_gen3x16_xdma_5_202210_1/xilinx_u50_gen3x16_xdma_5_202210_1.xpfm
INFO: [v++ 60-1578]   This platform contains Xilinx Shell Archive '/opt/xilinx/platforms/xilinx_u50_gen3x16_xdma_5_202210_1/hw_emu/hw_emu.xsa'
INFO: [v++ 74-78] Compiler Version string: 2022.1
INFO: [v++ 60-629] Linking for hardware emulation target
INFO: [v++ 60-423]   Target device: xilinx_u50_gen3x16_xdma_5_202210_1
INFO: [v++ 60-1332] Run 'run_link' status: Not started
INFO: [v++ 60-1443] [00:47:39] Run run_link: Step system_link: Started
INFO: [v++ 60-1453] Command Line: system_link --xo /home/ubuntu/Desktop/02-mixing-c-rtl-kernels/LabA_C_RTL_kernel/LabA_C_RTL_kernel_kernels/Emulation-HW/build/krnl_vadd.xo --xo /home/ubuntu/Desktop/02-mixing-c-rtl-kernels/LabA_C_RTL_kernel/LabA_C_RTL_kernel_kernels/src/vitis_rtl_kernel/rtl_kernel_wizard_0/rtl_kernel_wizard_0.xo -keep --config /home/ubuntu/Desktop/02-mixing-c-rtl-kernels/LabA_C_RTL_kernel/LabA_C_RTL_kernel_system_hw_link/Emulation-HW/binary_container_1.build/link/int/syslinkConfig.ini --xpfm /opt/xilinx/platforms/xilinx_u50_gen3x16_xdma_5_202210_1/xilinx_u50_gen3x16_xdma_5_202210_1.xpfm --target emu --output_dir /home/ubuntu/Desktop/02-mixing-c-rtl-kernels/LabA_C_RTL_kernel/LabA_C_RTL_kernel_system_hw_link/Emulation-HW/binary_container_1.build/link/int --temp_dir /home/ubuntu/Desktop/02-mixing-c-rtl-kernels/LabA_C_RTL_kernel/LabA_C_RTL_kernel_system_hw_link/Emulation-HW/binary_container_1.build/link/sys_link
INFO: [v++ 60-1454] Run Directory: /home/ubuntu/Desktop/02-mixing-c-rtl-kernels/LabA_C_RTL_kernel/LabA_C_RTL_kernel_system_hw_link/Emulation-HW/binary_container_1.build/link/run_link
INFO: [SYSTEM_LINK 60-1316] Initiating connection to rulecheck server, at Sat Oct 12 00:47:41 2024
INFO: [SYSTEM_LINK 82-70] Extracting xo v3 file /home/ubuntu/Desktop/02-mixing-c-rtl-kernels/LabA_C_RTL_kernel/LabA_C_RTL_kernel_kernels/Emulation-HW/build/krnl_vadd.xo
INFO: [SYSTEM_LINK 82-70] Extracting xo v3 file /home/ubuntu/Desktop/02-mixing-c-rtl-kernels/LabA_C_RTL_kernel/LabA_C_RTL_kernel_kernels/src/vitis_rtl_kernel/rtl_kernel_wizard_0/rtl_kernel_wizard_0.xo
INFO: [SYSTEM_LINK 82-53] Creating IP database /home/ubuntu/Desktop/02-mixing-c-rtl-kernels/LabA_C_RTL_kernel/LabA_C_RTL_kernel_system_hw_link/Emulation-HW/binary_container_1.build/link/sys_link/_sysl/.cdb/xd_ip_db.xml
INFO: [SYSTEM_LINK 82-38] [00:47:41] build_xd_ip_db started: /tools/Xilinx/Vitis/2022.1/bin/build_xd_ip_db -ip_search 0  -sds-pf /home/ubuntu/Desktop/02-mixing-c-rtl-kernels/LabA_C_RTL_kernel/LabA_C_RTL_kernel_system_hw_link/Emulation-HW/binary_container_1.build/link/sys_link/hw_emu.hpfm -clkid 0 -ip /home/ubuntu/Desktop/02-mixing-c-rtl-kernels/LabA_C_RTL_kernel/LabA_C_RTL_kernel_system_hw_link/Emulation-HW/binary_container_1.build/link/sys_link/iprepo/xilinx_com_hls_krnl_vadd_1_0,krnl_vadd -ip /home/ubuntu/Desktop/02-mixing-c-rtl-kernels/LabA_C_RTL_kernel/LabA_C_RTL_kernel_system_hw_link/Emulation-HW/binary_container_1.build/link/sys_link/iprepo/mycompany_com_kernel_rtl_kernel_wizard_0_1_0,rtl_kernel_wizard_0 -o /home/ubuntu/Desktop/02-mixing-c-rtl-kernels/LabA_C_RTL_kernel/LabA_C_RTL_kernel_system_hw_link/Emulation-HW/binary_container_1.build/link/sys_link/_sysl/.cdb/xd_ip_db.xml
INFO: [SYSTEM_LINK 82-37] [00:47:47] build_xd_ip_db finished successfully
Time (s): cpu = 00:00:08 ; elapsed = 00:00:06 . Memory (MB): peak = 2270.609 ; gain = 610.719 ; free physical = 12278 ; free virtual = 21221
INFO: [SYSTEM_LINK 82-51] Create system connectivity graph
INFO: [SYSTEM_LINK 82-102] Applying explicit connections to the system connectivity graph: /home/ubuntu/Desktop/02-mixing-c-rtl-kernels/LabA_C_RTL_kernel/LabA_C_RTL_kernel_system_hw_link/Emulation-HW/binary_container_1.build/link/sys_link/cfgraph/cfgen_cfgraph.xml
INFO: [SYSTEM_LINK 82-38] [00:47:47] cfgen started: /tools/Xilinx/Vitis/2022.1/bin/cfgen  -nk krnl_vadd:1:krnl_vadd_1 -nk rtl_kernel_wizard_0:1:rtl_kernel_wizard_0_1 -dmclkid 0 -r /home/ubuntu/Desktop/02-mixing-c-rtl-kernels/LabA_C_RTL_kernel/LabA_C_RTL_kernel_system_hw_link/Emulation-HW/binary_container_1.build/link/sys_link/_sysl/.cdb/xd_ip_db.xml -o /home/ubuntu/Desktop/02-mixing-c-rtl-kernels/LabA_C_RTL_kernel/LabA_C_RTL_kernel_system_hw_link/Emulation-HW/binary_container_1.build/link/sys_link/cfgraph/cfgen_cfgraph.xml
INFO: [CFGEN 83-0] Kernel Specs: 
INFO: [CFGEN 83-0]   kernel: krnl_vadd, num: 1  {krnl_vadd_1}
INFO: [CFGEN 83-0]   kernel: rtl_kernel_wizard_0, num: 1  {rtl_kernel_wizard_0_1}
INFO: [CFGEN 83-2226] Inferring mapping for argument krnl_vadd_1.a to HBM[0]
INFO: [CFGEN 83-2226] Inferring mapping for argument krnl_vadd_1.b to HBM[0]
INFO: [CFGEN 83-2226] Inferring mapping for argument krnl_vadd_1.c to HBM[0]
INFO: [CFGEN 83-2226] Inferring mapping for argument rtl_kernel_wizard_0_1.axi00_ptr0 to HBM[0]
INFO: [SYSTEM_LINK 82-37] [00:47:50] cfgen finished successfully
Time (s): cpu = 00:00:03 ; elapsed = 00:00:03 . Memory (MB): peak = 2270.609 ; gain = 0.000 ; free physical = 12268 ; free virtual = 21211
INFO: [SYSTEM_LINK 82-52] Create top-level block diagram
INFO: [SYSTEM_LINK 82-38] [00:47:50] cf2bd started: /tools/Xilinx/Vitis/2022.1/bin/cf2bd  --linux --trace_buffer 1024 --input_file /home/ubuntu/Desktop/02-mixing-c-rtl-kernels/LabA_C_RTL_kernel/LabA_C_RTL_kernel_system_hw_link/Emulation-HW/binary_container_1.build/link/sys_link/cfgraph/cfgen_cfgraph.xml --ip_db /home/ubuntu/Desktop/02-mixing-c-rtl-kernels/LabA_C_RTL_kernel/LabA_C_RTL_kernel_system_hw_link/Emulation-HW/binary_container_1.build/link/sys_link/_sysl/.cdb/xd_ip_db.xml --cf_name dr --working_dir /home/ubuntu/Desktop/02-mixing-c-rtl-kernels/LabA_C_RTL_kernel/LabA_C_RTL_kernel_system_hw_link/Emulation-HW/binary_container_1.build/link/sys_link/_sysl/.xsd --temp_dir /home/ubuntu/Desktop/02-mixing-c-rtl-kernels/LabA_C_RTL_kernel/LabA_C_RTL_kernel_system_hw_link/Emulation-HW/binary_container_1.build/link/sys_link --output_dir /home/ubuntu/Desktop/02-mixing-c-rtl-kernels/LabA_C_RTL_kernel/LabA_C_RTL_kernel_system_hw_link/Emulation-HW/binary_container_1.build/link/int
INFO: [CF2BD 82-31] Launching cf2xd: cf2xd -linux -trace-buffer 1024 -i /home/ubuntu/Desktop/02-mixing-c-rtl-kernels/LabA_C_RTL_kernel/LabA_C_RTL_kernel_system_hw_link/Emulation-HW/binary_container_1.build/link/sys_link/cfgraph/cfgen_cfgraph.xml -r /home/ubuntu/Desktop/02-mixing-c-rtl-kernels/LabA_C_RTL_kernel/LabA_C_RTL_kernel_system_hw_link/Emulation-HW/binary_container_1.build/link/sys_link/_sysl/.cdb/xd_ip_db.xml -o dr.xml
INFO: [CF2BD 82-28] cf2xd finished successfully
INFO: [CF2BD 82-31] Launching cf_xsd: cf_xsd -disable-address-gen -dn dr -dp /home/ubuntu/Desktop/02-mixing-c-rtl-kernels/LabA_C_RTL_kernel/LabA_C_RTL_kernel_system_hw_link/Emulation-HW/binary_container_1.build/link/sys_link/_sysl/.xsd
INFO: [CF2BD 82-28] cf_xsd finished successfully
INFO: [SYSTEM_LINK 82-37] [00:47:53] cf2bd finished successfully
Time (s): cpu = 00:00:02 ; elapsed = 00:00:03 . Memory (MB): peak = 2270.609 ; gain = 0.000 ; free physical = 12250 ; free virtual = 21198
INFO: [v++ 60-1441] [00:47:53] Run run_link: Step system_link: Completed
Time (s): cpu = 00:00:15 ; elapsed = 00:00:13 . Memory (MB): peak = 2209.051 ; gain = 0.000 ; free physical = 12294 ; free virtual = 21242
INFO: [v++ 60-1443] [00:47:53] Run run_link: Step cf2sw: Started
INFO: [v++ 60-1453] Command Line: cf2sw -sdsl /home/ubuntu/Desktop/02-mixing-c-rtl-kernels/LabA_C_RTL_kernel/LabA_C_RTL_kernel_system_hw_link/Emulation-HW/binary_container_1.build/link/int/sdsl.dat -rtd /home/ubuntu/Desktop/02-mixing-c-rtl-kernels/LabA_C_RTL_kernel/LabA_C_RTL_kernel_system_hw_link/Emulation-HW/binary_container_1.build/link/int/cf2sw.rtd -nofilter /home/ubuntu/Desktop/02-mixing-c-rtl-kernels/LabA_C_RTL_kernel/LabA_C_RTL_kernel_system_hw_link/Emulation-HW/binary_container_1.build/link/int/cf2sw_full.rtd -xclbin /home/ubuntu/Desktop/02-mixing-c-rtl-kernels/LabA_C_RTL_kernel/LabA_C_RTL_kernel_system_hw_link/Emulation-HW/binary_container_1.build/link/int/xclbin_orig.xml -o /home/ubuntu/Desktop/02-mixing-c-rtl-kernels/LabA_C_RTL_kernel/LabA_C_RTL_kernel_system_hw_link/Emulation-HW/binary_container_1.build/link/int/xclbin_orig.1.xml
INFO: [v++ 60-1454] Run Directory: /home/ubuntu/Desktop/02-mixing-c-rtl-kernels/LabA_C_RTL_kernel/LabA_C_RTL_kernel_system_hw_link/Emulation-HW/binary_container_1.build/link/run_link
INFO: [v++ 60-1441] [00:47:56] Run run_link: Step cf2sw: Completed
Time (s): cpu = 00:00:03 ; elapsed = 00:00:03 . Memory (MB): peak = 2209.051 ; gain = 0.000 ; free physical = 12301 ; free virtual = 21249
INFO: [v++ 60-1443] [00:47:56] Run run_link: Step rtd2_system_diagram: Started
INFO: [v++ 60-1453] Command Line: rtd2SystemDiagram
INFO: [v++ 60-1454] Run Directory: /home/ubuntu/Desktop/02-mixing-c-rtl-kernels/LabA_C_RTL_kernel/LabA_C_RTL_kernel_system_hw_link/Emulation-HW/binary_container_1.build/link/run_link
INFO: [v++ 60-1441] [00:47:56] Run run_link: Step rtd2_system_diagram: Completed
Time (s): cpu = 00:00:00 ; elapsed = 00:00:00.27 . Memory (MB): peak = 2209.051 ; gain = 0.000 ; free physical = 12286 ; free virtual = 21234
INFO: [v++ 60-1443] [00:47:56] Run run_link: Step vpl: Started
INFO: [v++ 60-1453] Command Line: vpl -t hw_emu -f xilinx_u50_gen3x16_xdma_5_202210_1 -g --remote_ip_cache /home/ubuntu/Desktop/02-mixing-c-rtl-kernels/LabA_C_RTL_kernel/ip_cache -s --output_dir /home/ubuntu/Desktop/02-mixing-c-rtl-kernels/LabA_C_RTL_kernel/LabA_C_RTL_kernel_system_hw_link/Emulation-HW/binary_container_1.build/link/int --log_dir /home/ubuntu/Desktop/02-mixing-c-rtl-kernels/LabA_C_RTL_kernel/LabA_C_RTL_kernel_system_hw_link/Emulation-HW/binary_container_1.build/logs/link --report_dir /home/ubuntu/Desktop/02-mixing-c-rtl-kernels/LabA_C_RTL_kernel/LabA_C_RTL_kernel_system_hw_link/Emulation-HW/binary_container_1.build/reports/link --config /home/ubuntu/Desktop/02-mixing-c-rtl-kernels/LabA_C_RTL_kernel/LabA_C_RTL_kernel_system_hw_link/Emulation-HW/binary_container_1.build/link/int/vplConfig.ini -k /home/ubuntu/Desktop/02-mixing-c-rtl-kernels/LabA_C_RTL_kernel/LabA_C_RTL_kernel_system_hw_link/Emulation-HW/binary_container_1.build/link/int/kernel_info.dat --webtalk_flag Vitis --temp_dir /home/ubuntu/Desktop/02-mixing-c-rtl-kernels/LabA_C_RTL_kernel/LabA_C_RTL_kernel_system_hw_link/Emulation-HW/binary_container_1.build/link --emulation_mode debug_waveform --no-info --iprepo /home/ubuntu/Desktop/02-mixing-c-rtl-kernels/LabA_C_RTL_kernel/LabA_C_RTL_kernel_system_hw_link/Emulation-HW/binary_container_1.build/link/int/xo/ip_repo/mycompany_com_kernel_rtl_kernel_wizard_0_1_0 --iprepo /home/ubuntu/Desktop/02-mixing-c-rtl-kernels/LabA_C_RTL_kernel/LabA_C_RTL_kernel_system_hw_link/Emulation-HW/binary_container_1.build/link/int/xo/ip_repo/xilinx_com_hls_krnl_vadd_1_0 --messageDb /home/ubuntu/Desktop/02-mixing-c-rtl-kernels/LabA_C_RTL_kernel/LabA_C_RTL_kernel_system_hw_link/Emulation-HW/binary_container_1.build/link/run_link/vpl.pb /home/ubuntu/Desktop/02-mixing-c-rtl-kernels/LabA_C_RTL_kernel/LabA_C_RTL_kernel_system_hw_link/Emulation-HW/binary_container_1.build/link/int/dr.bd.tcl
INFO: [v++ 60-1454] Run Directory: /home/ubuntu/Desktop/02-mixing-c-rtl-kernels/LabA_C_RTL_kernel/LabA_C_RTL_kernel_system_hw_link/Emulation-HW/binary_container_1.build/link/run_link

****** vpl v2022.1 (64-bit)
  **** SW Build 3524075 on 2022-04-13-17:42:45
    ** Copyright 1986-2022 Xilinx, Inc. All Rights Reserved.

INFO: [VPL 60-839] Read in kernel information from file '/home/ubuntu/Desktop/02-mixing-c-rtl-kernels/LabA_C_RTL_kernel/LabA_C_RTL_kernel_system_hw_link/Emulation-HW/binary_container_1.build/link/int/kernel_info.dat'.
INFO: [VPL 74-78] Compiler Version string: 2022.1
INFO: [VPL 60-423]   Target device: xilinx_u50_gen3x16_xdma_5_202210_1
INFO: [VPL 60-1032] Extracting hardware platform to /home/ubuntu/Desktop/02-mixing-c-rtl-kernels/LabA_C_RTL_kernel/LabA_C_RTL_kernel_system_hw_link/Emulation-HW/binary_container_1.build/link/vivado/vpl/.local/hw_platform
[00:48:10] Run vpl: Step create_project: Started
Creating Vivado project.
[00:48:28] Run vpl: Step create_project: Completed
[00:48:28] Run vpl: Step create_bd: Started
[00:48:37] Run vpl: Step create_bd: Completed
[00:48:37] Run vpl: Step update_bd: Started
[00:48:40] Run vpl: Step update_bd: Completed
[00:48:40] Run vpl: Step generate_target: Started
[00:50:00] Run vpl: Step generate_target: RUNNING...
[00:50:09] Run vpl: Step generate_target: Completed
[00:50:09] Run vpl: Step config_hw_emu.gen_scripts: Started
[00:50:38] Run vpl: Step config_hw_emu.gen_scripts: Completed
[00:50:38] Run vpl: Step config_hw_emu.compile: Started
[00:52:00] Run vpl: Step config_hw_emu.compile: RUNNING...
[00:52:14] Run vpl: Step config_hw_emu.compile: Completed
[00:52:14] Run vpl: Step config_hw_emu.elaborate: Started
[00:52:39] Run vpl: Step config_hw_emu.elaborate: Completed
[00:52:40] Run vpl: FINISHED. Run Status: config_hw_emu.elaborate Complete!
INFO: [v++ 60-1441] [00:52:40] Run run_link: Step vpl: Completed
Time (s): cpu = 00:00:11 ; elapsed = 00:04:44 . Memory (MB): peak = 2209.051 ; gain = 0.000 ; free physical = 10805 ; free virtual = 20719
INFO: [v++ 60-1443] [00:52:40] Run run_link: Step rtdgen: Started
INFO: [v++ 60-1453] Command Line: rtdgen
INFO: [v++ 60-1454] Run Directory: /home/ubuntu/Desktop/02-mixing-c-rtl-kernels/LabA_C_RTL_kernel/LabA_C_RTL_kernel_system_hw_link/Emulation-HW/binary_container_1.build/link/run_link
INFO: [v++ 60-991] clock name 'kernel_clk/clk' (clock ID '0') is being mapped to clock name 'DATA_CLK' in the xclbin
INFO: [v++ 60-1230] The compiler selected the following frequencies for the runtime controllable kernel clock(s) and scalable system clock(s): Kernel (DATA) clock: kernel_clk/clk = 300, Kernel (KERNEL) clock: kernel_clk/clk = 300
INFO: [v++ 60-1453] Command Line: cf2sw -a /home/ubuntu/Desktop/02-mixing-c-rtl-kernels/LabA_C_RTL_kernel/LabA_C_RTL_kernel_system_hw_link/Emulation-HW/binary_container_1.build/link/int/address_map.xml -sdsl /home/ubuntu/Desktop/02-mixing-c-rtl-kernels/LabA_C_RTL_kernel/LabA_C_RTL_kernel_system_hw_link/Emulation-HW/binary_container_1.build/link/int/sdsl.dat -xclbin /home/ubuntu/Desktop/02-mixing-c-rtl-kernels/LabA_C_RTL_kernel/LabA_C_RTL_kernel_system_hw_link/Emulation-HW/binary_container_1.build/link/int/xclbin_orig.xml -rtd /home/ubuntu/Desktop/02-mixing-c-rtl-kernels/LabA_C_RTL_kernel/LabA_C_RTL_kernel_system_hw_link/Emulation-HW/binary_container_1.build/link/int/binary_container_1.rtd -o /home/ubuntu/Desktop/02-mixing-c-rtl-kernels/LabA_C_RTL_kernel/LabA_C_RTL_kernel_system_hw_link/Emulation-HW/binary_container_1.build/link/int/binary_container_1.xml
INFO: [v++ 60-1652] Cf2sw returned exit code: 0
WARNING: [v++ 60-1455] Debuggable symbols are not generated successfully, clean up /home/ubuntu/Desktop/02-mixing-c-rtl-kernels/LabA_C_RTL_kernel/LabA_C_RTL_kernel_system_hw_link/Emulation-HW/binary_container_1.build/link/int/consolidated.cf
INFO: [v++ 60-1441] [00:52:47] Run run_link: Step rtdgen: Completed
Time (s): cpu = 00:00:05 ; elapsed = 00:00:07 . Memory (MB): peak = 2209.051 ; gain = 0.000 ; free physical = 11011 ; free virtual = 20966
INFO: [v++ 60-1443] [00:52:47] Run run_link: Step xclbinutil: Started
INFO: [v++ 60-1453] Command Line: xclbinutil --add-section DEBUG_IP_LAYOUT:JSON:/home/ubuntu/Desktop/02-mixing-c-rtl-kernels/LabA_C_RTL_kernel/LabA_C_RTL_kernel_system_hw_link/Emulation-HW/binary_container_1.build/link/int/debug_ip_layout.rtd --add-section BITSTREAM:RAW:/home/ubuntu/Desktop/02-mixing-c-rtl-kernels/LabA_C_RTL_kernel/LabA_C_RTL_kernel_system_hw_link/Emulation-HW/binary_container_1.build/link/int/behav.xse --force --target hw_emu --key-value SYS:dfx_enable:false --add-section :JSON:/home/ubuntu/Desktop/02-mixing-c-rtl-kernels/LabA_C_RTL_kernel/LabA_C_RTL_kernel_system_hw_link/Emulation-HW/binary_container_1.build/link/int/binary_container_1.rtd --add-section CLOCK_FREQ_TOPOLOGY:JSON:/home/ubuntu/Desktop/02-mixing-c-rtl-kernels/LabA_C_RTL_kernel/LabA_C_RTL_kernel_system_hw_link/Emulation-HW/binary_container_1.build/link/int/binary_container_1_xml.rtd --add-section BUILD_METADATA:JSON:/home/ubuntu/Desktop/02-mixing-c-rtl-kernels/LabA_C_RTL_kernel/LabA_C_RTL_kernel_system_hw_link/Emulation-HW/binary_container_1.build/link/int/binary_container_1_build.rtd --add-section EMBEDDED_METADATA:RAW:/home/ubuntu/Desktop/02-mixing-c-rtl-kernels/LabA_C_RTL_kernel/LabA_C_RTL_kernel_system_hw_link/Emulation-HW/binary_container_1.build/link/int/binary_container_1.xml --add-section SYSTEM_METADATA:RAW:/home/ubuntu/Desktop/02-mixing-c-rtl-kernels/LabA_C_RTL_kernel/LabA_C_RTL_kernel_system_hw_link/Emulation-HW/binary_container_1.build/link/int/systemDiagramModelSlrBaseAddress.json --key-value SYS:PlatformVBNV:xilinx_u50_gen3x16_xdma_5_202210_1 --output /home/ubuntu/Desktop/02-mixing-c-rtl-kernels/LabA_C_RTL_kernel/LabA_C_RTL_kernel_system_hw_link/Emulation-HW/binary_container_1.xclbin
INFO: [v++ 60-1454] Run Directory: /home/ubuntu/Desktop/02-mixing-c-rtl-kernels/LabA_C_RTL_kernel/LabA_C_RTL_kernel_system_hw_link/Emulation-HW/binary_container_1.build/link/run_link
XRT Build Version: 2.13.466 (2022.1)
       Build Date: 2022-04-14 17:43:11
          Hash ID: f5505e402c2ca1ffe45eb6d3a9399b23a0dc8776
Creating a default 'in-memory' xclbin image.

Section: 'DEBUG_IP_LAYOUT'(9) was successfully added.
Size   : 872 bytes
Format : JSON
File   : '/home/ubuntu/Desktop/02-mixing-c-rtl-kernels/LabA_C_RTL_kernel/LabA_C_RTL_kernel_system_hw_link/Emulation-HW/binary_container_1.build/link/int/debug_ip_layout.rtd'

Section: 'BITSTREAM'(0) was successfully added.
Size   : 42793526 bytes
Format : RAW
File   : '/home/ubuntu/Desktop/02-mixing-c-rtl-kernels/LabA_C_RTL_kernel/LabA_C_RTL_kernel_system_hw_link/Emulation-HW/binary_container_1.build/link/int/behav.xse'

Section: 'MEM_TOPOLOGY'(6) was successfully added.
Format : JSON
File   : 'mem_topology'

Section: 'IP_LAYOUT'(8) was successfully added.
Format : JSON
File   : 'ip_layout'

Section: 'CONNECTIVITY'(7) was successfully added.
Format : JSON
File   : 'connectivity'

Section: 'CLOCK_FREQ_TOPOLOGY'(11) was successfully added.
Size   : 274 bytes
Format : JSON
File   : '/home/ubuntu/Desktop/02-mixing-c-rtl-kernels/LabA_C_RTL_kernel/LabA_C_RTL_kernel_system_hw_link/Emulation-HW/binary_container_1.build/link/int/binary_container_1_xml.rtd'

Section: 'BUILD_METADATA'(14) was successfully added.
Size   : 3415 bytes
Format : JSON
File   : '/home/ubuntu/Desktop/02-mixing-c-rtl-kernels/LabA_C_RTL_kernel/LabA_C_RTL_kernel_system_hw_link/Emulation-HW/binary_container_1.build/link/int/binary_container_1_build.rtd'

Section: 'EMBEDDED_METADATA'(2) was successfully added.
Size   : 4293 bytes
Format : RAW
File   : '/home/ubuntu/Desktop/02-mixing-c-rtl-kernels/LabA_C_RTL_kernel/LabA_C_RTL_kernel_system_hw_link/Emulation-HW/binary_container_1.build/link/int/binary_container_1.xml'

Section: 'SYSTEM_METADATA'(22) was successfully added.
Size   : 22983 bytes
Format : RAW
File   : '/home/ubuntu/Desktop/02-mixing-c-rtl-kernels/LabA_C_RTL_kernel/LabA_C_RTL_kernel_system_hw_link/Emulation-HW/binary_container_1.build/link/int/systemDiagramModelSlrBaseAddress.json'
Successfully wrote (42845059 bytes) to the output file: /home/ubuntu/Desktop/02-mixing-c-rtl-kernels/LabA_C_RTL_kernel/LabA_C_RTL_kernel_system_hw_link/Emulation-HW/binary_container_1.xclbin
Leaving xclbinutil.
INFO: [v++ 60-1441] [00:52:47] Run run_link: Step xclbinutil: Completed
Time (s): cpu = 00:00:00.12 ; elapsed = 00:00:00.22 . Memory (MB): peak = 2209.051 ; gain = 0.000 ; free physical = 10970 ; free virtual = 20966
INFO: [v++ 60-1443] [00:52:47] Run run_link: Step xclbinutilinfo: Started
INFO: [v++ 60-1453] Command Line: xclbinutil --quiet --force --info /home/ubuntu/Desktop/02-mixing-c-rtl-kernels/LabA_C_RTL_kernel/LabA_C_RTL_kernel_system_hw_link/Emulation-HW/binary_container_1.xclbin.info --input /home/ubuntu/Desktop/02-mixing-c-rtl-kernels/LabA_C_RTL_kernel/LabA_C_RTL_kernel_system_hw_link/Emulation-HW/binary_container_1.xclbin
INFO: [v++ 60-1454] Run Directory: /home/ubuntu/Desktop/02-mixing-c-rtl-kernels/LabA_C_RTL_kernel/LabA_C_RTL_kernel_system_hw_link/Emulation-HW/binary_container_1.build/link/run_link
INFO: [v++ 60-1441] [00:52:48] Run run_link: Step xclbinutilinfo: Completed
Time (s): cpu = 00:00:00.19 ; elapsed = 00:00:00.43 . Memory (MB): peak = 2209.051 ; gain = 0.000 ; free physical = 10963 ; free virtual = 20959
INFO: [v++ 60-1443] [00:52:48] Run run_link: Step generate_sc_driver: Started
INFO: [v++ 60-1453] Command Line: 
INFO: [v++ 60-1454] Run Directory: /home/ubuntu/Desktop/02-mixing-c-rtl-kernels/LabA_C_RTL_kernel/LabA_C_RTL_kernel_system_hw_link/Emulation-HW/binary_container_1.build/link/run_link
INFO: [v++ 60-1441] [00:52:48] Run run_link: Step generate_sc_driver: Completed
Time (s): cpu = 00:00:00 ; elapsed = 00:00:00 . Memory (MB): peak = 2209.051 ; gain = 0.000 ; free physical = 10963 ; free virtual = 20959
INFO: [v++ 60-244] Generating system estimate report...
INFO: [v++ 60-1092] Generated system estimate report: /home/ubuntu/Desktop/02-mixing-c-rtl-kernels/LabA_C_RTL_kernel/LabA_C_RTL_kernel_system_hw_link/Emulation-HW/binary_container_1.build/reports/link/system_estimate_binary_container_1.xtxt
INFO: [v++ 60-586] Created binary_container_1.xclbin
INFO: [v++ 60-1307] Run completed. Additional information can be found in:
	Steps Log File: /home/ubuntu/Desktop/02-mixing-c-rtl-kernels/LabA_C_RTL_kernel/LabA_C_RTL_kernel_system_hw_link/Emulation-HW/binary_container_1.build/logs/link/link.steps.log

INFO: [v++ 60-2343] Use the vitis_analyzer tool to visualize and navigate the relevant reports. Run the following command. 
    vitis_analyzer /home/ubuntu/Desktop/02-mixing-c-rtl-kernels/LabA_C_RTL_kernel/LabA_C_RTL_kernel_system_hw_link/Emulation-HW/binary_container_1.xclbin.link_summary 
INFO: [v++ 60-791] Total elapsed time: 0h 5m 23s
