23:54:05 DEBUG : Logs will be stored at '/home/ubuntu/Desktop/02-mixing-c-rtl-kernels/LabA_C_RTL_kernel/IDE.log'.
23:54:07 INFO  : Launching XSCT server: xsct -n  -interactive /home/ubuntu/Desktop/02-mixing-c-rtl-kernels/LabA_C_RTL_kernel/temp_xsdb_launch_script.tcl
23:54:07 INFO  : Registering command handlers for Vitis TCF services
23:54:07 INFO  : Platform repository initialization has completed.
23:54:09 INFO  : XSCT server has started successfully.
23:54:09 INFO  : Successfully done setting XSCT server connection channel  
23:54:09 INFO  : Successfully done query RDI_DATADIR 
23:54:09 INFO  : plnx-install-location is set to ''
23:54:09 INFO  : Successfully done setting workspace for the tool. 
00:31:46 INFO  : Added binary container 'binary_container_1' in project 'LabA_C_RTL_kernel_system_hw_link'
00:31:46 INFO  : Added kernel '[krnl_vadd - LabA_C_RTL_kernel_kernels/src/krnl_vadd.cpp]' in binary container 'binary_container_1' of project 'LabA_C_RTL_kernel_system_hw_link'
00:31:46 INFO  : Added kernel '[rtl_kernel_wizard_0 - LabA_C_RTL_kernel_kernels/src/vitis_rtl_kernel/rtl_kernel_wizard_0/rtl_kernel_wizard_0.xo]' in binary container 'binary_container_1' of project 'LabA_C_RTL_kernel_system_hw_link'
00:44:13 INFO  : Launching executable: Emulation-SW/LabA_C_RTL_kernel Xilinx xilinx_u50_gen3x16_xdma_5_202210_1 ${project_loc:LabA_C_RTL_kernel_system}/Emulation-SW/binary_container_1.xclbin
00:44:33 INFO  : Build configuration of 'LabA_C_RTL_kernel_system' is updated to 'Hardware'
00:44:33 INFO  : Build configuration of system project is automatically updated to 'Hardware'.
00:44:33 INFO  : Build configuration of 'LabA_C_RTL_kernel_system_hw_link' is updated to 'Hardware'
00:44:33 INFO  : Build configuration of 'LabA_C_RTL_kernel' is updated to 'Hardware'
00:44:34 INFO  : Build configuration of 'LabA_C_RTL_kernel_system' is updated to 'Emulation-HW'
00:44:34 INFO  : Build configuration of system project is automatically updated to 'Emulation-HW'.
00:44:34 INFO  : Build configuration of 'LabA_C_RTL_kernel_system_hw_link' is updated to 'Emulation-HW'
00:44:34 INFO  : Build configuration of 'LabA_C_RTL_kernel' is updated to 'Emulation-HW'
00:54:57 INFO  : Launching executable: Emulation-HW/LabA_C_RTL_kernel Xilinx xilinx_u50_gen3x16_xdma_5_202210_1 ${project_loc:LabA_C_RTL_kernel_system}/Emulation-HW/binary_container_1.xclbin
00:58:35 INFO  : Build configuration of 'LabA_C_RTL_kernel_system' is updated to 'Emulation-SW'
00:58:35 INFO  : Build configuration of system project is automatically updated to 'Emulation-SW'.
00:58:35 INFO  : Build configuration of 'LabA_C_RTL_kernel_system_hw_link' is updated to 'Emulation-SW'
00:58:35 INFO  : Build configuration of 'LabA_C_RTL_kernel_kernels' is updated to 'Emulation-SW'
00:58:48 INFO  : Launching executable: Emulation-SW/LabA_C_RTL_kernel Xilinx xilinx_u50_gen3x16_xdma_5_202210_1 ${project_loc:LabA_C_RTL_kernel_system}/Emulation-SW/binary_container_1.xclbin
00:59:24 INFO  : Build configuration of 'LabA_C_RTL_kernel_system' is updated to 'Emulation-HW'
00:59:24 INFO  : Build configuration of system project is automatically updated to 'Emulation-HW'.
00:59:24 INFO  : Build configuration of 'LabA_C_RTL_kernel_system_hw_link' is updated to 'Emulation-HW'
00:59:25 INFO  : Build configuration of 'LabA_C_RTL_kernel' is updated to 'Emulation-HW'
00:59:39 INFO  : Launching executable: Emulation-HW/LabA_C_RTL_kernel Xilinx xilinx_u50_gen3x16_xdma_5_202210_1 ${project_loc:LabA_C_RTL_kernel_system}/Emulation-HW/binary_container_1.xclbin
01:06:26 INFO  : Launching executable: Emulation-HW/LabA_C_RTL_kernel Xilinx xilinx_u50_gen3x16_xdma_5_202210_1 ${project_loc:LabA_C_RTL_kernel_system}/Emulation-HW/binary_container_1.xclbin
01:07:15 INFO  : Build configuration of 'LabA_C_RTL_kernel_system' is updated to 'Emulation-SW'
01:07:15 INFO  : Build configuration of system project is automatically updated to 'Emulation-SW'.
01:07:15 INFO  : Build configuration of 'LabA_C_RTL_kernel_system_hw_link' is updated to 'Emulation-SW'
01:07:15 INFO  : Build configuration of 'LabA_C_RTL_kernel' is updated to 'Emulation-SW'
01:07:22 INFO  : Launching executable: Emulation-SW/LabA_C_RTL_kernel Xilinx xilinx_u50_gen3x16_xdma_5_202210_1 ${project_loc:LabA_C_RTL_kernel_system}/Emulation-SW/binary_container_1.xclbin
01:46:02 INFO  : Build configuration of 'LabA_C_RTL_kernel_system' is updated to 'Emulation-HW'
01:46:02 INFO  : Build configuration of system project is automatically updated to 'Emulation-HW'.
01:46:02 INFO  : Build configuration of 'LabA_C_RTL_kernel_system_hw_link' is updated to 'Emulation-HW'
01:46:02 INFO  : Build configuration of 'LabA_C_RTL_kernel' is updated to 'Emulation-HW'
01:46:06 INFO  : Launching executable: Emulation-HW/LabA_C_RTL_kernel Xilinx xilinx_u50_gen3x16_xdma_5_202210_1 ${project_loc:LabA_C_RTL_kernel_system}/Emulation-HW/binary_container_1.xclbin
01:52:42 DEBUG : Logs will be stored at '/home/ubuntu/Desktop/02-mixing-c-rtl-kernels/LabA_C_RTL_kernel/IDE.log'.
01:52:43 INFO  : Launching XSCT server: xsct -n  -interactive /home/ubuntu/Desktop/02-mixing-c-rtl-kernels/LabA_C_RTL_kernel/temp_xsdb_launch_script.tcl
01:52:44 INFO  : Platform repository initialization has completed.
01:52:45 INFO  : XSCT server has started successfully.
01:52:45 INFO  : plnx-install-location is set to ''
01:52:45 INFO  : Successfully done setting XSCT server connection channel  
01:52:45 INFO  : Successfully done setting workspace for the tool. 
01:52:45 INFO  : Successfully done query RDI_DATADIR 
01:52:46 INFO  : Registering command handlers for Vitis TCF services
02:05:51 DEBUG : Logs will be stored at '/home/ubuntu/Desktop/02-mixing-c-rtl-kernels/LabA_C_RTL_kernel/IDE.log'.
02:05:52 INFO  : Launching XSCT server: xsct -n  -interactive /home/ubuntu/Desktop/02-mixing-c-rtl-kernels/LabA_C_RTL_kernel/temp_xsdb_launch_script.tcl
02:05:54 INFO  : Platform repository initialization has completed.
02:05:54 INFO  : XSCT server has started successfully.
02:05:54 INFO  : Successfully done setting XSCT server connection channel  
02:05:54 INFO  : plnx-install-location is set to ''
02:05:54 INFO  : Successfully done setting workspace for the tool. 
02:05:55 INFO  : Successfully done query RDI_DATADIR 
02:05:55 INFO  : Registering command handlers for Vitis TCF services
02:11:55 DEBUG : Logs will be stored at '/home/ubuntu/Desktop/02-mixing-c-rtl-kernels/LabA_C_RTL_kernel/IDE.log'.
02:11:56 INFO  : Launching XSCT server: xsct -n  -interactive /home/ubuntu/Desktop/02-mixing-c-rtl-kernels/LabA_C_RTL_kernel/temp_xsdb_launch_script.tcl
02:11:57 INFO  : Platform repository initialization has completed.
02:11:58 INFO  : XSCT server has started successfully.
02:11:58 INFO  : Successfully done setting XSCT server connection channel  
02:11:58 INFO  : plnx-install-location is set to ''
02:11:58 INFO  : Successfully done setting workspace for the tool. 
02:11:59 INFO  : Successfully done query RDI_DATADIR 
02:11:59 INFO  : Registering command handlers for Vitis TCF services
16:00:16 DEBUG : Logs will be stored at '/home/ubuntu/Desktop/2024_Fall_NTU_AAHLS_SP/LabA_02-mixing-c-rtl-kernels/LabA_C_RTL_kernel/IDE.log'.
16:00:17 INFO  : Launching XSCT server: xsct -n  -interactive /home/ubuntu/Desktop/2024_Fall_NTU_AAHLS_SP/LabA_02-mixing-c-rtl-kernels/LabA_C_RTL_kernel/temp_xsdb_launch_script.tcl
16:00:21 INFO  : XSCT server has started successfully.
16:00:21 INFO  : Successfully done setting XSCT server connection channel  
16:00:21 INFO  : plnx-install-location is set to ''
16:00:21 INFO  : Successfully done setting workspace for the tool. 
16:00:23 INFO  : Platform repository initialization has completed.
16:00:25 INFO  : Successfully done query RDI_DATADIR 
16:00:26 INFO  : Registering command handlers for Vitis TCF services
